This file contains any messages produced by compilers while
running configure, to aid debugging if configure makes a mistake.

It was created by configure, which was
generated by GNU Autoconf 2.59.  Invocation command line was

  $ ./configure --target=arm-linux-uclibc --host=arm-linux-uclibc --build=i486-linux-gnu

## --------- ##
## Platform. ##
## --------- ##

hostname = localhost.localdomain
uname -m = i686
uname -r = 2.6.31.5-127.fc12.i686.PAE
uname -s = Linux
uname -v = #1 SMP Sat Nov 7 21:25:57 EST 2009

/usr/bin/uname -p = unknown
/bin/uname -X     = unknown

/bin/arch              = i686
/usr/bin/arch -k       = unknown
/usr/convex/getsysinfo = unknown
hostinfo               = unknown
/bin/machine           = unknown
/usr/bin/oslevel       = unknown
/bin/universe          = unknown

PATH: /opt/buildroot-gcc463_NPTLSHAREDLIBGCC//usr/bin/
PATH: /home/disk2/eason/eason_disk3/R6950_1042/sc_trunk/tools/
PATH: /usr/lib/qt-3.3/bin
PATH: /usr/kerberos/sbin
PATH: /usr/kerberos/bin
PATH: /usr/lib/ccache
PATH: /usr/local/bin
PATH: /bin
PATH: /usr/bin
PATH: /usr/local/sbin
PATH: /usr/sbin
PATH: /sbin


## ----------- ##
## Core tests. ##
## ----------- ##

configure:1344: checking for a BSD-compatible install
configure:1399: result: /usr/bin/install -c
configure:1410: checking whether build environment is sane
configure:1453: result: yes
configure:1477: WARNING: `missing' script is too old or missing
configure:1510: checking for gawk
configure:1526: found /bin/gawk
configure:1536: result: gawk
configure:1546: checking whether make sets $(MAKE)
configure:1566: result: yes
configure:1645: checking for arm-linux-uclibc-strip
configure:1671: result: mipsel-linux-strip
configure:1748: checking for arm-linux-uclibc-gcc
configure:1774: result: mipsel-linux-gcc
configure:2056: checking for C compiler version
configure:2059: mipsel-linux-gcc --version </dev/null >&5
mipsel-linux-gcc (Buildroot 2012.11.1) 4.6.3
Copyright (C) 2011 Free Software Foundation, Inc.
This is free software; see the source for copying conditions.  There is NO
warranty; not even for MERCHANTABILITY or FITNESS FOR A PARTICULAR PURPOSE.

configure:2062: $? = 0
configure:2064: mipsel-linux-gcc -v </dev/null >&5
Using built-in specs.
COLLECT_GCC=mipsel-linux-gcc
COLLECT_LTO_WRAPPER=/opt/buildroot-gcc463_NPTLSHAREDLIBGCC/usr/libexec/gcc/mipsel-buildroot-linux-uclibc/4.6.3/lto-wrapper
Target: mipsel-buildroot-linux-uclibc
Configured with: /home/eason/project/buildroot-2012.11.1/output/toolchain/gcc-4.6.3/configure --prefix=/opt/buildroot-gcc463_NPTLSHAREDLIBGCC/usr --build=i686-pc-linux-gnu --host=i686-pc-linux-gnu --target=mipsel-buildroot-linux-uclibc --enable-languages=c,c++ --with-sysroot=/opt/buildroot-gcc463_NPTLSHAREDLIBGCC/usr/mipsel-buildroot-linux-uclibc/sysroot --with-build-time-tools=/opt/buildroot-gcc463_NPTLSHAREDLIBGCC/usr/mipsel-buildroot-linux-uclibc/bin --disable-__cxa_atexit --enable-target-optspace --disable-libgomp --with-gnu-ld --disable-libssp --disable-multilib --enable-tls --enable-shared --with-gmp=/opt/buildroot-gcc463_NPTLSHAREDLIBGCC/usr --with-mpfr=/opt/buildroot-gcc463_NPTLSHAREDLIBGCC/usr --with-mpc=/opt/buildroot-gcc463_NPTLSHAREDLIBGCC/usr --disable-nls --enable-threads --disable-decimal-float --with-float=soft --with-abi=32 --with-tune=mips32r2 --with-pkgversion='Buildroot 2012.11.1' --with-bugurl=http://bugs.buildroot.net/
Thread model: posix
gcc version 4.6.3 (Buildroot 2012.11.1) 
configure:2067: $? = 0
configure:2069: mipsel-linux-gcc -V </dev/null >&5
mipsel-linux-gcc: error: unrecognized option '-V'
mipsel-linux-gcc: fatal error: no input files
compilation terminated.
configure:2072: $? = 1
configure:2095: checking for C compiler default output file name
configure:2098: mipsel-linux-gcc    conftest.c  >&5
/opt/buildroot-gcc463_NPTLSHAREDLIBGCC/usr/lib/gcc/mipsel-buildroot-linux-uclibc/4.6.3/../../../../mipsel-buildroot-linux-uclibc/bin/as: /lib/libz.so.1: no version information available (required by /opt/buildroot-gcc463_NPTLSHAREDLIBGCC/usr/lib/gcc/mipsel-buildroot-linux-uclibc/4.6.3/../../../../mipsel-buildroot-linux-uclibc/bin/as)
/opt/buildroot-gcc463_NPTLSHAREDLIBGCC/usr/lib/gcc/mipsel-buildroot-linux-uclibc/4.6.3/../../../../mipsel-buildroot-linux-uclibc/bin/ld: /lib/libz.so.1: no version information available (required by /opt/buildroot-gcc463_NPTLSHAREDLIBGCC/usr/lib/gcc/mipsel-buildroot-linux-uclibc/4.6.3/../../../../mipsel-buildroot-linux-uclibc/bin/ld)
configure:2101: $? = 0
configure:2147: result: a.out
configure:2152: checking whether the C compiler works
configure:2178: result: yes
configure:2185: checking whether we are cross compiling
configure:2187: result: yes
configure:2190: checking for suffix of executables
configure:2192: mipsel-linux-gcc -o conftest    conftest.c  >&5
/opt/buildroot-gcc463_NPTLSHAREDLIBGCC/usr/lib/gcc/mipsel-buildroot-linux-uclibc/4.6.3/../../../../mipsel-buildroot-linux-uclibc/bin/as: /lib/libz.so.1: no version information available (required by /opt/buildroot-gcc463_NPTLSHAREDLIBGCC/usr/lib/gcc/mipsel-buildroot-linux-uclibc/4.6.3/../../../../mipsel-buildroot-linux-uclibc/bin/as)
/opt/buildroot-gcc463_NPTLSHAREDLIBGCC/usr/lib/gcc/mipsel-buildroot-linux-uclibc/4.6.3/../../../../mipsel-buildroot-linux-uclibc/bin/ld: /lib/libz.so.1: no version information available (required by /opt/buildroot-gcc463_NPTLSHAREDLIBGCC/usr/lib/gcc/mipsel-buildroot-linux-uclibc/4.6.3/../../../../mipsel-buildroot-linux-uclibc/bin/ld)
configure:2195: $? = 0
configure:2220: result: 
configure:2226: checking for suffix of object files
configure:2247: mipsel-linux-gcc -c   conftest.c >&5
/opt/buildroot-gcc463_NPTLSHAREDLIBGCC/usr/lib/gcc/mipsel-buildroot-linux-uclibc/4.6.3/../../../../mipsel-buildroot-linux-uclibc/bin/as: /lib/libz.so.1: no version information available (required by /opt/buildroot-gcc463_NPTLSHAREDLIBGCC/usr/lib/gcc/mipsel-buildroot-linux-uclibc/4.6.3/../../../../mipsel-buildroot-linux-uclibc/bin/as)
configure:2250: $? = 0
configure:2272: result: o
configure:2276: checking whether we are using the GNU C compiler
configure:2300: mipsel-linux-gcc -c   conftest.c >&5
/opt/buildroot-gcc463_NPTLSHAREDLIBGCC/usr/lib/gcc/mipsel-buildroot-linux-uclibc/4.6.3/../../../../mipsel-buildroot-linux-uclibc/bin/as: /lib/libz.so.1: no version information available (required by /opt/buildroot-gcc463_NPTLSHAREDLIBGCC/usr/lib/gcc/mipsel-buildroot-linux-uclibc/4.6.3/../../../../mipsel-buildroot-linux-uclibc/bin/as)
configure:2306: $? = 0
configure:2310: test -z 
			 || test ! -s conftest.err
configure:2313: $? = 0
configure:2316: test -s conftest.o
configure:2319: $? = 0
configure:2332: result: yes
configure:2338: checking whether mipsel-linux-gcc accepts -g
configure:2359: mipsel-linux-gcc -c -g  conftest.c >&5
/opt/buildroot-gcc463_NPTLSHAREDLIBGCC/usr/lib/gcc/mipsel-buildroot-linux-uclibc/4.6.3/../../../../mipsel-buildroot-linux-uclibc/bin/as: /lib/libz.so.1: no version information available (required by /opt/buildroot-gcc463_NPTLSHAREDLIBGCC/usr/lib/gcc/mipsel-buildroot-linux-uclibc/4.6.3/../../../../mipsel-buildroot-linux-uclibc/bin/as)
configure:2365: $? = 0
configure:2369: test -z 
			 || test ! -s conftest.err
configure:2372: $? = 0
configure:2375: test -s conftest.o
configure:2378: $? = 0
configure:2389: result: yes
configure:2406: checking for mipsel-linux-gcc option to accept ANSI C
configure:2476: mipsel-linux-gcc  -c -g -O2  conftest.c >&5
/opt/buildroot-gcc463_NPTLSHAREDLIBGCC/usr/lib/gcc/mipsel-buildroot-linux-uclibc/4.6.3/../../../../mipsel-buildroot-linux-uclibc/bin/as: /lib/libz.so.1: no version information available (required by /opt/buildroot-gcc463_NPTLSHAREDLIBGCC/usr/lib/gcc/mipsel-buildroot-linux-uclibc/4.6.3/../../../../mipsel-buildroot-linux-uclibc/bin/as)
configure:2482: $? = 0
configure:2486: test -z 
			 || test ! -s conftest.err
configure:2489: $? = 0
configure:2492: test -s conftest.o
configure:2495: $? = 0
configure:2513: result: none needed
configure:2531: mipsel-linux-gcc -c -g -O2  conftest.c >&5
conftest.c:2:3: error: unknown type name 'choke'
conftest.c:2:3: error: expected '=', ',', ';', 'asm' or '__attribute__' at end of input
configure:2537: $? = 1
configure: failed program was:
| #ifndef __cplusplus
|   choke me
| #endif
configure:2681: checking for style of include used by make
configure:2709: result: GNU
configure:2737: checking dependency style of mipsel-linux-gcc
configure:2822: result: none
configure:2852: checking for a BSD-compatible install
configure:2907: result: /usr/bin/install -c
configure:2921: checking for arm-linux-uclibc-ranlib
configure:2947: result: mipsel-linux-ranlib
configure:3005: checking how to run the C preprocessor
configure:3123: result: mipsel-linux-gcc -E
configure:3147: mipsel-linux-gcc -E  conftest.c
configure:3153: $? = 0
configure:3185: mipsel-linux-gcc -E  conftest.c
conftest.c:11:28: fatal error: ac_nonexistent.h: No such file or directory
compilation terminated.
configure:3191: $? = 1
configure: failed program was:
| /* confdefs.h.  */
| 
| #define PACKAGE_NAME ""
| #define PACKAGE_TARNAME ""
| #define PACKAGE_VERSION ""
| #define PACKAGE_STRING ""
| #define PACKAGE_BUGREPORT ""
| #define PACKAGE "bridge-utils"
| #define VERSION "1.0.4"
| /* end confdefs.h.  */
| #include <ac_nonexistent.h>
configure:3235: checking for egrep
configure:3245: result: grep -E
configure:3250: checking for ANSI C header files
configure:3275: mipsel-linux-gcc -c -g -O2  conftest.c >&5
/opt/buildroot-gcc463_NPTLSHAREDLIBGCC/usr/lib/gcc/mipsel-buildroot-linux-uclibc/4.6.3/../../../../mipsel-buildroot-linux-uclibc/bin/as: /lib/libz.so.1: no version information available (required by /opt/buildroot-gcc463_NPTLSHAREDLIBGCC/usr/lib/gcc/mipsel-buildroot-linux-uclibc/4.6.3/../../../../mipsel-buildroot-linux-uclibc/bin/as)
configure:3281: $? = 0
configure:3285: test -z 
			 || test ! -s conftest.err
configure:3288: $? = 0
configure:3291: test -s conftest.o
configure:3294: $? = 0
configure:3406: result: yes
configure:3430: checking for sys/types.h
configure:3446: mipsel-linux-gcc -c -g -O2  conftest.c >&5
/opt/buildroot-gcc463_NPTLSHAREDLIBGCC/usr/lib/gcc/mipsel-buildroot-linux-uclibc/4.6.3/../../../../mipsel-buildroot-linux-uclibc/bin/as: /lib/libz.so.1: no version information available (required by /opt/buildroot-gcc463_NPTLSHAREDLIBGCC/usr/lib/gcc/mipsel-buildroot-linux-uclibc/4.6.3/../../../../mipsel-buildroot-linux-uclibc/bin/as)
configure:3452: $? = 0
configure:3456: test -z 
			 || test ! -s conftest.err
configure:3459: $? = 0
configure:3462: test -s conftest.o
configure:3465: $? = 0
configure:3476: result: yes
configure:3430: checking for sys/stat.h
configure:3446: mipsel-linux-gcc -c -g -O2  conftest.c >&5
/opt/buildroot-gcc463_NPTLSHAREDLIBGCC/usr/lib/gcc/mipsel-buildroot-linux-uclibc/4.6.3/../../../../mipsel-buildroot-linux-uclibc/bin/as: /lib/libz.so.1: no version information available (required by /opt/buildroot-gcc463_NPTLSHAREDLIBGCC/usr/lib/gcc/mipsel-buildroot-linux-uclibc/4.6.3/../../../../mipsel-buildroot-linux-uclibc/bin/as)
configure:3452: $? = 0
configure:3456: test -z 
			 || test ! -s conftest.err
configure:3459: $? = 0
configure:3462: test -s conftest.o
configure:3465: $? = 0
configure:3476: result: yes
configure:3430: checking for stdlib.h
configure:3446: mipsel-linux-gcc -c -g -O2  conftest.c >&5
/opt/buildroot-gcc463_NPTLSHAREDLIBGCC/usr/lib/gcc/mipsel-buildroot-linux-uclibc/4.6.3/../../../../mipsel-buildroot-linux-uclibc/bin/as: /lib/libz.so.1: no version information available (required by /opt/buildroot-gcc463_NPTLSHAREDLIBGCC/usr/lib/gcc/mipsel-buildroot-linux-uclibc/4.6.3/../../../../mipsel-buildroot-linux-uclibc/bin/as)
configure:3452: $? = 0
configure:3456: test -z 
			 || test ! -s conftest.err
configure:3459: $? = 0
configure:3462: test -s conftest.o
configure:3465: $? = 0
configure:3476: result: yes
configure:3430: checking for string.h
configure:3446: mipsel-linux-gcc -c -g -O2  conftest.c >&5
/opt/buildroot-gcc463_NPTLSHAREDLIBGCC/usr/lib/gcc/mipsel-buildroot-linux-uclibc/4.6.3/../../../../mipsel-buildroot-linux-uclibc/bin/as: /lib/libz.so.1: no version information available (required by /opt/buildroot-gcc463_NPTLSHAREDLIBGCC/usr/lib/gcc/mipsel-buildroot-linux-uclibc/4.6.3/../../../../mipsel-buildroot-linux-uclibc/bin/as)
configure:3452: $? = 0
configure:3456: test -z 
			 || test ! -s conftest.err
configure:3459: $? = 0
configure:3462: test -s conftest.o
configure:3465: $? = 0
configure:3476: result: yes
configure:3430: checking for memory.h
configure:3446: mipsel-linux-gcc -c -g -O2  conftest.c >&5
/opt/buildroot-gcc463_NPTLSHAREDLIBGCC/usr/lib/gcc/mipsel-buildroot-linux-uclibc/4.6.3/../../../../mipsel-buildroot-linux-uclibc/bin/as: /lib/libz.so.1: no version information available (required by /opt/buildroot-gcc463_NPTLSHAREDLIBGCC/usr/lib/gcc/mipsel-buildroot-linux-uclibc/4.6.3/../../../../mipsel-buildroot-linux-uclibc/bin/as)
configure:3452: $? = 0
configure:3456: test -z 
			 || test ! -s conftest.err
configure:3459: $? = 0
configure:3462: test -s conftest.o
configure:3465: $? = 0
configure:3476: result: yes
configure:3430: checking for strings.h
configure:3446: mipsel-linux-gcc -c -g -O2  conftest.c >&5
/opt/buildroot-gcc463_NPTLSHAREDLIBGCC/usr/lib/gcc/mipsel-buildroot-linux-uclibc/4.6.3/../../../../mipsel-buildroot-linux-uclibc/bin/as: /lib/libz.so.1: no version information available (required by /opt/buildroot-gcc463_NPTLSHAREDLIBGCC/usr/lib/gcc/mipsel-buildroot-linux-uclibc/4.6.3/../../../../mipsel-buildroot-linux-uclibc/bin/as)
configure:3452: $? = 0
configure:3456: test -z 
			 || test ! -s conftest.err
configure:3459: $? = 0
configure:3462: test -s conftest.o
configure:3465: $? = 0
configure:3476: result: yes
configure:3430: checking for inttypes.h
configure:3446: mipsel-linux-gcc -c -g -O2  conftest.c >&5
/opt/buildroot-gcc463_NPTLSHAREDLIBGCC/usr/lib/gcc/mipsel-buildroot-linux-uclibc/4.6.3/../../../../mipsel-buildroot-linux-uclibc/bin/as: /lib/libz.so.1: no version information available (required by /opt/buildroot-gcc463_NPTLSHAREDLIBGCC/usr/lib/gcc/mipsel-buildroot-linux-uclibc/4.6.3/../../../../mipsel-buildroot-linux-uclibc/bin/as)
configure:3452: $? = 0
configure:3456: test -z 
			 || test ! -s conftest.err
configure:3459: $? = 0
configure:3462: test -s conftest.o
configure:3465: $? = 0
configure:3476: result: yes
configure:3430: checking for stdint.h
configure:3446: mipsel-linux-gcc -c -g -O2  conftest.c >&5
/opt/buildroot-gcc463_NPTLSHAREDLIBGCC/usr/lib/gcc/mipsel-buildroot-linux-uclibc/4.6.3/../../../../mipsel-buildroot-linux-uclibc/bin/as: /lib/libz.so.1: no version information available (required by /opt/buildroot-gcc463_NPTLSHAREDLIBGCC/usr/lib/gcc/mipsel-buildroot-linux-uclibc/4.6.3/../../../../mipsel-buildroot-linux-uclibc/bin/as)
configure:3452: $? = 0
configure:3456: test -z 
			 || test ! -s conftest.err
configure:3459: $? = 0
configure:3462: test -s conftest.o
configure:3465: $? = 0
configure:3476: result: yes
configure:3430: checking for unistd.h
configure:3446: mipsel-linux-gcc -c -g -O2  conftest.c >&5
/opt/buildroot-gcc463_NPTLSHAREDLIBGCC/usr/lib/gcc/mipsel-buildroot-linux-uclibc/4.6.3/../../../../mipsel-buildroot-linux-uclibc/bin/as: /lib/libz.so.1: no version information available (required by /opt/buildroot-gcc463_NPTLSHAREDLIBGCC/usr/lib/gcc/mipsel-buildroot-linux-uclibc/4.6.3/../../../../mipsel-buildroot-linux-uclibc/bin/as)
configure:3452: $? = 0
configure:3456: test -z 
			 || test ! -s conftest.err
configure:3459: $? = 0
configure:3462: test -s conftest.o
configure:3465: $? = 0
configure:3476: result: yes
configure:3503: checking sys/ioctl.h usability
configure:3515: mipsel-linux-gcc -c -g -O2  conftest.c >&5
/opt/buildroot-gcc463_NPTLSHAREDLIBGCC/usr/lib/gcc/mipsel-buildroot-linux-uclibc/4.6.3/../../../../mipsel-buildroot-linux-uclibc/bin/as: /lib/libz.so.1: no version information available (required by /opt/buildroot-gcc463_NPTLSHAREDLIBGCC/usr/lib/gcc/mipsel-buildroot-linux-uclibc/4.6.3/../../../../mipsel-buildroot-linux-uclibc/bin/as)
configure:3521: $? = 0
configure:3525: test -z 
			 || test ! -s conftest.err
configure:3528: $? = 0
configure:3531: test -s conftest.o
configure:3534: $? = 0
configure:3544: result: yes
configure:3548: checking sys/ioctl.h presence
configure:3558: mipsel-linux-gcc -E  conftest.c
configure:3564: $? = 0
configure:3584: result: yes
configure:3619: checking for sys/ioctl.h
configure:3626: result: yes
configure:3503: checking sys/time.h usability
configure:3515: mipsel-linux-gcc -c -g -O2  conftest.c >&5
/opt/buildroot-gcc463_NPTLSHAREDLIBGCC/usr/lib/gcc/mipsel-buildroot-linux-uclibc/4.6.3/../../../../mipsel-buildroot-linux-uclibc/bin/as: /lib/libz.so.1: no version information available (required by /opt/buildroot-gcc463_NPTLSHAREDLIBGCC/usr/lib/gcc/mipsel-buildroot-linux-uclibc/4.6.3/../../../../mipsel-buildroot-linux-uclibc/bin/as)
configure:3521: $? = 0
configure:3525: test -z 
			 || test ! -s conftest.err
configure:3528: $? = 0
configure:3531: test -s conftest.o
configure:3534: $? = 0
configure:3544: result: yes
configure:3548: checking sys/time.h presence
configure:3558: mipsel-linux-gcc -E  conftest.c
configure:3564: $? = 0
configure:3584: result: yes
configure:3619: checking for sys/time.h
configure:3626: result: yes
configure:3640: checking for an ANSI C-conforming const
configure:3707: mipsel-linux-gcc -c -g -O2  conftest.c >&5
/opt/buildroot-gcc463_NPTLSHAREDLIBGCC/usr/lib/gcc/mipsel-buildroot-linux-uclibc/4.6.3/../../../../mipsel-buildroot-linux-uclibc/bin/as: /lib/libz.so.1: no version information available (required by /opt/buildroot-gcc463_NPTLSHAREDLIBGCC/usr/lib/gcc/mipsel-buildroot-linux-uclibc/4.6.3/../../../../mipsel-buildroot-linux-uclibc/bin/as)
configure:3713: $? = 0
configure:3717: test -z 
			 || test ! -s conftest.err
configure:3720: $? = 0
configure:3723: test -s conftest.o
configure:3726: $? = 0
configure:3737: result: yes
configure:3747: checking whether time.h and sys/time.h may both be included
configure:3772: mipsel-linux-gcc -c -g -O2  conftest.c >&5
/opt/buildroot-gcc463_NPTLSHAREDLIBGCC/usr/lib/gcc/mipsel-buildroot-linux-uclibc/4.6.3/../../../../mipsel-buildroot-linux-uclibc/bin/as: /lib/libz.so.1: no version information available (required by /opt/buildroot-gcc463_NPTLSHAREDLIBGCC/usr/lib/gcc/mipsel-buildroot-linux-uclibc/4.6.3/../../../../mipsel-buildroot-linux-uclibc/bin/as)
configure:3778: $? = 0
configure:3782: test -z 
			 || test ! -s conftest.err
configure:3785: $? = 0
configure:3788: test -s conftest.o
configure:3791: $? = 0
configure:3802: result: yes
configure:3814: checking whether mipsel-linux-gcc needs -traditional
In file included from conftest.c:24:0:
/opt/buildroot-gcc463_NPTLSHAREDLIBGCC/usr/mipsel-buildroot-linux-uclibc/sysroot/usr/include/sgtty.h:22:2: warning: #warning useless header on uClibc [-Wcpp]
configure:3856: result: no
configure:3863: checking for working memcmp
configure:3933: result: no
configure:3951: checking for gethostname
configure:4008: mipsel-linux-gcc -o conftest -g -O2   conftest.c  >&5
/opt/buildroot-gcc463_NPTLSHAREDLIBGCC/usr/lib/gcc/mipsel-buildroot-linux-uclibc/4.6.3/../../../../mipsel-buildroot-linux-uclibc/bin/as: /lib/libz.so.1: no version information available (required by /opt/buildroot-gcc463_NPTLSHAREDLIBGCC/usr/lib/gcc/mipsel-buildroot-linux-uclibc/4.6.3/../../../../mipsel-buildroot-linux-uclibc/bin/as)
/opt/buildroot-gcc463_NPTLSHAREDLIBGCC/usr/lib/gcc/mipsel-buildroot-linux-uclibc/4.6.3/../../../../mipsel-buildroot-linux-uclibc/bin/ld: /lib/libz.so.1: no version information available (required by /opt/buildroot-gcc463_NPTLSHAREDLIBGCC/usr/lib/gcc/mipsel-buildroot-linux-uclibc/4.6.3/../../../../mipsel-buildroot-linux-uclibc/bin/ld)
configure:4014: $? = 0
configure:4018: test -z 
			 || test ! -s conftest.err
configure:4021: $? = 0
configure:4024: test -s conftest
configure:4027: $? = 0
configure:4039: result: yes
configure:3951: checking for socket
configure:4008: mipsel-linux-gcc -o conftest -g -O2   conftest.c  >&5
/opt/buildroot-gcc463_NPTLSHAREDLIBGCC/usr/lib/gcc/mipsel-buildroot-linux-uclibc/4.6.3/../../../../mipsel-buildroot-linux-uclibc/bin/as: /lib/libz.so.1: no version information available (required by /opt/buildroot-gcc463_NPTLSHAREDLIBGCC/usr/lib/gcc/mipsel-buildroot-linux-uclibc/4.6.3/../../../../mipsel-buildroot-linux-uclibc/bin/as)
/opt/buildroot-gcc463_NPTLSHAREDLIBGCC/usr/lib/gcc/mipsel-buildroot-linux-uclibc/4.6.3/../../../../mipsel-buildroot-linux-uclibc/bin/ld: /lib/libz.so.1: no version information available (required by /opt/buildroot-gcc463_NPTLSHAREDLIBGCC/usr/lib/gcc/mipsel-buildroot-linux-uclibc/4.6.3/../../../../mipsel-buildroot-linux-uclibc/bin/ld)
configure:4014: $? = 0
configure:4018: test -z 
			 || test ! -s conftest.err
configure:4021: $? = 0
configure:4024: test -s conftest
configure:4027: $? = 0
configure:4039: result: yes
configure:3951: checking for strdup
configure:4008: mipsel-linux-gcc -o conftest -g -O2   conftest.c  >&5
conftest.c:50:6: warning: conflicting types for built-in function 'strdup' [enabled by default]
/opt/buildroot-gcc463_NPTLSHAREDLIBGCC/usr/lib/gcc/mipsel-buildroot-linux-uclibc/4.6.3/../../../../mipsel-buildroot-linux-uclibc/bin/as: /lib/libz.so.1: no version information available (required by /opt/buildroot-gcc463_NPTLSHAREDLIBGCC/usr/lib/gcc/mipsel-buildroot-linux-uclibc/4.6.3/../../../../mipsel-buildroot-linux-uclibc/bin/as)
/opt/buildroot-gcc463_NPTLSHAREDLIBGCC/usr/lib/gcc/mipsel-buildroot-linux-uclibc/4.6.3/../../../../mipsel-buildroot-linux-uclibc/bin/ld: /lib/libz.so.1: no version information available (required by /opt/buildroot-gcc463_NPTLSHAREDLIBGCC/usr/lib/gcc/mipsel-buildroot-linux-uclibc/4.6.3/../../../../mipsel-buildroot-linux-uclibc/bin/ld)
configure:4014: $? = 0
configure:4018: test -z 
			 || test ! -s conftest.err
configure:4021: $? = 0
configure:4024: test -s conftest
configure:4027: $? = 0
configure:4039: result: yes
configure:3951: checking for uname
configure:4008: mipsel-linux-gcc -o conftest -g -O2   conftest.c  >&5
/opt/buildroot-gcc463_NPTLSHAREDLIBGCC/usr/lib/gcc/mipsel-buildroot-linux-uclibc/4.6.3/../../../../mipsel-buildroot-linux-uclibc/bin/as: /lib/libz.so.1: no version information available (required by /opt/buildroot-gcc463_NPTLSHAREDLIBGCC/usr/lib/gcc/mipsel-buildroot-linux-uclibc/4.6.3/../../../../mipsel-buildroot-linux-uclibc/bin/as)
/opt/buildroot-gcc463_NPTLSHAREDLIBGCC/usr/lib/gcc/mipsel-buildroot-linux-uclibc/4.6.3/../../../../mipsel-buildroot-linux-uclibc/bin/ld: /lib/libz.so.1: no version information available (required by /opt/buildroot-gcc463_NPTLSHAREDLIBGCC/usr/lib/gcc/mipsel-buildroot-linux-uclibc/4.6.3/../../../../mipsel-buildroot-linux-uclibc/bin/ld)
configure:4014: $? = 0
configure:4018: test -z 
			 || test ! -s conftest.err
configure:4021: $? = 0
configure:4024: test -s conftest
configure:4027: $? = 0
configure:4039: result: yes
configure:4054: checking for if_nametoindex
configure:4111: mipsel-linux-gcc -o conftest -g -O2   conftest.c  >&5
/opt/buildroot-gcc463_NPTLSHAREDLIBGCC/usr/lib/gcc/mipsel-buildroot-linux-uclibc/4.6.3/../../../../mipsel-buildroot-linux-uclibc/bin/as: /lib/libz.so.1: no version information available (required by /opt/buildroot-gcc463_NPTLSHAREDLIBGCC/usr/lib/gcc/mipsel-buildroot-linux-uclibc/4.6.3/../../../../mipsel-buildroot-linux-uclibc/bin/as)
/opt/buildroot-gcc463_NPTLSHAREDLIBGCC/usr/lib/gcc/mipsel-buildroot-linux-uclibc/4.6.3/../../../../mipsel-buildroot-linux-uclibc/bin/ld: /lib/libz.so.1: no version information available (required by /opt/buildroot-gcc463_NPTLSHAREDLIBGCC/usr/lib/gcc/mipsel-buildroot-linux-uclibc/4.6.3/../../../../mipsel-buildroot-linux-uclibc/bin/ld)
configure:4117: $? = 0
configure:4121: test -z 
			 || test ! -s conftest.err
configure:4124: $? = 0
configure:4127: test -s conftest
configure:4130: $? = 0
configure:4142: result: yes
configure:4054: checking for if_indextoname
configure:4111: mipsel-linux-gcc -o conftest -g -O2   conftest.c  >&5
/opt/buildroot-gcc463_NPTLSHAREDLIBGCC/usr/lib/gcc/mipsel-buildroot-linux-uclibc/4.6.3/../../../../mipsel-buildroot-linux-uclibc/bin/as: /lib/libz.so.1: no version information available (required by /opt/buildroot-gcc463_NPTLSHAREDLIBGCC/usr/lib/gcc/mipsel-buildroot-linux-uclibc/4.6.3/../../../../mipsel-buildroot-linux-uclibc/bin/as)
/opt/buildroot-gcc463_NPTLSHAREDLIBGCC/usr/lib/gcc/mipsel-buildroot-linux-uclibc/4.6.3/../../../../mipsel-buildroot-linux-uclibc/bin/ld: /lib/libz.so.1: no version information available (required by /opt/buildroot-gcc463_NPTLSHAREDLIBGCC/usr/lib/gcc/mipsel-buildroot-linux-uclibc/4.6.3/../../../../mipsel-buildroot-linux-uclibc/bin/ld)
configure:4117: $? = 0
configure:4121: test -z 
			 || test ! -s conftest.err
configure:4124: $? = 0
configure:4127: test -s conftest
configure:4130: $? = 0
configure:4142: result: yes
configure:4153: checking for sysfs_open_directory in -lsysfs
configure:4183: mipsel-linux-gcc -o conftest -g -O2   conftest.c -lsysfs   >&5
/opt/buildroot-gcc463_NPTLSHAREDLIBGCC/usr/lib/gcc/mipsel-buildroot-linux-uclibc/4.6.3/../../../../mipsel-buildroot-linux-uclibc/bin/as: /lib/libz.so.1: no version information available (required by /opt/buildroot-gcc463_NPTLSHAREDLIBGCC/usr/lib/gcc/mipsel-buildroot-linux-uclibc/4.6.3/../../../../mipsel-buildroot-linux-uclibc/bin/as)
/opt/buildroot-gcc463_NPTLSHAREDLIBGCC/usr/lib/gcc/mipsel-buildroot-linux-uclibc/4.6.3/../../../../mipsel-buildroot-linux-uclibc/bin/ld: /lib/libz.so.1: no version information available (required by /opt/buildroot-gcc463_NPTLSHAREDLIBGCC/usr/lib/gcc/mipsel-buildroot-linux-uclibc/4.6.3/../../../../mipsel-buildroot-linux-uclibc/bin/ld)
/opt/buildroot-gcc463_NPTLSHAREDLIBGCC/usr/lib/gcc/mipsel-buildroot-linux-uclibc/4.6.3/../../../../mipsel-buildroot-linux-uclibc/bin/ld: cannot find -lsysfs
collect2: ld returned 1 exit status
configure:4189: $? = 1
configure: failed program was:
| /* confdefs.h.  */
| 
| #define PACKAGE_NAME ""
| #define PACKAGE_TARNAME ""
| #define PACKAGE_VERSION ""
| #define PACKAGE_STRING ""
| #define PACKAGE_BUGREPORT ""
| #define PACKAGE "bridge-utils"
| #define VERSION "1.0.4"
| #define STDC_HEADERS 1
| #define HAVE_SYS_TYPES_H 1
| #define HAVE_SYS_STAT_H 1
| #define HAVE_STDLIB_H 1
| #define HAVE_STRING_H 1
| #define HAVE_MEMORY_H 1
| #define HAVE_STRINGS_H 1
| #define HAVE_INTTYPES_H 1
| #define HAVE_STDINT_H 1
| #define HAVE_UNISTD_H 1
| #define HAVE_SYS_IOCTL_H 1
| #define HAVE_SYS_TIME_H 1
| #define TIME_WITH_SYS_TIME 1
| #define HAVE_GETHOSTNAME 1
| #define HAVE_SOCKET 1
| #define HAVE_STRDUP 1
| #define HAVE_UNAME 1
| #define HAVE_IF_NAMETOINDEX 1
| #define HAVE_IF_INDEXTONAME 1
| /* end confdefs.h.  */
| 
| /* Override any gcc2 internal prototype to avoid an error.  */
| #ifdef __cplusplus
| extern "C"
| #endif
| /* We use char because int might match the return type of a gcc2
|    builtin and then its argument prototype would still apply.  */
| char sysfs_open_directory ();
| int
| main ()
| {
| sysfs_open_directory ();
|   ;
|   return 0;
| }
configure:4215: result: no
configure:4339: creating ./config.status

## ---------------------- ##
## Running config.status. ##
## ---------------------- ##

This file was extended by config.status, which was
generated by GNU Autoconf 2.59.  Invocation command line was

  CONFIG_FILES    = 
  CONFIG_HEADERS  = 
  CONFIG_LINKS    = 
  CONFIG_COMMANDS = 
  $ ./config.status 

on localhost.localdomain

config.status:694: creating doc/Makefile
config.status:694: creating libbridge/Makefile
config.status:694: creating brctl/Makefile
config.status:694: creating Makefile
config.status:694: creating bridge-utils.spec
config.status:798: creating libbridge/config.h
config.status:922: libbridge/config.h is unchanged
config.status:1102: executing depfiles commands

## ---------------- ##
## Cache variables. ##
## ---------------- ##

ac_cv_c_compiler_gnu=yes
ac_cv_c_const=yes
ac_cv_env_CC_set=set
ac_cv_env_CC_value=mipsel-linux-gcc
ac_cv_env_CFLAGS_set=
ac_cv_env_CFLAGS_value=
ac_cv_env_CPPFLAGS_set=
ac_cv_env_CPPFLAGS_value=
ac_cv_env_CPP_set=set
ac_cv_env_CPP_value='mipsel-linux-gcc -E'
ac_cv_env_LDFLAGS_set=
ac_cv_env_LDFLAGS_value=
ac_cv_env_build_alias_set=set
ac_cv_env_build_alias_value=i486-linux-gnu
ac_cv_env_host_alias_set=set
ac_cv_env_host_alias_value=arm-linux-uclibc
ac_cv_env_target_alias_set=set
ac_cv_env_target_alias_value=arm-linux-uclibc
ac_cv_exeext=
ac_cv_func_gethostname=yes
ac_cv_func_if_indextoname=yes
ac_cv_func_if_nametoindex=yes
ac_cv_func_memcmp_working=no
ac_cv_func_socket=yes
ac_cv_func_strdup=yes
ac_cv_func_uname=yes
ac_cv_header_inttypes_h=yes
ac_cv_header_memory_h=yes
ac_cv_header_stdc=yes
ac_cv_header_stdint_h=yes
ac_cv_header_stdlib_h=yes
ac_cv_header_string_h=yes
ac_cv_header_strings_h=yes
ac_cv_header_sys_ioctl_h=yes
ac_cv_header_sys_stat_h=yes
ac_cv_header_sys_time_h=yes
ac_cv_header_sys_types_h=yes
ac_cv_header_time=yes
ac_cv_header_unistd_h=yes
ac_cv_lib_sysfs_sysfs_open_directory=no
ac_cv_objext=o
ac_cv_path_install='/usr/bin/install -c'
ac_cv_prog_AWK=gawk
ac_cv_prog_CC=mipsel-linux-gcc
ac_cv_prog_CPP='mipsel-linux-gcc -E'
ac_cv_prog_RANLIB=mipsel-linux-ranlib
ac_cv_prog_STRIP=mipsel-linux-strip
ac_cv_prog_cc_g=yes
ac_cv_prog_cc_stdc=
ac_cv_prog_egrep='grep -E'
ac_cv_prog_gcc_traditional=no
ac_cv_prog_make_make_set=yes
am_cv_CC_dependencies_compiler_type=none

## ----------------- ##
## Output variables. ##
## ----------------- ##

ACLOCAL='aclocal-1.8'
AMDEPBACKSLASH='\'
AMDEP_FALSE='#'
AMDEP_TRUE=''
AMTAR='tar'
AUTOCONF='autoconf'
AUTOHEADER='autoheader'
AUTOMAKE='automake-1.8'
AWK='gawk'
CC='mipsel-linux-gcc'
CCDEPMODE='depmode=none'
CFLAGS='-g -O2'
CPP='mipsel-linux-gcc -E'
CPPFLAGS=''
CYGPATH_W='echo'
DEFS='-DHAVE_CONFIG_H'
DEPDIR='.deps'
ECHO_C=''
ECHO_N='-n'
ECHO_T=''
EGREP='grep -E'
EXEEXT=''
INSTALL_DATA='${INSTALL} -m 644'
INSTALL_PROGRAM='${INSTALL}'
INSTALL_SCRIPT='${INSTALL}'
INSTALL_STRIP_PROGRAM='${SHELL} $(install_sh) -c -s'
KERNEL_HEADERS='/usr/src/linux/include'
LDFLAGS=''
LIBOBJS=' memcmp$U.o'
LIBS=''
LTLIBOBJS=' memcmp$U.lo'
MAKEINFO='makeinfo'
OBJEXT='o'
PACKAGE='bridge-utils'
PACKAGE_BUGREPORT=''
PACKAGE_NAME=''
PACKAGE_STRING=''
PACKAGE_TARNAME=''
PACKAGE_VERSION=''
PATH_SEPARATOR=':'
RANLIB='mipsel-linux-ranlib'
SET_MAKE=''
SHELL='/bin/sh'
STRIP='mipsel-linux-strip'
VERSION='1.0.4'
ac_ct_CC=''
ac_ct_RANLIB=''
ac_ct_STRIP=''
am__fastdepCC_FALSE=''
am__fastdepCC_TRUE='#'
am__include='include'
am__leading_dot='.'
am__quote=''
bindir='${exec_prefix}/bin'
build_alias='i486-linux-gnu'
datadir='${prefix}/share'
exec_prefix='${prefix}'
host_alias='arm-linux-uclibc'
includedir='${prefix}/include'
infodir='${prefix}/info'
install_sh='/home/disk2/eason/eason_disk3/R6950_1042/sc_trunk/user_space/apps/public/bridge-utils/src/install-sh'
libdir='${exec_prefix}/lib'
libexecdir='${exec_prefix}/libexec'
localstatedir='${prefix}/var'
mandir='${prefix}/man'
mkdir_p='mkdir -p -- .'
oldincludedir='/usr/include'
prefix='/usr/local'
program_transform_name='s,x,x,'
sbindir='${exec_prefix}/sbin'
sharedstatedir='${prefix}/com'
sysconfdir='${prefix}/etc'
target_alias='arm-linux-uclibc'

## ----------- ##
## confdefs.h. ##
## ----------- ##

#define HAVE_GETHOSTNAME 1
#define HAVE_IF_INDEXTONAME 1
#define HAVE_IF_NAMETOINDEX 1
#define HAVE_INTTYPES_H 1
#define HAVE_MEMORY_H 1
#define HAVE_SOCKET 1
#define HAVE_STDINT_H 1
#define HAVE_STDLIB_H 1
#define HAVE_STRDUP 1
#define HAVE_STRINGS_H 1
#define HAVE_STRING_H 1
#define HAVE_SYS_IOCTL_H 1
#define HAVE_SYS_STAT_H 1
#define HAVE_SYS_TIME_H 1
#define HAVE_SYS_TYPES_H 1
#define HAVE_UNAME 1
#define HAVE_UNISTD_H 1
#define PACKAGE "bridge-utils"
#define PACKAGE_BUGREPORT ""
#define PACKAGE_NAME ""
#define PACKAGE_STRING ""
#define PACKAGE_TARNAME ""
#define PACKAGE_VERSION ""
#define STDC_HEADERS 1
#define TIME_WITH_SYS_TIME 1
#define VERSION "1.0.4"

configure: exit 0
