This file contains any messages produced by compilers while
running configure, to aid debugging if configure makes a mistake.

It was created by PCRE configure 8.01, which was
generated by GNU Autoconf 2.63.  Invocation command line was

  $ ./configure --host=mipsel-linux --disable-cpp

## --------- ##
## Platform. ##
## --------- ##

hostname = localhost.localdomain
uname -m = i686
uname -r = 2.6.31.5-127.fc12.i686.PAE
uname -s = Linux
uname -v = #1 SMP Sat Nov 7 21:25:57 EST 2009

/usr/bin/uname -p = unknown
/bin/uname -X     = unknown

/bin/arch              = i686
/usr/bin/arch -k       = unknown
/usr/convex/getsysinfo = unknown
/usr/bin/hostinfo      = unknown
/bin/machine           = unknown
/usr/bin/oslevel       = unknown
/bin/universe          = unknown

PATH: /opt/buildroot-gcc463_NPTLSHAREDLIBGCC//usr/bin/
PATH: /home/disk2/eason/eason_disk3/R6950_1042/sc_trunk/GPL/R6950_V1.1.0.42_src/sc_trunk/tools/
PATH: /opt/buildroot-gcc463_NPTLSHAREDLIBGCC//usr/bin/
PATH: /home/disk2/eason/eason_disk3/R6950_1042/sc_trunk/tools/
PATH: /usr/lib/qt-3.3/bin
PATH: /usr/kerberos/sbin
PATH: /usr/kerberos/bin
PATH: /usr/lib/ccache
PATH: /usr/local/bin
PATH: /bin
PATH: /usr/bin
PATH: /usr/local/sbin
PATH: /usr/sbin
PATH: /sbin
PATH: /home/disk2/eason/eason_disk3/R6950_1042/sc_trunk/GPL/R6950_V1.1.0.42_src/sdk5010/tools
PATH: /home/disk2/eason/eason_disk3/R6950_1042/sc_trunk/GPL/R6950_V1.1.0.42_src/sdk5010/tools


## ----------- ##
## Core tests. ##
## ----------- ##

configure:2151: checking for a BSD-compatible install
configure:2219: result: /usr/bin/install -c
configure:2230: checking whether build environment is sane
configure:2273: result: yes
configure:2298: checking for a thread-safe mkdir -p
configure:2337: result: /bin/mkdir -p
configure:2350: checking for gawk
configure:2366: found /bin/gawk
configure:2377: result: gawk
configure:2388: checking whether make sets $(MAKE)
configure:2410: result: yes
configure:2490: checking for mipsel-linux-strip
configure:2506: found /opt/buildroot-gcc463_NPTLSHAREDLIBGCC//usr/bin//mipsel-linux-strip
configure:2517: result: mipsel-linux-strip
configure:2621: checking for mipsel-linux-gcc
configure:2648: result: /opt/buildroot-gcc463_NPTLSHAREDLIBGCC/usr/bin/mipsel-linux-gcc
configure:2920: checking for C compiler version
configure:2928: /opt/buildroot-gcc463_NPTLSHAREDLIBGCC/usr/bin/mipsel-linux-gcc --version >&5
mipsel-linux-gcc (Buildroot 2012.11.1) 4.6.3
Copyright (C) 2011 Free Software Foundation, Inc.
This is free software; see the source for copying conditions.  There is NO
warranty; not even for MERCHANTABILITY or FITNESS FOR A PARTICULAR PURPOSE.

configure:2932: $? = 0
configure:2939: /opt/buildroot-gcc463_NPTLSHAREDLIBGCC/usr/bin/mipsel-linux-gcc -v >&5
Using built-in specs.
COLLECT_GCC=/opt/buildroot-gcc463_NPTLSHAREDLIBGCC/usr/bin/mipsel-linux-gcc
COLLECT_LTO_WRAPPER=/opt/buildroot-gcc463_NPTLSHAREDLIBGCC/usr/libexec/gcc/mipsel-buildroot-linux-uclibc/4.6.3/lto-wrapper
Target: mipsel-buildroot-linux-uclibc
Configured with: /home/eason/project/buildroot-2012.11.1/output/toolchain/gcc-4.6.3/configure --prefix=/opt/buildroot-gcc463_NPTLSHAREDLIBGCC/usr --build=i686-pc-linux-gnu --host=i686-pc-linux-gnu --target=mipsel-buildroot-linux-uclibc --enable-languages=c,c++ --with-sysroot=/opt/buildroot-gcc463_NPTLSHAREDLIBGCC/usr/mipsel-buildroot-linux-uclibc/sysroot --with-build-time-tools=/opt/buildroot-gcc463_NPTLSHAREDLIBGCC/usr/mipsel-buildroot-linux-uclibc/bin --disable-__cxa_atexit --enable-target-optspace --disable-libgomp --with-gnu-ld --disable-libssp --disable-multilib --enable-tls --enable-shared --with-gmp=/opt/buildroot-gcc463_NPTLSHAREDLIBGCC/usr --with-mpfr=/opt/buildroot-gcc463_NPTLSHAREDLIBGCC/usr --with-mpc=/opt/buildroot-gcc463_NPTLSHAREDLIBGCC/usr --disable-nls --enable-threads --disable-decimal-float --with-float=soft --with-abi=32 --with-tune=mips32r2 --with-pkgversion='Buildroot 2012.11.1' --with-bugurl=http://bugs.buildroot.net/
Thread model: posix
gcc version 4.6.3 (Buildroot 2012.11.1) 
configure:2943: $? = 0
configure:2950: /opt/buildroot-gcc463_NPTLSHAREDLIBGCC/usr/bin/mipsel-linux-gcc -V >&5
mipsel-linux-gcc: error: unrecognized option '-V'
mipsel-linux-gcc: fatal error: no input files
compilation terminated.
configure:2954: $? = 1
configure:2977: checking for C compiler default output file name
configure:2999: /opt/buildroot-gcc463_NPTLSHAREDLIBGCC/usr/bin/mipsel-linux-gcc -fPIC   conftest.c  >&5
/opt/buildroot-gcc463_NPTLSHAREDLIBGCC/usr/lib/gcc/mipsel-buildroot-linux-uclibc/4.6.3/../../../../mipsel-buildroot-linux-uclibc/bin/as: /lib/libz.so.1: no version information available (required by /opt/buildroot-gcc463_NPTLSHAREDLIBGCC/usr/lib/gcc/mipsel-buildroot-linux-uclibc/4.6.3/../../../../mipsel-buildroot-linux-uclibc/bin/as)
/opt/buildroot-gcc463_NPTLSHAREDLIBGCC/usr/lib/gcc/mipsel-buildroot-linux-uclibc/4.6.3/../../../../mipsel-buildroot-linux-uclibc/bin/ld: /lib/libz.so.1: no version information available (required by /opt/buildroot-gcc463_NPTLSHAREDLIBGCC/usr/lib/gcc/mipsel-buildroot-linux-uclibc/4.6.3/../../../../mipsel-buildroot-linux-uclibc/bin/ld)
configure:3003: $? = 0
configure:3041: result: a.out
configure:3060: checking whether the C compiler works
configure:3070: ./a.out
./configure: line 3072: ./a.out: cannot execute binary file
configure:3074: $? = 126
configure:3093: result: yes
configure:3100: checking whether we are cross compiling
configure:3102: result: yes
configure:3105: checking for suffix of executables
configure:3112: /opt/buildroot-gcc463_NPTLSHAREDLIBGCC/usr/bin/mipsel-linux-gcc -o conftest -fPIC   conftest.c  >&5
/opt/buildroot-gcc463_NPTLSHAREDLIBGCC/usr/lib/gcc/mipsel-buildroot-linux-uclibc/4.6.3/../../../../mipsel-buildroot-linux-uclibc/bin/as: /lib/libz.so.1: no version information available (required by /opt/buildroot-gcc463_NPTLSHAREDLIBGCC/usr/lib/gcc/mipsel-buildroot-linux-uclibc/4.6.3/../../../../mipsel-buildroot-linux-uclibc/bin/as)
/opt/buildroot-gcc463_NPTLSHAREDLIBGCC/usr/lib/gcc/mipsel-buildroot-linux-uclibc/4.6.3/../../../../mipsel-buildroot-linux-uclibc/bin/ld: /lib/libz.so.1: no version information available (required by /opt/buildroot-gcc463_NPTLSHAREDLIBGCC/usr/lib/gcc/mipsel-buildroot-linux-uclibc/4.6.3/../../../../mipsel-buildroot-linux-uclibc/bin/ld)
configure:3116: $? = 0
configure:3142: result: 
configure:3148: checking for suffix of object files
configure:3174: /opt/buildroot-gcc463_NPTLSHAREDLIBGCC/usr/bin/mipsel-linux-gcc -c -fPIC  conftest.c >&5
/opt/buildroot-gcc463_NPTLSHAREDLIBGCC/usr/lib/gcc/mipsel-buildroot-linux-uclibc/4.6.3/../../../../mipsel-buildroot-linux-uclibc/bin/as: /lib/libz.so.1: no version information available (required by /opt/buildroot-gcc463_NPTLSHAREDLIBGCC/usr/lib/gcc/mipsel-buildroot-linux-uclibc/4.6.3/../../../../mipsel-buildroot-linux-uclibc/bin/as)
configure:3178: $? = 0
configure:3203: result: o
configure:3207: checking whether we are using the GNU C compiler
configure:3236: /opt/buildroot-gcc463_NPTLSHAREDLIBGCC/usr/bin/mipsel-linux-gcc -c -fPIC  conftest.c >&5
/opt/buildroot-gcc463_NPTLSHAREDLIBGCC/usr/lib/gcc/mipsel-buildroot-linux-uclibc/4.6.3/../../../../mipsel-buildroot-linux-uclibc/bin/as: /lib/libz.so.1: no version information available (required by /opt/buildroot-gcc463_NPTLSHAREDLIBGCC/usr/lib/gcc/mipsel-buildroot-linux-uclibc/4.6.3/../../../../mipsel-buildroot-linux-uclibc/bin/as)
configure:3243: $? = 0
configure:3260: result: yes
configure:3269: checking whether /opt/buildroot-gcc463_NPTLSHAREDLIBGCC/usr/bin/mipsel-linux-gcc accepts -g
configure:3299: /opt/buildroot-gcc463_NPTLSHAREDLIBGCC/usr/bin/mipsel-linux-gcc -c -g  conftest.c >&5
/opt/buildroot-gcc463_NPTLSHAREDLIBGCC/usr/lib/gcc/mipsel-buildroot-linux-uclibc/4.6.3/../../../../mipsel-buildroot-linux-uclibc/bin/as: /lib/libz.so.1: no version information available (required by /opt/buildroot-gcc463_NPTLSHAREDLIBGCC/usr/lib/gcc/mipsel-buildroot-linux-uclibc/4.6.3/../../../../mipsel-buildroot-linux-uclibc/bin/as)
configure:3306: $? = 0
configure: failed program was:
| /* confdefs.h.  */
| #define PACKAGE_NAME "PCRE"
| #define PACKAGE_TARNAME "pcre"
| #define PACKAGE_VERSION "8.01"
| #define PACKAGE_STRING "PCRE 8.01"
| #define PACKAGE_BUGREPORT ""
| #define PACKAGE "pcre"
| #define VERSION "8.01"
| /* end confdefs.h.  */
| 
| int
| main ()
| {
| 
|   ;
|   return 0;
| }
configure:3338: /opt/buildroot-gcc463_NPTLSHAREDLIBGCC/usr/bin/mipsel-linux-gcc -c   conftest.c >&5
/opt/buildroot-gcc463_NPTLSHAREDLIBGCC/usr/lib/gcc/mipsel-buildroot-linux-uclibc/4.6.3/../../../../mipsel-buildroot-linux-uclibc/bin/as: /lib/libz.so.1: no version information available (required by /opt/buildroot-gcc463_NPTLSHAREDLIBGCC/usr/lib/gcc/mipsel-buildroot-linux-uclibc/4.6.3/../../../../mipsel-buildroot-linux-uclibc/bin/as)
configure:3345: $? = 0
configure: failed program was:
| /* confdefs.h.  */
| #define PACKAGE_NAME "PCRE"
| #define PACKAGE_TARNAME "pcre"
| #define PACKAGE_VERSION "8.01"
| #define PACKAGE_STRING "PCRE 8.01"
| #define PACKAGE_BUGREPORT ""
| #define PACKAGE "pcre"
| #define VERSION "8.01"
| /* end confdefs.h.  */
| 
| int
| main ()
| {
| 
|   ;
|   return 0;
| }
configure:3378: /opt/buildroot-gcc463_NPTLSHAREDLIBGCC/usr/bin/mipsel-linux-gcc -c -g  conftest.c >&5
/opt/buildroot-gcc463_NPTLSHAREDLIBGCC/usr/lib/gcc/mipsel-buildroot-linux-uclibc/4.6.3/../../../../mipsel-buildroot-linux-uclibc/bin/as: /lib/libz.so.1: no version information available (required by /opt/buildroot-gcc463_NPTLSHAREDLIBGCC/usr/lib/gcc/mipsel-buildroot-linux-uclibc/4.6.3/../../../../mipsel-buildroot-linux-uclibc/bin/as)
configure:3385: $? = 0
configure:3407: result: yes
configure:3424: checking for /opt/buildroot-gcc463_NPTLSHAREDLIBGCC/usr/bin/mipsel-linux-gcc option to accept ISO C89
configure:3498: /opt/buildroot-gcc463_NPTLSHAREDLIBGCC/usr/bin/mipsel-linux-gcc  -c -fPIC  conftest.c >&5
/opt/buildroot-gcc463_NPTLSHAREDLIBGCC/usr/lib/gcc/mipsel-buildroot-linux-uclibc/4.6.3/../../../../mipsel-buildroot-linux-uclibc/bin/as: /lib/libz.so.1: no version information available (required by /opt/buildroot-gcc463_NPTLSHAREDLIBGCC/usr/lib/gcc/mipsel-buildroot-linux-uclibc/4.6.3/../../../../mipsel-buildroot-linux-uclibc/bin/as)
configure:3505: $? = 0
configure:3528: result: none needed
configure:3557: checking for style of include used by make
configure:3585: result: GNU
configure:3610: checking dependency style of /opt/buildroot-gcc463_NPTLSHAREDLIBGCC/usr/bin/mipsel-linux-gcc
configure:3701: result: gcc3
configure:3730: checking for mipsel-linux-g++
configure:3746: found /opt/buildroot-gcc463_NPTLSHAREDLIBGCC//usr/bin//mipsel-linux-g++
configure:3757: result: mipsel-linux-g++
configure:3828: checking for C++ compiler version
configure:3836: mipsel-linux-g++ --version >&5
mipsel-linux-g++ (Buildroot 2012.11.1) 4.6.3
Copyright (C) 2011 Free Software Foundation, Inc.
This is free software; see the source for copying conditions.  There is NO
warranty; not even for MERCHANTABILITY or FITNESS FOR A PARTICULAR PURPOSE.

configure:3840: $? = 0
configure:3847: mipsel-linux-g++ -v >&5
Using built-in specs.
COLLECT_GCC=mipsel-linux-g++
COLLECT_LTO_WRAPPER=/opt/buildroot-gcc463_NPTLSHAREDLIBGCC/usr/libexec/gcc/mipsel-buildroot-linux-uclibc/4.6.3/lto-wrapper
Target: mipsel-buildroot-linux-uclibc
Configured with: /home/eason/project/buildroot-2012.11.1/output/toolchain/gcc-4.6.3/configure --prefix=/opt/buildroot-gcc463_NPTLSHAREDLIBGCC/usr --build=i686-pc-linux-gnu --host=i686-pc-linux-gnu --target=mipsel-buildroot-linux-uclibc --enable-languages=c,c++ --with-sysroot=/opt/buildroot-gcc463_NPTLSHAREDLIBGCC/usr/mipsel-buildroot-linux-uclibc/sysroot --with-build-time-tools=/opt/buildroot-gcc463_NPTLSHAREDLIBGCC/usr/mipsel-buildroot-linux-uclibc/bin --disable-__cxa_atexit --enable-target-optspace --disable-libgomp --with-gnu-ld --disable-libssp --disable-multilib --enable-tls --enable-shared --with-gmp=/opt/buildroot-gcc463_NPTLSHAREDLIBGCC/usr --with-mpfr=/opt/buildroot-gcc463_NPTLSHAREDLIBGCC/usr --with-mpc=/opt/buildroot-gcc463_NPTLSHAREDLIBGCC/usr --disable-nls --enable-threads --disable-decimal-float --with-float=soft --with-abi=32 --with-tune=mips32r2 --with-pkgversion='Buildroot 2012.11.1' --with-bugurl=http://bugs.buildroot.net/
Thread model: posix
gcc version 4.6.3 (Buildroot 2012.11.1) 
configure:3851: $? = 0
configure:3858: mipsel-linux-g++ -V >&5
mipsel-linux-g++: error: unrecognized option '-V'
mipsel-linux-g++: fatal error: no input files
compilation terminated.
configure:3862: $? = 1
configure:3865: checking whether we are using the GNU C++ compiler
configure:3894: mipsel-linux-g++ -c   conftest.cpp >&5
/opt/buildroot-gcc463_NPTLSHAREDLIBGCC/usr/lib/gcc/mipsel-buildroot-linux-uclibc/4.6.3/../../../../mipsel-buildroot-linux-uclibc/bin/as: /lib/libz.so.1: no version information available (required by /opt/buildroot-gcc463_NPTLSHAREDLIBGCC/usr/lib/gcc/mipsel-buildroot-linux-uclibc/4.6.3/../../../../mipsel-buildroot-linux-uclibc/bin/as)
configure:3901: $? = 0
configure:3918: result: yes
configure:3927: checking whether mipsel-linux-g++ accepts -g
configure:3957: mipsel-linux-g++ -c -g  conftest.cpp >&5
/opt/buildroot-gcc463_NPTLSHAREDLIBGCC/usr/lib/gcc/mipsel-buildroot-linux-uclibc/4.6.3/../../../../mipsel-buildroot-linux-uclibc/bin/as: /lib/libz.so.1: no version information available (required by /opt/buildroot-gcc463_NPTLSHAREDLIBGCC/usr/lib/gcc/mipsel-buildroot-linux-uclibc/4.6.3/../../../../mipsel-buildroot-linux-uclibc/bin/as)
configure:3964: $? = 0
configure: failed program was:
| /* confdefs.h.  */
| #define PACKAGE_NAME "PCRE"
| #define PACKAGE_TARNAME "pcre"
| #define PACKAGE_VERSION "8.01"
| #define PACKAGE_STRING "PCRE 8.01"
| #define PACKAGE_BUGREPORT ""
| #define PACKAGE "pcre"
| #define VERSION "8.01"
| /* end confdefs.h.  */
| 
| int
| main ()
| {
| 
|   ;
|   return 0;
| }
configure:3996: mipsel-linux-g++ -c   conftest.cpp >&5
/opt/buildroot-gcc463_NPTLSHAREDLIBGCC/usr/lib/gcc/mipsel-buildroot-linux-uclibc/4.6.3/../../../../mipsel-buildroot-linux-uclibc/bin/as: /lib/libz.so.1: no version information available (required by /opt/buildroot-gcc463_NPTLSHAREDLIBGCC/usr/lib/gcc/mipsel-buildroot-linux-uclibc/4.6.3/../../../../mipsel-buildroot-linux-uclibc/bin/as)
configure:4003: $? = 0
configure: failed program was:
| /* confdefs.h.  */
| #define PACKAGE_NAME "PCRE"
| #define PACKAGE_TARNAME "pcre"
| #define PACKAGE_VERSION "8.01"
| #define PACKAGE_STRING "PCRE 8.01"
| #define PACKAGE_BUGREPORT ""
| #define PACKAGE "pcre"
| #define VERSION "8.01"
| /* end confdefs.h.  */
| 
| int
| main ()
| {
| 
|   ;
|   return 0;
| }
configure:4036: mipsel-linux-g++ -c -g  conftest.cpp >&5
/opt/buildroot-gcc463_NPTLSHAREDLIBGCC/usr/lib/gcc/mipsel-buildroot-linux-uclibc/4.6.3/../../../../mipsel-buildroot-linux-uclibc/bin/as: /lib/libz.so.1: no version information available (required by /opt/buildroot-gcc463_NPTLSHAREDLIBGCC/usr/lib/gcc/mipsel-buildroot-linux-uclibc/4.6.3/../../../../mipsel-buildroot-linux-uclibc/bin/as)
configure:4043: $? = 0
configure:4065: result: yes
configure:4090: checking dependency style of mipsel-linux-g++
configure:4181: result: gcc3
configure:4249: mipsel-linux-g++ -c -O2  conftest.cpp >&5
/opt/buildroot-gcc463_NPTLSHAREDLIBGCC/usr/lib/gcc/mipsel-buildroot-linux-uclibc/4.6.3/../../../../mipsel-buildroot-linux-uclibc/bin/as: /lib/libz.so.1: no version information available (required by /opt/buildroot-gcc463_NPTLSHAREDLIBGCC/usr/lib/gcc/mipsel-buildroot-linux-uclibc/4.6.3/../../../../mipsel-buildroot-linux-uclibc/bin/as)
configure:4256: $? = 0
configure:4284: checking how to run the C preprocessor
configure:4402: result: mipsel-linux-gcc -E
configure:4431: mipsel-linux-gcc -E  conftest.c
configure:4438: $? = 0
configure:4469: mipsel-linux-gcc -E  conftest.c
conftest.c:10:28: fatal error: ac_nonexistent.h: No such file or directory
compilation terminated.
configure:4476: $? = 1
configure: failed program was:
| /* confdefs.h.  */
| #define PACKAGE_NAME "PCRE"
| #define PACKAGE_TARNAME "pcre"
| #define PACKAGE_VERSION "8.01"
| #define PACKAGE_STRING "PCRE 8.01"
| #define PACKAGE_BUGREPORT ""
| #define PACKAGE "pcre"
| #define VERSION "8.01"
| /* end confdefs.h.  */
| #include <ac_nonexistent.h>
configure:4516: checking for grep that handles long lines and -e
configure:4576: result: /bin/grep
configure:4581: checking for egrep
configure:4645: result: /bin/grep -E
configure:4650: checking for ANSI C header files
configure:4680: /opt/buildroot-gcc463_NPTLSHAREDLIBGCC/usr/bin/mipsel-linux-gcc -c -fPIC  conftest.c >&5
/opt/buildroot-gcc463_NPTLSHAREDLIBGCC/usr/lib/gcc/mipsel-buildroot-linux-uclibc/4.6.3/../../../../mipsel-buildroot-linux-uclibc/bin/as: /lib/libz.so.1: no version information available (required by /opt/buildroot-gcc463_NPTLSHAREDLIBGCC/usr/lib/gcc/mipsel-buildroot-linux-uclibc/4.6.3/../../../../mipsel-buildroot-linux-uclibc/bin/as)
configure:4687: $? = 0
configure:4818: result: yes
configure:4842: checking for sys/types.h
configure:4863: /opt/buildroot-gcc463_NPTLSHAREDLIBGCC/usr/bin/mipsel-linux-gcc -c -fPIC  conftest.c >&5
/opt/buildroot-gcc463_NPTLSHAREDLIBGCC/usr/lib/gcc/mipsel-buildroot-linux-uclibc/4.6.3/../../../../mipsel-buildroot-linux-uclibc/bin/as: /lib/libz.so.1: no version information available (required by /opt/buildroot-gcc463_NPTLSHAREDLIBGCC/usr/lib/gcc/mipsel-buildroot-linux-uclibc/4.6.3/../../../../mipsel-buildroot-linux-uclibc/bin/as)
configure:4870: $? = 0
configure:4887: result: yes
configure:4842: checking for sys/stat.h
configure:4863: /opt/buildroot-gcc463_NPTLSHAREDLIBGCC/usr/bin/mipsel-linux-gcc -c -fPIC  conftest.c >&5
/opt/buildroot-gcc463_NPTLSHAREDLIBGCC/usr/lib/gcc/mipsel-buildroot-linux-uclibc/4.6.3/../../../../mipsel-buildroot-linux-uclibc/bin/as: /lib/libz.so.1: no version information available (required by /opt/buildroot-gcc463_NPTLSHAREDLIBGCC/usr/lib/gcc/mipsel-buildroot-linux-uclibc/4.6.3/../../../../mipsel-buildroot-linux-uclibc/bin/as)
configure:4870: $? = 0
configure:4887: result: yes
configure:4842: checking for stdlib.h
configure:4863: /opt/buildroot-gcc463_NPTLSHAREDLIBGCC/usr/bin/mipsel-linux-gcc -c -fPIC  conftest.c >&5
/opt/buildroot-gcc463_NPTLSHAREDLIBGCC/usr/lib/gcc/mipsel-buildroot-linux-uclibc/4.6.3/../../../../mipsel-buildroot-linux-uclibc/bin/as: /lib/libz.so.1: no version information available (required by /opt/buildroot-gcc463_NPTLSHAREDLIBGCC/usr/lib/gcc/mipsel-buildroot-linux-uclibc/4.6.3/../../../../mipsel-buildroot-linux-uclibc/bin/as)
configure:4870: $? = 0
configure:4887: result: yes
configure:4842: checking for string.h
configure:4863: /opt/buildroot-gcc463_NPTLSHAREDLIBGCC/usr/bin/mipsel-linux-gcc -c -fPIC  conftest.c >&5
/opt/buildroot-gcc463_NPTLSHAREDLIBGCC/usr/lib/gcc/mipsel-buildroot-linux-uclibc/4.6.3/../../../../mipsel-buildroot-linux-uclibc/bin/as: /lib/libz.so.1: no version information available (required by /opt/buildroot-gcc463_NPTLSHAREDLIBGCC/usr/lib/gcc/mipsel-buildroot-linux-uclibc/4.6.3/../../../../mipsel-buildroot-linux-uclibc/bin/as)
configure:4870: $? = 0
configure:4887: result: yes
configure:4842: checking for memory.h
configure:4863: /opt/buildroot-gcc463_NPTLSHAREDLIBGCC/usr/bin/mipsel-linux-gcc -c -fPIC  conftest.c >&5
/opt/buildroot-gcc463_NPTLSHAREDLIBGCC/usr/lib/gcc/mipsel-buildroot-linux-uclibc/4.6.3/../../../../mipsel-buildroot-linux-uclibc/bin/as: /lib/libz.so.1: no version information available (required by /opt/buildroot-gcc463_NPTLSHAREDLIBGCC/usr/lib/gcc/mipsel-buildroot-linux-uclibc/4.6.3/../../../../mipsel-buildroot-linux-uclibc/bin/as)
configure:4870: $? = 0
configure:4887: result: yes
configure:4842: checking for strings.h
configure:4863: /opt/buildroot-gcc463_NPTLSHAREDLIBGCC/usr/bin/mipsel-linux-gcc -c -fPIC  conftest.c >&5
/opt/buildroot-gcc463_NPTLSHAREDLIBGCC/usr/lib/gcc/mipsel-buildroot-linux-uclibc/4.6.3/../../../../mipsel-buildroot-linux-uclibc/bin/as: /lib/libz.so.1: no version information available (required by /opt/buildroot-gcc463_NPTLSHAREDLIBGCC/usr/lib/gcc/mipsel-buildroot-linux-uclibc/4.6.3/../../../../mipsel-buildroot-linux-uclibc/bin/as)
configure:4870: $? = 0
configure:4887: result: yes
configure:4842: checking for inttypes.h
configure:4863: /opt/buildroot-gcc463_NPTLSHAREDLIBGCC/usr/bin/mipsel-linux-gcc -c -fPIC  conftest.c >&5
/opt/buildroot-gcc463_NPTLSHAREDLIBGCC/usr/lib/gcc/mipsel-buildroot-linux-uclibc/4.6.3/../../../../mipsel-buildroot-linux-uclibc/bin/as: /lib/libz.so.1: no version information available (required by /opt/buildroot-gcc463_NPTLSHAREDLIBGCC/usr/lib/gcc/mipsel-buildroot-linux-uclibc/4.6.3/../../../../mipsel-buildroot-linux-uclibc/bin/as)
configure:4870: $? = 0
configure:4887: result: yes
configure:4842: checking for stdint.h
configure:4863: /opt/buildroot-gcc463_NPTLSHAREDLIBGCC/usr/bin/mipsel-linux-gcc -c -fPIC  conftest.c >&5
/opt/buildroot-gcc463_NPTLSHAREDLIBGCC/usr/lib/gcc/mipsel-buildroot-linux-uclibc/4.6.3/../../../../mipsel-buildroot-linux-uclibc/bin/as: /lib/libz.so.1: no version information available (required by /opt/buildroot-gcc463_NPTLSHAREDLIBGCC/usr/lib/gcc/mipsel-buildroot-linux-uclibc/4.6.3/../../../../mipsel-buildroot-linux-uclibc/bin/as)
configure:4870: $? = 0
configure:4887: result: yes
configure:4842: checking for unistd.h
configure:4863: /opt/buildroot-gcc463_NPTLSHAREDLIBGCC/usr/bin/mipsel-linux-gcc -c -fPIC  conftest.c >&5
/opt/buildroot-gcc463_NPTLSHAREDLIBGCC/usr/lib/gcc/mipsel-buildroot-linux-uclibc/4.6.3/../../../../mipsel-buildroot-linux-uclibc/bin/as: /lib/libz.so.1: no version information available (required by /opt/buildroot-gcc463_NPTLSHAREDLIBGCC/usr/lib/gcc/mipsel-buildroot-linux-uclibc/4.6.3/../../../../mipsel-buildroot-linux-uclibc/bin/as)
configure:4870: $? = 0
configure:4887: result: yes
configure:4902: checking for int64_t
configure:4933: /opt/buildroot-gcc463_NPTLSHAREDLIBGCC/usr/bin/mipsel-linux-gcc -c -fPIC  conftest.c >&5
/opt/buildroot-gcc463_NPTLSHAREDLIBGCC/usr/lib/gcc/mipsel-buildroot-linux-uclibc/4.6.3/../../../../mipsel-buildroot-linux-uclibc/bin/as: /lib/libz.so.1: no version information available (required by /opt/buildroot-gcc463_NPTLSHAREDLIBGCC/usr/lib/gcc/mipsel-buildroot-linux-uclibc/4.6.3/../../../../mipsel-buildroot-linux-uclibc/bin/as)
configure:4940: $? = 0
configure:4969: /opt/buildroot-gcc463_NPTLSHAREDLIBGCC/usr/bin/mipsel-linux-gcc -c -fPIC  conftest.c >&5
conftest.c: In function 'main':
conftest.c:57:53: warning: integer overflow in expression [-Woverflow]
conftest.c:56:12: error: size of array 'test_array' is negative
conftest.c:56:12: error: storage size of 'test_array' isn't constant
configure:4976: $? = 1
configure: failed program was:
| /* confdefs.h.  */
| #define PACKAGE_NAME "PCRE"
| #define PACKAGE_TARNAME "pcre"
| #define PACKAGE_VERSION "8.01"
| #define PACKAGE_STRING "PCRE 8.01"
| #define PACKAGE_BUGREPORT ""
| #define PACKAGE "pcre"
| #define VERSION "8.01"
| #define STDC_HEADERS 1
| #define HAVE_SYS_TYPES_H 1
| #define HAVE_SYS_STAT_H 1
| #define HAVE_STDLIB_H 1
| #define HAVE_STRING_H 1
| #define HAVE_MEMORY_H 1
| #define HAVE_STRINGS_H 1
| #define HAVE_INTTYPES_H 1
| #define HAVE_STDINT_H 1
| #define HAVE_UNISTD_H 1
| /* end confdefs.h.  */
| #include <stdio.h>
| #ifdef HAVE_SYS_TYPES_H
| # include <sys/types.h>
| #endif
| #ifdef HAVE_SYS_STAT_H
| # include <sys/stat.h>
| #endif
| #ifdef STDC_HEADERS
| # include <stdlib.h>
| # include <stddef.h>
| #else
| # ifdef HAVE_STDLIB_H
| #  include <stdlib.h>
| # endif
| #endif
| #ifdef HAVE_STRING_H
| # if !defined STDC_HEADERS && defined HAVE_MEMORY_H
| #  include <memory.h>
| # endif
| # include <string.h>
| #endif
| #ifdef HAVE_STRINGS_H
| # include <strings.h>
| #endif
| #ifdef HAVE_INTTYPES_H
| # include <inttypes.h>
| #endif
| #ifdef HAVE_STDINT_H
| # include <stdint.h>
| #endif
| #ifdef HAVE_UNISTD_H
| # include <unistd.h>
| #endif
| int
| main ()
| {
| static int test_array [1 - 2 * !((int64_t) ((((int64_t) 1 << (64 - 2)) - 1) * 2 + 1)
| 		 < (int64_t) ((((int64_t) 1 << (64 - 2)) - 1) * 2 + 2))];
| test_array [0] = 0
| 
|   ;
|   return 0;
| }
configure:5005: result: yes
configure:5032: checking for a BSD-compatible install
configure:5100: result: /usr/bin/install -c
configure:5117: checking build system type
configure:5135: result: i686-pc-linux-uclibc
configure:5157: checking host system type
configure:5172: result: mipsel-unknown-linux-gnu
configure:5522: checking for a sed that does not truncate output
configure:5588: result: /bin/sed
configure:5606: checking for fgrep
configure:5670: result: /bin/grep -F
configure:5705: checking for ld used by /opt/buildroot-gcc463_NPTLSHAREDLIBGCC/usr/bin/mipsel-linux-gcc
configure:5772: result: /opt/buildroot-gcc463_NPTLSHAREDLIBGCC/usr/bin/mipsel-linux-ld
configure:5781: checking if the linker (/opt/buildroot-gcc463_NPTLSHAREDLIBGCC/usr/bin/mipsel-linux-ld) is GNU ld
configure:5796: result: yes
configure:5808: checking for BSD- or MS-compatible name lister (nm)
configure:5857: result: /opt/buildroot-gcc463_NPTLSHAREDLIBGCC//usr/bin//mipsel-linux-nm
configure:5975: checking the name lister (/opt/buildroot-gcc463_NPTLSHAREDLIBGCC//usr/bin//mipsel-linux-nm) interface
configure:5982: /opt/buildroot-gcc463_NPTLSHAREDLIBGCC/usr/bin/mipsel-linux-gcc -c -fPIC  conftest.c >&5
/opt/buildroot-gcc463_NPTLSHAREDLIBGCC/usr/lib/gcc/mipsel-buildroot-linux-uclibc/4.6.3/../../../../mipsel-buildroot-linux-uclibc/bin/as: /lib/libz.so.1: no version information available (required by /opt/buildroot-gcc463_NPTLSHAREDLIBGCC/usr/lib/gcc/mipsel-buildroot-linux-uclibc/4.6.3/../../../../mipsel-buildroot-linux-uclibc/bin/as)
configure:5985: /opt/buildroot-gcc463_NPTLSHAREDLIBGCC//usr/bin//mipsel-linux-nm "conftest.o"
/opt/buildroot-gcc463_NPTLSHAREDLIBGCC//usr/bin//mipsel-linux-nm: /lib/libz.so.1: no version information available (required by /opt/buildroot-gcc463_NPTLSHAREDLIBGCC//usr/bin//mipsel-linux-nm)
configure:5988: output
00000000 B some_variable
configure:5995: result: BSD nm
configure:5998: checking whether ln -s works
configure:6002: result: yes
configure:6010: checking the maximum length of command line arguments
configure:6130: result: 1966080
configure:6147: checking whether the shell understands some XSI constructs
configure:6157: result: yes
configure:6161: checking whether the shell understands "+="
configure:6167: result: yes
configure:6202: checking for /opt/buildroot-gcc463_NPTLSHAREDLIBGCC/usr/bin/mipsel-linux-ld option to reload object files
configure:6209: result: -r
configure:6238: checking for mipsel-linux-objdump
configure:6265: result: objdump
configure:6334: checking how to recognize dependent libraries
configure:6530: result: pass_all
configure:6550: checking for mipsel-linux-ar
configure:6566: found /opt/buildroot-gcc463_NPTLSHAREDLIBGCC//usr/bin//mipsel-linux-ar
configure:6577: result: mipsel-linux-ar
configure:6655: checking for mipsel-linux-strip
configure:6682: result: mipsel-linux-strip
configure:6754: checking for mipsel-linux-ranlib
configure:6770: found /opt/buildroot-gcc463_NPTLSHAREDLIBGCC//usr/bin//mipsel-linux-ranlib
configure:6781: result: mipsel-linux-ranlib
configure:6911: checking command to parse /opt/buildroot-gcc463_NPTLSHAREDLIBGCC//usr/bin//mipsel-linux-nm output from /opt/buildroot-gcc463_NPTLSHAREDLIBGCC/usr/bin/mipsel-linux-gcc object
configure:7029: /opt/buildroot-gcc463_NPTLSHAREDLIBGCC/usr/bin/mipsel-linux-gcc -c -fPIC  conftest.c >&5
/opt/buildroot-gcc463_NPTLSHAREDLIBGCC/usr/lib/gcc/mipsel-buildroot-linux-uclibc/4.6.3/../../../../mipsel-buildroot-linux-uclibc/bin/as: /lib/libz.so.1: no version information available (required by /opt/buildroot-gcc463_NPTLSHAREDLIBGCC/usr/lib/gcc/mipsel-buildroot-linux-uclibc/4.6.3/../../../../mipsel-buildroot-linux-uclibc/bin/as)
configure:7032: $? = 0
configure:7036: /opt/buildroot-gcc463_NPTLSHAREDLIBGCC//usr/bin//mipsel-linux-nm conftest.o \| sed -n -e 's/^.*[	 ]\([ABCDGIRSTW][ABCDGIRSTW]*\)[	 ][	 ]*\([_A-Za-z][_A-Za-z0-9]*\)$/\1 \2 \2/p' \> conftest.nm
/opt/buildroot-gcc463_NPTLSHAREDLIBGCC//usr/bin//mipsel-linux-nm: /lib/libz.so.1: no version information available (required by /opt/buildroot-gcc463_NPTLSHAREDLIBGCC//usr/bin//mipsel-linux-nm)
configure:7039: $? = 0
configure:7093: /opt/buildroot-gcc463_NPTLSHAREDLIBGCC/usr/bin/mipsel-linux-gcc -o conftest -fPIC   conftest.c conftstm.o >&5
/opt/buildroot-gcc463_NPTLSHAREDLIBGCC/usr/lib/gcc/mipsel-buildroot-linux-uclibc/4.6.3/../../../../mipsel-buildroot-linux-uclibc/bin/as: /lib/libz.so.1: no version information available (required by /opt/buildroot-gcc463_NPTLSHAREDLIBGCC/usr/lib/gcc/mipsel-buildroot-linux-uclibc/4.6.3/../../../../mipsel-buildroot-linux-uclibc/bin/as)
/opt/buildroot-gcc463_NPTLSHAREDLIBGCC/usr/lib/gcc/mipsel-buildroot-linux-uclibc/4.6.3/../../../../mipsel-buildroot-linux-uclibc/bin/ld: /lib/libz.so.1: no version information available (required by /opt/buildroot-gcc463_NPTLSHAREDLIBGCC/usr/lib/gcc/mipsel-buildroot-linux-uclibc/4.6.3/../../../../mipsel-buildroot-linux-uclibc/bin/ld)
configure:7096: $? = 0
configure:7134: result: ok
configure:7999: checking for dlfcn.h
configure:8020: /opt/buildroot-gcc463_NPTLSHAREDLIBGCC/usr/bin/mipsel-linux-gcc -c -fPIC  conftest.c >&5
/opt/buildroot-gcc463_NPTLSHAREDLIBGCC/usr/lib/gcc/mipsel-buildroot-linux-uclibc/4.6.3/../../../../mipsel-buildroot-linux-uclibc/bin/as: /lib/libz.so.1: no version information available (required by /opt/buildroot-gcc463_NPTLSHAREDLIBGCC/usr/lib/gcc/mipsel-buildroot-linux-uclibc/4.6.3/../../../../mipsel-buildroot-linux-uclibc/bin/as)
configure:8027: $? = 0
configure:8044: result: yes
configure:8171: checking for C++ compiler version
configure:8179: mipsel-linux-g++ --version >&5
mipsel-linux-g++ (Buildroot 2012.11.1) 4.6.3
Copyright (C) 2011 Free Software Foundation, Inc.
This is free software; see the source for copying conditions.  There is NO
warranty; not even for MERCHANTABILITY or FITNESS FOR A PARTICULAR PURPOSE.

configure:8183: $? = 0
configure:8190: mipsel-linux-g++ -v >&5
Using built-in specs.
COLLECT_GCC=mipsel-linux-g++
COLLECT_LTO_WRAPPER=/opt/buildroot-gcc463_NPTLSHAREDLIBGCC/usr/libexec/gcc/mipsel-buildroot-linux-uclibc/4.6.3/lto-wrapper
Target: mipsel-buildroot-linux-uclibc
Configured with: /home/eason/project/buildroot-2012.11.1/output/toolchain/gcc-4.6.3/configure --prefix=/opt/buildroot-gcc463_NPTLSHAREDLIBGCC/usr --build=i686-pc-linux-gnu --host=i686-pc-linux-gnu --target=mipsel-buildroot-linux-uclibc --enable-languages=c,c++ --with-sysroot=/opt/buildroot-gcc463_NPTLSHAREDLIBGCC/usr/mipsel-buildroot-linux-uclibc/sysroot --with-build-time-tools=/opt/buildroot-gcc463_NPTLSHAREDLIBGCC/usr/mipsel-buildroot-linux-uclibc/bin --disable-__cxa_atexit --enable-target-optspace --disable-libgomp --with-gnu-ld --disable-libssp --disable-multilib --enable-tls --enable-shared --with-gmp=/opt/buildroot-gcc463_NPTLSHAREDLIBGCC/usr --with-mpfr=/opt/buildroot-gcc463_NPTLSHAREDLIBGCC/usr --with-mpc=/opt/buildroot-gcc463_NPTLSHAREDLIBGCC/usr --disable-nls --enable-threads --disable-decimal-float --with-float=soft --with-abi=32 --with-tune=mips32r2 --with-pkgversion='Buildroot 2012.11.1' --with-bugurl=http://bugs.buildroot.net/
Thread model: posix
gcc version 4.6.3 (Buildroot 2012.11.1) 
configure:8194: $? = 0
configure:8201: mipsel-linux-g++ -V >&5
mipsel-linux-g++: error: unrecognized option '-V'
mipsel-linux-g++: fatal error: no input files
compilation terminated.
configure:8205: $? = 1
configure:8208: checking whether we are using the GNU C++ compiler
configure:8261: result: yes
configure:8270: checking whether mipsel-linux-g++ accepts -g
configure:8408: result: yes
configure:8433: checking dependency style of mipsel-linux-g++
configure:8524: result: gcc3
configure:8547: checking how to run the C++ preprocessor
configure:8583: mipsel-linux-g++ -E  conftest.cpp
configure:8590: $? = 0
configure:8621: mipsel-linux-g++ -E  conftest.cpp
conftest.cpp:21:28: fatal error: ac_nonexistent.h: No such file or directory
compilation terminated.
configure:8628: $? = 1
configure: failed program was:
| /* confdefs.h.  */
| #define PACKAGE_NAME "PCRE"
| #define PACKAGE_TARNAME "pcre"
| #define PACKAGE_VERSION "8.01"
| #define PACKAGE_STRING "PCRE 8.01"
| #define PACKAGE_BUGREPORT ""
| #define PACKAGE "pcre"
| #define VERSION "8.01"
| #define STDC_HEADERS 1
| #define HAVE_SYS_TYPES_H 1
| #define HAVE_SYS_STAT_H 1
| #define HAVE_STDLIB_H 1
| #define HAVE_STRING_H 1
| #define HAVE_MEMORY_H 1
| #define HAVE_STRINGS_H 1
| #define HAVE_INTTYPES_H 1
| #define HAVE_STDINT_H 1
| #define HAVE_UNISTD_H 1
| #define HAVE_DLFCN_H 1
| /* end confdefs.h.  */
| #include <ac_nonexistent.h>
configure:8661: result: mipsel-linux-g++ -E
configure:8690: mipsel-linux-g++ -E  conftest.cpp
configure:8697: $? = 0
configure:8728: mipsel-linux-g++ -E  conftest.cpp
conftest.cpp:21:28: fatal error: ac_nonexistent.h: No such file or directory
compilation terminated.
configure:8735: $? = 1
configure: failed program was:
| /* confdefs.h.  */
| #define PACKAGE_NAME "PCRE"
| #define PACKAGE_TARNAME "pcre"
| #define PACKAGE_VERSION "8.01"
| #define PACKAGE_STRING "PCRE 8.01"
| #define PACKAGE_BUGREPORT ""
| #define PACKAGE "pcre"
| #define VERSION "8.01"
| #define STDC_HEADERS 1
| #define HAVE_SYS_TYPES_H 1
| #define HAVE_SYS_STAT_H 1
| #define HAVE_STDLIB_H 1
| #define HAVE_STRING_H 1
| #define HAVE_MEMORY_H 1
| #define HAVE_STRINGS_H 1
| #define HAVE_INTTYPES_H 1
| #define HAVE_STDINT_H 1
| #define HAVE_UNISTD_H 1
| #define HAVE_DLFCN_H 1
| /* end confdefs.h.  */
| #include <ac_nonexistent.h>
configure:8946: checking for objdir
configure:8961: result: .libs
configure:9253: checking if /opt/buildroot-gcc463_NPTLSHAREDLIBGCC/usr/bin/mipsel-linux-gcc supports -fno-rtti -fno-exceptions
configure:9271: /opt/buildroot-gcc463_NPTLSHAREDLIBGCC/usr/bin/mipsel-linux-gcc -c -fPIC  -fno-rtti -fno-exceptions conftest.c >&5
cc1: warning: command line option '-fno-rtti' is valid for C++/ObjC++ but not for C [enabled by default]
/opt/buildroot-gcc463_NPTLSHAREDLIBGCC/usr/lib/gcc/mipsel-buildroot-linux-uclibc/4.6.3/../../../../mipsel-buildroot-linux-uclibc/bin/as: /lib/libz.so.1: no version information available (required by /opt/buildroot-gcc463_NPTLSHAREDLIBGCC/usr/lib/gcc/mipsel-buildroot-linux-uclibc/4.6.3/../../../../mipsel-buildroot-linux-uclibc/bin/as)
configure:9275: $? = 0
configure:9288: result: no
configure:9308: checking for /opt/buildroot-gcc463_NPTLSHAREDLIBGCC/usr/bin/mipsel-linux-gcc option to produce PIC
configure:9580: result: -fPIC -DPIC
configure:9592: checking if /opt/buildroot-gcc463_NPTLSHAREDLIBGCC/usr/bin/mipsel-linux-gcc PIC flag -fPIC -DPIC works
configure:9610: /opt/buildroot-gcc463_NPTLSHAREDLIBGCC/usr/bin/mipsel-linux-gcc -c -fPIC  -fPIC -DPIC -DPIC conftest.c >&5
/opt/buildroot-gcc463_NPTLSHAREDLIBGCC/usr/lib/gcc/mipsel-buildroot-linux-uclibc/4.6.3/../../../../mipsel-buildroot-linux-uclibc/bin/as: /lib/libz.so.1: no version information available (required by /opt/buildroot-gcc463_NPTLSHAREDLIBGCC/usr/lib/gcc/mipsel-buildroot-linux-uclibc/4.6.3/../../../../mipsel-buildroot-linux-uclibc/bin/as)
configure:9614: $? = 0
configure:9627: result: yes
configure:9651: checking if /opt/buildroot-gcc463_NPTLSHAREDLIBGCC/usr/bin/mipsel-linux-gcc static flag -static works
/opt/buildroot-gcc463_NPTLSHAREDLIBGCC/usr/lib/gcc/mipsel-buildroot-linux-uclibc/4.6.3/../../../../mipsel-buildroot-linux-uclibc/bin/as: /lib/libz.so.1: no version information available (required by /opt/buildroot-gcc463_NPTLSHAREDLIBGCC/usr/lib/gcc/mipsel-buildroot-linux-uclibc/4.6.3/../../../../mipsel-buildroot-linux-uclibc/bin/as)
/opt/buildroot-gcc463_NPTLSHAREDLIBGCC/usr/lib/gcc/mipsel-buildroot-linux-uclibc/4.6.3/../../../../mipsel-buildroot-linux-uclibc/bin/ld: /lib/libz.so.1: no version information available (required by /opt/buildroot-gcc463_NPTLSHAREDLIBGCC/usr/lib/gcc/mipsel-buildroot-linux-uclibc/4.6.3/../../../../mipsel-buildroot-linux-uclibc/bin/ld)
configure:9679: result: yes
configure:9694: checking if /opt/buildroot-gcc463_NPTLSHAREDLIBGCC/usr/bin/mipsel-linux-gcc supports -c -o file.o
configure:9715: /opt/buildroot-gcc463_NPTLSHAREDLIBGCC/usr/bin/mipsel-linux-gcc -c -fPIC  -o out/conftest2.o conftest.c >&5
/opt/buildroot-gcc463_NPTLSHAREDLIBGCC/usr/lib/gcc/mipsel-buildroot-linux-uclibc/4.6.3/../../../../mipsel-buildroot-linux-uclibc/bin/as: /lib/libz.so.1: no version information available (required by /opt/buildroot-gcc463_NPTLSHAREDLIBGCC/usr/lib/gcc/mipsel-buildroot-linux-uclibc/4.6.3/../../../../mipsel-buildroot-linux-uclibc/bin/as)
configure:9719: $? = 0
configure:9741: result: yes
configure:9749: checking if /opt/buildroot-gcc463_NPTLSHAREDLIBGCC/usr/bin/mipsel-linux-gcc supports -c -o file.o
configure:9796: result: yes
configure:9829: checking whether the /opt/buildroot-gcc463_NPTLSHAREDLIBGCC/usr/bin/mipsel-linux-gcc linker (/opt/buildroot-gcc463_NPTLSHAREDLIBGCC/usr/bin/mipsel-linux-ld) supports shared libraries
configure:10903: result: yes
configure:10940: checking whether -lc should be explicitly linked in
configure:10945: /opt/buildroot-gcc463_NPTLSHAREDLIBGCC/usr/bin/mipsel-linux-gcc -c -fPIC  conftest.c >&5
/opt/buildroot-gcc463_NPTLSHAREDLIBGCC/usr/lib/gcc/mipsel-buildroot-linux-uclibc/4.6.3/../../../../mipsel-buildroot-linux-uclibc/bin/as: /lib/libz.so.1: no version information available (required by /opt/buildroot-gcc463_NPTLSHAREDLIBGCC/usr/lib/gcc/mipsel-buildroot-linux-uclibc/4.6.3/../../../../mipsel-buildroot-linux-uclibc/bin/as)
configure:10948: $? = 0
configure:10963: /opt/buildroot-gcc463_NPTLSHAREDLIBGCC/usr/bin/mipsel-linux-gcc -shared conftest.o  -v -Wl,-soname -Wl,conftest -o conftest 2\>\&1 \| /bin/grep  -lc  \>/dev/null 2\>\&1
configure:10966: $? = 0
configure:10978: result: no
configure:11142: checking dynamic linker characteristics
configure:11598: /opt/buildroot-gcc463_NPTLSHAREDLIBGCC/usr/bin/mipsel-linux-gcc -o conftest -fPIC   -Wl,-rpath -Wl,/foo conftest.c  >&5
/opt/buildroot-gcc463_NPTLSHAREDLIBGCC/usr/lib/gcc/mipsel-buildroot-linux-uclibc/4.6.3/../../../../mipsel-buildroot-linux-uclibc/bin/as: /lib/libz.so.1: no version information available (required by /opt/buildroot-gcc463_NPTLSHAREDLIBGCC/usr/lib/gcc/mipsel-buildroot-linux-uclibc/4.6.3/../../../../mipsel-buildroot-linux-uclibc/bin/as)
/opt/buildroot-gcc463_NPTLSHAREDLIBGCC/usr/lib/gcc/mipsel-buildroot-linux-uclibc/4.6.3/../../../../mipsel-buildroot-linux-uclibc/bin/ld: /lib/libz.so.1: no version information available (required by /opt/buildroot-gcc463_NPTLSHAREDLIBGCC/usr/lib/gcc/mipsel-buildroot-linux-uclibc/4.6.3/../../../../mipsel-buildroot-linux-uclibc/bin/ld)
configure:11605: $? = 0
configure:11838: result: GNU/Linux ld.so
configure:11940: checking how to hardcode library paths into programs
configure:11965: result: immediate
configure:12798: checking whether stripping libraries is possible
configure:12803: result: yes
configure:12838: checking if libtool supports shared libraries
configure:12840: result: yes
configure:12843: checking whether to build shared libraries
configure:12864: result: yes
configure:12867: checking whether to build static libraries
configure:12871: result: yes
configure:13021: checking for ld used by mipsel-linux-g++
configure:13088: result: /opt/buildroot-gcc463_NPTLSHAREDLIBGCC/usr/bin/mipsel-linux-ld
configure:13097: checking if the linker (/opt/buildroot-gcc463_NPTLSHAREDLIBGCC/usr/bin/mipsel-linux-ld) is GNU ld
configure:13112: result: yes
configure:13167: checking whether the mipsel-linux-g++ linker (/opt/buildroot-gcc463_NPTLSHAREDLIBGCC/usr/bin/mipsel-linux-ld) supports shared libraries
configure:14142: result: yes
configure:14170: mipsel-linux-g++ -c -O2  conftest.cpp >&5
/opt/buildroot-gcc463_NPTLSHAREDLIBGCC/usr/lib/gcc/mipsel-buildroot-linux-uclibc/4.6.3/../../../../mipsel-buildroot-linux-uclibc/bin/as: /lib/libz.so.1: no version information available (required by /opt/buildroot-gcc463_NPTLSHAREDLIBGCC/usr/lib/gcc/mipsel-buildroot-linux-uclibc/4.6.3/../../../../mipsel-buildroot-linux-uclibc/bin/as)
configure:14173: $? = 0
configure:14355: checking for mipsel-linux-g++ option to produce PIC
configure:14672: result: -fPIC -DPIC
configure:14681: checking if mipsel-linux-g++ PIC flag -fPIC -DPIC works
configure:14699: mipsel-linux-g++ -c -O2  -fPIC -DPIC -DPIC conftest.cpp >&5
/opt/buildroot-gcc463_NPTLSHAREDLIBGCC/usr/lib/gcc/mipsel-buildroot-linux-uclibc/4.6.3/../../../../mipsel-buildroot-linux-uclibc/bin/as: /lib/libz.so.1: no version information available (required by /opt/buildroot-gcc463_NPTLSHAREDLIBGCC/usr/lib/gcc/mipsel-buildroot-linux-uclibc/4.6.3/../../../../mipsel-buildroot-linux-uclibc/bin/as)
configure:14703: $? = 0
configure:14716: result: yes
configure:14737: checking if mipsel-linux-g++ static flag -static works
/opt/buildroot-gcc463_NPTLSHAREDLIBGCC/usr/lib/gcc/mipsel-buildroot-linux-uclibc/4.6.3/../../../../mipsel-buildroot-linux-uclibc/bin/as: /lib/libz.so.1: no version information available (required by /opt/buildroot-gcc463_NPTLSHAREDLIBGCC/usr/lib/gcc/mipsel-buildroot-linux-uclibc/4.6.3/../../../../mipsel-buildroot-linux-uclibc/bin/as)
/opt/buildroot-gcc463_NPTLSHAREDLIBGCC/usr/lib/gcc/mipsel-buildroot-linux-uclibc/4.6.3/../../../../mipsel-buildroot-linux-uclibc/bin/ld: /lib/libz.so.1: no version information available (required by /opt/buildroot-gcc463_NPTLSHAREDLIBGCC/usr/lib/gcc/mipsel-buildroot-linux-uclibc/4.6.3/../../../../mipsel-buildroot-linux-uclibc/bin/ld)
configure:14765: result: yes
configure:14777: checking if mipsel-linux-g++ supports -c -o file.o
configure:14798: mipsel-linux-g++ -c -O2  -o out/conftest2.o conftest.cpp >&5
/opt/buildroot-gcc463_NPTLSHAREDLIBGCC/usr/lib/gcc/mipsel-buildroot-linux-uclibc/4.6.3/../../../../mipsel-buildroot-linux-uclibc/bin/as: /lib/libz.so.1: no version information available (required by /opt/buildroot-gcc463_NPTLSHAREDLIBGCC/usr/lib/gcc/mipsel-buildroot-linux-uclibc/4.6.3/../../../../mipsel-buildroot-linux-uclibc/bin/as)
configure:14802: $? = 0
configure:14824: result: yes
configure:14829: checking if mipsel-linux-g++ supports -c -o file.o
configure:14876: result: yes
configure:14906: checking whether the mipsel-linux-g++ linker (/opt/buildroot-gcc463_NPTLSHAREDLIBGCC/usr/bin/mipsel-linux-ld) supports shared libraries
configure:14932: result: yes
configure:15069: checking dynamic linker characteristics
configure:15473: mipsel-linux-g++ -o conftest -O2   -Wl,-rpath -Wl,/foo conftest.cpp  >&5
/opt/buildroot-gcc463_NPTLSHAREDLIBGCC/usr/lib/gcc/mipsel-buildroot-linux-uclibc/4.6.3/../../../../mipsel-buildroot-linux-uclibc/bin/as: /lib/libz.so.1: no version information available (required by /opt/buildroot-gcc463_NPTLSHAREDLIBGCC/usr/lib/gcc/mipsel-buildroot-linux-uclibc/4.6.3/../../../../mipsel-buildroot-linux-uclibc/bin/as)
/opt/buildroot-gcc463_NPTLSHAREDLIBGCC/usr/lib/gcc/mipsel-buildroot-linux-uclibc/4.6.3/../../../../mipsel-buildroot-linux-uclibc/bin/ld: /lib/libz.so.1: no version information available (required by /opt/buildroot-gcc463_NPTLSHAREDLIBGCC/usr/lib/gcc/mipsel-buildroot-linux-uclibc/4.6.3/../../../../mipsel-buildroot-linux-uclibc/bin/ld)
configure:15480: $? = 0
configure:15713: result: GNU/Linux ld.so
configure:15764: checking how to hardcode library paths into programs
configure:15789: result: immediate
configure:15847: checking whether ln -s works
configure:15851: result: yes
configure:16115: checking for ANSI C header files
configure:16283: result: yes
configure:16313: checking limits.h usability
configure:16330: /opt/buildroot-gcc463_NPTLSHAREDLIBGCC/usr/bin/mipsel-linux-gcc -c -fPIC  conftest.c >&5
/opt/buildroot-gcc463_NPTLSHAREDLIBGCC/usr/lib/gcc/mipsel-buildroot-linux-uclibc/4.6.3/../../../../mipsel-buildroot-linux-uclibc/bin/as: /lib/libz.so.1: no version information available (required by /opt/buildroot-gcc463_NPTLSHAREDLIBGCC/usr/lib/gcc/mipsel-buildroot-linux-uclibc/4.6.3/../../../../mipsel-buildroot-linux-uclibc/bin/as)
configure:16337: $? = 0
configure:16351: result: yes
configure:16355: checking limits.h presence
configure:16370: mipsel-linux-gcc -E  conftest.c
configure:16377: $? = 0
configure:16391: result: yes
configure:16419: checking for limits.h
configure:16428: result: yes
configure:16302: checking for sys/types.h
configure:16309: result: yes
configure:16302: checking for sys/stat.h
configure:16309: result: yes
configure:16313: checking dirent.h usability
configure:16330: /opt/buildroot-gcc463_NPTLSHAREDLIBGCC/usr/bin/mipsel-linux-gcc -c -fPIC  conftest.c >&5
/opt/buildroot-gcc463_NPTLSHAREDLIBGCC/usr/lib/gcc/mipsel-buildroot-linux-uclibc/4.6.3/../../../../mipsel-buildroot-linux-uclibc/bin/as: /lib/libz.so.1: no version information available (required by /opt/buildroot-gcc463_NPTLSHAREDLIBGCC/usr/lib/gcc/mipsel-buildroot-linux-uclibc/4.6.3/../../../../mipsel-buildroot-linux-uclibc/bin/as)
configure:16337: $? = 0
configure:16351: result: yes
configure:16355: checking dirent.h presence
configure:16370: mipsel-linux-gcc -E  conftest.c
configure:16377: $? = 0
configure:16391: result: yes
configure:16419: checking for dirent.h
configure:16428: result: yes
configure:16313: checking windows.h usability
configure:16330: /opt/buildroot-gcc463_NPTLSHAREDLIBGCC/usr/bin/mipsel-linux-gcc -c -fPIC  conftest.c >&5
conftest.c:60:21: fatal error: windows.h: No such file or directory
compilation terminated.
configure:16337: $? = 1
configure: failed program was:
| /* confdefs.h.  */
| #define PACKAGE_NAME "PCRE"
| #define PACKAGE_TARNAME "pcre"
| #define PACKAGE_VERSION "8.01"
| #define PACKAGE_STRING "PCRE 8.01"
| #define PACKAGE_BUGREPORT ""
| #define PACKAGE "pcre"
| #define VERSION "8.01"
| #define STDC_HEADERS 1
| #define HAVE_SYS_TYPES_H 1
| #define HAVE_SYS_STAT_H 1
| #define HAVE_STDLIB_H 1
| #define HAVE_STRING_H 1
| #define HAVE_MEMORY_H 1
| #define HAVE_STRINGS_H 1
| #define HAVE_INTTYPES_H 1
| #define HAVE_STDINT_H 1
| #define HAVE_UNISTD_H 1
| #define HAVE_DLFCN_H 1
| #define LT_OBJDIR ".libs/"
| #define STDC_HEADERS 1
| #define HAVE_LIMITS_H 1
| #define HAVE_SYS_TYPES_H 1
| #define HAVE_SYS_STAT_H 1
| #define HAVE_DIRENT_H 1
| /* end confdefs.h.  */
| #include <stdio.h>
| #ifdef HAVE_SYS_TYPES_H
| # include <sys/types.h>
| #endif
| #ifdef HAVE_SYS_STAT_H
| # include <sys/stat.h>
| #endif
| #ifdef STDC_HEADERS
| # include <stdlib.h>
| # include <stddef.h>
| #else
| # ifdef HAVE_STDLIB_H
| #  include <stdlib.h>
| # endif
| #endif
| #ifdef HAVE_STRING_H
| # if !defined STDC_HEADERS && defined HAVE_MEMORY_H
| #  include <memory.h>
| # endif
| # include <string.h>
| #endif
| #ifdef HAVE_STRINGS_H
| # include <strings.h>
| #endif
| #ifdef HAVE_INTTYPES_H
| # include <inttypes.h>
| #endif
| #ifdef HAVE_STDINT_H
| # include <stdint.h>
| #endif
| #ifdef HAVE_UNISTD_H
| # include <unistd.h>
| #endif
| #include <windows.h>
configure:16351: result: no
configure:16355: checking windows.h presence
configure:16370: mipsel-linux-gcc -E  conftest.c
conftest.c:27:21: fatal error: windows.h: No such file or directory
compilation terminated.
configure:16377: $? = 1
configure: failed program was:
| /* confdefs.h.  */
| #define PACKAGE_NAME "PCRE"
| #define PACKAGE_TARNAME "pcre"
| #define PACKAGE_VERSION "8.01"
| #define PACKAGE_STRING "PCRE 8.01"
| #define PACKAGE_BUGREPORT ""
| #define PACKAGE "pcre"
| #define VERSION "8.01"
| #define STDC_HEADERS 1
| #define HAVE_SYS_TYPES_H 1
| #define HAVE_SYS_STAT_H 1
| #define HAVE_STDLIB_H 1
| #define HAVE_STRING_H 1
| #define HAVE_MEMORY_H 1
| #define HAVE_STRINGS_H 1
| #define HAVE_INTTYPES_H 1
| #define HAVE_STDINT_H 1
| #define HAVE_UNISTD_H 1
| #define HAVE_DLFCN_H 1
| #define LT_OBJDIR ".libs/"
| #define STDC_HEADERS 1
| #define HAVE_LIMITS_H 1
| #define HAVE_SYS_TYPES_H 1
| #define HAVE_SYS_STAT_H 1
| #define HAVE_DIRENT_H 1
| /* end confdefs.h.  */
| #include <windows.h>
configure:16391: result: no
configure:16419: checking for windows.h
configure:16428: result: no
configure:17301: checking for an ANSI C-conforming const
configure:17376: /opt/buildroot-gcc463_NPTLSHAREDLIBGCC/usr/bin/mipsel-linux-gcc -c -fPIC  conftest.c >&5
/opt/buildroot-gcc463_NPTLSHAREDLIBGCC/usr/lib/gcc/mipsel-buildroot-linux-uclibc/4.6.3/../../../../mipsel-buildroot-linux-uclibc/bin/as: /lib/libz.so.1: no version information available (required by /opt/buildroot-gcc463_NPTLSHAREDLIBGCC/usr/lib/gcc/mipsel-buildroot-linux-uclibc/4.6.3/../../../../mipsel-buildroot-linux-uclibc/bin/as)
configure:17383: $? = 0
configure:17398: result: yes
configure:17408: checking for size_t
configure:17436: /opt/buildroot-gcc463_NPTLSHAREDLIBGCC/usr/bin/mipsel-linux-gcc -c -fPIC  conftest.c >&5
/opt/buildroot-gcc463_NPTLSHAREDLIBGCC/usr/lib/gcc/mipsel-buildroot-linux-uclibc/4.6.3/../../../../mipsel-buildroot-linux-uclibc/bin/as: /lib/libz.so.1: no version information available (required by /opt/buildroot-gcc463_NPTLSHAREDLIBGCC/usr/lib/gcc/mipsel-buildroot-linux-uclibc/4.6.3/../../../../mipsel-buildroot-linux-uclibc/bin/as)
configure:17443: $? = 0
configure:17470: /opt/buildroot-gcc463_NPTLSHAREDLIBGCC/usr/bin/mipsel-linux-gcc -c -fPIC  conftest.c >&5
conftest.c: In function 'main':
conftest.c:63:21: error: expected expression before ')' token
configure:17477: $? = 1
configure: failed program was:
| /* confdefs.h.  */
| #define PACKAGE_NAME "PCRE"
| #define PACKAGE_TARNAME "pcre"
| #define PACKAGE_VERSION "8.01"
| #define PACKAGE_STRING "PCRE 8.01"
| #define PACKAGE_BUGREPORT ""
| #define PACKAGE "pcre"
| #define VERSION "8.01"
| #define STDC_HEADERS 1
| #define HAVE_SYS_TYPES_H 1
| #define HAVE_SYS_STAT_H 1
| #define HAVE_STDLIB_H 1
| #define HAVE_STRING_H 1
| #define HAVE_MEMORY_H 1
| #define HAVE_STRINGS_H 1
| #define HAVE_INTTYPES_H 1
| #define HAVE_STDINT_H 1
| #define HAVE_UNISTD_H 1
| #define HAVE_DLFCN_H 1
| #define LT_OBJDIR ".libs/"
| #define STDC_HEADERS 1
| #define HAVE_LIMITS_H 1
| #define HAVE_SYS_TYPES_H 1
| #define HAVE_SYS_STAT_H 1
| #define HAVE_DIRENT_H 1
| /* end confdefs.h.  */
| #include <stdio.h>
| #ifdef HAVE_SYS_TYPES_H
| # include <sys/types.h>
| #endif
| #ifdef HAVE_SYS_STAT_H
| # include <sys/stat.h>
| #endif
| #ifdef STDC_HEADERS
| # include <stdlib.h>
| # include <stddef.h>
| #else
| # ifdef HAVE_STDLIB_H
| #  include <stdlib.h>
| # endif
| #endif
| #ifdef HAVE_STRING_H
| # if !defined STDC_HEADERS && defined HAVE_MEMORY_H
| #  include <memory.h>
| # endif
| # include <string.h>
| #endif
| #ifdef HAVE_STRINGS_H
| # include <strings.h>
| #endif
| #ifdef HAVE_INTTYPES_H
| # include <inttypes.h>
| #endif
| #ifdef HAVE_STDINT_H
| # include <stdint.h>
| #endif
| #ifdef HAVE_UNISTD_H
| # include <unistd.h>
| #endif
| int
| main ()
| {
| if (sizeof ((size_t)))
| 	  return 0;
|   ;
|   return 0;
| }
configure:17500: result: yes
configure:17521: checking for bcopy
configure:17577: /opt/buildroot-gcc463_NPTLSHAREDLIBGCC/usr/bin/mipsel-linux-gcc -o conftest -fPIC   conftest.c  >&5
conftest.c:50:6: warning: conflicting types for built-in function 'bcopy' [enabled by default]
/opt/buildroot-gcc463_NPTLSHAREDLIBGCC/usr/lib/gcc/mipsel-buildroot-linux-uclibc/4.6.3/../../../../mipsel-buildroot-linux-uclibc/bin/as: /lib/libz.so.1: no version information available (required by /opt/buildroot-gcc463_NPTLSHAREDLIBGCC/usr/lib/gcc/mipsel-buildroot-linux-uclibc/4.6.3/../../../../mipsel-buildroot-linux-uclibc/bin/as)
/opt/buildroot-gcc463_NPTLSHAREDLIBGCC/usr/lib/gcc/mipsel-buildroot-linux-uclibc/4.6.3/../../../../mipsel-buildroot-linux-uclibc/bin/ld: /lib/libz.so.1: no version information available (required by /opt/buildroot-gcc463_NPTLSHAREDLIBGCC/usr/lib/gcc/mipsel-buildroot-linux-uclibc/4.6.3/../../../../mipsel-buildroot-linux-uclibc/bin/ld)
configure:17584: $? = 0
configure:17606: result: yes
configure:17521: checking for memmove
configure:17577: /opt/buildroot-gcc463_NPTLSHAREDLIBGCC/usr/bin/mipsel-linux-gcc -o conftest -fPIC   conftest.c  >&5
conftest.c:51:6: warning: conflicting types for built-in function 'memmove' [enabled by default]
/opt/buildroot-gcc463_NPTLSHAREDLIBGCC/usr/lib/gcc/mipsel-buildroot-linux-uclibc/4.6.3/../../../../mipsel-buildroot-linux-uclibc/bin/as: /lib/libz.so.1: no version information available (required by /opt/buildroot-gcc463_NPTLSHAREDLIBGCC/usr/lib/gcc/mipsel-buildroot-linux-uclibc/4.6.3/../../../../mipsel-buildroot-linux-uclibc/bin/as)
/opt/buildroot-gcc463_NPTLSHAREDLIBGCC/usr/lib/gcc/mipsel-buildroot-linux-uclibc/4.6.3/../../../../mipsel-buildroot-linux-uclibc/bin/ld: /lib/libz.so.1: no version information available (required by /opt/buildroot-gcc463_NPTLSHAREDLIBGCC/usr/lib/gcc/mipsel-buildroot-linux-uclibc/4.6.3/../../../../mipsel-buildroot-linux-uclibc/bin/ld)
configure:17584: $? = 0
configure:17606: result: yes
configure:17521: checking for strerror
configure:17577: /opt/buildroot-gcc463_NPTLSHAREDLIBGCC/usr/bin/mipsel-linux-gcc -o conftest -fPIC   conftest.c  >&5
/opt/buildroot-gcc463_NPTLSHAREDLIBGCC/usr/lib/gcc/mipsel-buildroot-linux-uclibc/4.6.3/../../../../mipsel-buildroot-linux-uclibc/bin/as: /lib/libz.so.1: no version information available (required by /opt/buildroot-gcc463_NPTLSHAREDLIBGCC/usr/lib/gcc/mipsel-buildroot-linux-uclibc/4.6.3/../../../../mipsel-buildroot-linux-uclibc/bin/as)
/opt/buildroot-gcc463_NPTLSHAREDLIBGCC/usr/lib/gcc/mipsel-buildroot-linux-uclibc/4.6.3/../../../../mipsel-buildroot-linux-uclibc/bin/ld: /lib/libz.so.1: no version information available (required by /opt/buildroot-gcc463_NPTLSHAREDLIBGCC/usr/lib/gcc/mipsel-buildroot-linux-uclibc/4.6.3/../../../../mipsel-buildroot-linux-uclibc/bin/ld)
configure:17584: $? = 0
configure:17606: result: yes
configure:17637: checking zlib.h usability
configure:17654: /opt/buildroot-gcc463_NPTLSHAREDLIBGCC/usr/bin/mipsel-linux-gcc -c -fPIC  conftest.c >&5
conftest.c:63:18: fatal error: zlib.h: No such file or directory
compilation terminated.
configure:17661: $? = 1
configure: failed program was:
| /* confdefs.h.  */
| #define PACKAGE_NAME "PCRE"
| #define PACKAGE_TARNAME "pcre"
| #define PACKAGE_VERSION "8.01"
| #define PACKAGE_STRING "PCRE 8.01"
| #define PACKAGE_BUGREPORT ""
| #define PACKAGE "pcre"
| #define VERSION "8.01"
| #define STDC_HEADERS 1
| #define HAVE_SYS_TYPES_H 1
| #define HAVE_SYS_STAT_H 1
| #define HAVE_STDLIB_H 1
| #define HAVE_STRING_H 1
| #define HAVE_MEMORY_H 1
| #define HAVE_STRINGS_H 1
| #define HAVE_INTTYPES_H 1
| #define HAVE_STDINT_H 1
| #define HAVE_UNISTD_H 1
| #define HAVE_DLFCN_H 1
| #define LT_OBJDIR ".libs/"
| #define STDC_HEADERS 1
| #define HAVE_LIMITS_H 1
| #define HAVE_SYS_TYPES_H 1
| #define HAVE_SYS_STAT_H 1
| #define HAVE_DIRENT_H 1
| #define HAVE_BCOPY 1
| #define HAVE_MEMMOVE 1
| #define HAVE_STRERROR 1
| /* end confdefs.h.  */
| #include <stdio.h>
| #ifdef HAVE_SYS_TYPES_H
| # include <sys/types.h>
| #endif
| #ifdef HAVE_SYS_STAT_H
| # include <sys/stat.h>
| #endif
| #ifdef STDC_HEADERS
| # include <stdlib.h>
| # include <stddef.h>
| #else
| # ifdef HAVE_STDLIB_H
| #  include <stdlib.h>
| # endif
| #endif
| #ifdef HAVE_STRING_H
| # if !defined STDC_HEADERS && defined HAVE_MEMORY_H
| #  include <memory.h>
| # endif
| # include <string.h>
| #endif
| #ifdef HAVE_STRINGS_H
| # include <strings.h>
| #endif
| #ifdef HAVE_INTTYPES_H
| # include <inttypes.h>
| #endif
| #ifdef HAVE_STDINT_H
| # include <stdint.h>
| #endif
| #ifdef HAVE_UNISTD_H
| # include <unistd.h>
| #endif
| #include <zlib.h>
configure:17675: result: no
configure:17679: checking zlib.h presence
configure:17694: mipsel-linux-gcc -E  conftest.c
conftest.c:30:18: fatal error: zlib.h: No such file or directory
compilation terminated.
configure:17701: $? = 1
configure: failed program was:
| /* confdefs.h.  */
| #define PACKAGE_NAME "PCRE"
| #define PACKAGE_TARNAME "pcre"
| #define PACKAGE_VERSION "8.01"
| #define PACKAGE_STRING "PCRE 8.01"
| #define PACKAGE_BUGREPORT ""
| #define PACKAGE "pcre"
| #define VERSION "8.01"
| #define STDC_HEADERS 1
| #define HAVE_SYS_TYPES_H 1
| #define HAVE_SYS_STAT_H 1
| #define HAVE_STDLIB_H 1
| #define HAVE_STRING_H 1
| #define HAVE_MEMORY_H 1
| #define HAVE_STRINGS_H 1
| #define HAVE_INTTYPES_H 1
| #define HAVE_STDINT_H 1
| #define HAVE_UNISTD_H 1
| #define HAVE_DLFCN_H 1
| #define LT_OBJDIR ".libs/"
| #define STDC_HEADERS 1
| #define HAVE_LIMITS_H 1
| #define HAVE_SYS_TYPES_H 1
| #define HAVE_SYS_STAT_H 1
| #define HAVE_DIRENT_H 1
| #define HAVE_BCOPY 1
| #define HAVE_MEMMOVE 1
| #define HAVE_STRERROR 1
| /* end confdefs.h.  */
| #include <zlib.h>
configure:17715: result: no
configure:17743: checking for zlib.h
configure:17752: result: no
configure:17767: checking for gzopen in -lz
configure:17802: /opt/buildroot-gcc463_NPTLSHAREDLIBGCC/usr/bin/mipsel-linux-gcc -o conftest -fPIC   conftest.c -lz   >&5
/opt/buildroot-gcc463_NPTLSHAREDLIBGCC/usr/lib/gcc/mipsel-buildroot-linux-uclibc/4.6.3/../../../../mipsel-buildroot-linux-uclibc/bin/as: /lib/libz.so.1: no version information available (required by /opt/buildroot-gcc463_NPTLSHAREDLIBGCC/usr/lib/gcc/mipsel-buildroot-linux-uclibc/4.6.3/../../../../mipsel-buildroot-linux-uclibc/bin/as)
/opt/buildroot-gcc463_NPTLSHAREDLIBGCC/usr/lib/gcc/mipsel-buildroot-linux-uclibc/4.6.3/../../../../mipsel-buildroot-linux-uclibc/bin/ld: /lib/libz.so.1: no version information available (required by /opt/buildroot-gcc463_NPTLSHAREDLIBGCC/usr/lib/gcc/mipsel-buildroot-linux-uclibc/4.6.3/../../../../mipsel-buildroot-linux-uclibc/bin/ld)
/opt/buildroot-gcc463_NPTLSHAREDLIBGCC/usr/lib/gcc/mipsel-buildroot-linux-uclibc/4.6.3/../../../../mipsel-buildroot-linux-uclibc/bin/ld: cannot find -lz
collect2: ld returned 1 exit status
configure:17809: $? = 1
configure: failed program was:
| /* confdefs.h.  */
| #define PACKAGE_NAME "PCRE"
| #define PACKAGE_TARNAME "pcre"
| #define PACKAGE_VERSION "8.01"
| #define PACKAGE_STRING "PCRE 8.01"
| #define PACKAGE_BUGREPORT ""
| #define PACKAGE "pcre"
| #define VERSION "8.01"
| #define STDC_HEADERS 1
| #define HAVE_SYS_TYPES_H 1
| #define HAVE_SYS_STAT_H 1
| #define HAVE_STDLIB_H 1
| #define HAVE_STRING_H 1
| #define HAVE_MEMORY_H 1
| #define HAVE_STRINGS_H 1
| #define HAVE_INTTYPES_H 1
| #define HAVE_STDINT_H 1
| #define HAVE_UNISTD_H 1
| #define HAVE_DLFCN_H 1
| #define LT_OBJDIR ".libs/"
| #define STDC_HEADERS 1
| #define HAVE_LIMITS_H 1
| #define HAVE_SYS_TYPES_H 1
| #define HAVE_SYS_STAT_H 1
| #define HAVE_DIRENT_H 1
| #define HAVE_BCOPY 1
| #define HAVE_MEMMOVE 1
| #define HAVE_STRERROR 1
| /* end confdefs.h.  */
| 
| /* Override any GCC internal prototype to avoid an error.
|    Use char because int might match the return type of a GCC
|    builtin and then its argument prototype would still apply.  */
| #ifdef __cplusplus
| extern "C"
| #endif
| char gzopen ();
| int
| main ()
| {
| return gzopen ();
|   ;
|   return 0;
| }
configure:17830: result: no
configure:17869: checking bzlib.h usability
configure:17886: /opt/buildroot-gcc463_NPTLSHAREDLIBGCC/usr/bin/mipsel-linux-gcc -c -fPIC  conftest.c >&5
conftest.c:63:19: fatal error: bzlib.h: No such file or directory
compilation terminated.
configure:17893: $? = 1
configure: failed program was:
| /* confdefs.h.  */
| #define PACKAGE_NAME "PCRE"
| #define PACKAGE_TARNAME "pcre"
| #define PACKAGE_VERSION "8.01"
| #define PACKAGE_STRING "PCRE 8.01"
| #define PACKAGE_BUGREPORT ""
| #define PACKAGE "pcre"
| #define VERSION "8.01"
| #define STDC_HEADERS 1
| #define HAVE_SYS_TYPES_H 1
| #define HAVE_SYS_STAT_H 1
| #define HAVE_STDLIB_H 1
| #define HAVE_STRING_H 1
| #define HAVE_MEMORY_H 1
| #define HAVE_STRINGS_H 1
| #define HAVE_INTTYPES_H 1
| #define HAVE_STDINT_H 1
| #define HAVE_UNISTD_H 1
| #define HAVE_DLFCN_H 1
| #define LT_OBJDIR ".libs/"
| #define STDC_HEADERS 1
| #define HAVE_LIMITS_H 1
| #define HAVE_SYS_TYPES_H 1
| #define HAVE_SYS_STAT_H 1
| #define HAVE_DIRENT_H 1
| #define HAVE_BCOPY 1
| #define HAVE_MEMMOVE 1
| #define HAVE_STRERROR 1
| /* end confdefs.h.  */
| #include <stdio.h>
| #ifdef HAVE_SYS_TYPES_H
| # include <sys/types.h>
| #endif
| #ifdef HAVE_SYS_STAT_H
| # include <sys/stat.h>
| #endif
| #ifdef STDC_HEADERS
| # include <stdlib.h>
| # include <stddef.h>
| #else
| # ifdef HAVE_STDLIB_H
| #  include <stdlib.h>
| # endif
| #endif
| #ifdef HAVE_STRING_H
| # if !defined STDC_HEADERS && defined HAVE_MEMORY_H
| #  include <memory.h>
| # endif
| # include <string.h>
| #endif
| #ifdef HAVE_STRINGS_H
| # include <strings.h>
| #endif
| #ifdef HAVE_INTTYPES_H
| # include <inttypes.h>
| #endif
| #ifdef HAVE_STDINT_H
| # include <stdint.h>
| #endif
| #ifdef HAVE_UNISTD_H
| # include <unistd.h>
| #endif
| #include <bzlib.h>
configure:17907: result: no
configure:17911: checking bzlib.h presence
configure:17926: mipsel-linux-gcc -E  conftest.c
conftest.c:30:19: fatal error: bzlib.h: No such file or directory
compilation terminated.
configure:17933: $? = 1
configure: failed program was:
| /* confdefs.h.  */
| #define PACKAGE_NAME "PCRE"
| #define PACKAGE_TARNAME "pcre"
| #define PACKAGE_VERSION "8.01"
| #define PACKAGE_STRING "PCRE 8.01"
| #define PACKAGE_BUGREPORT ""
| #define PACKAGE "pcre"
| #define VERSION "8.01"
| #define STDC_HEADERS 1
| #define HAVE_SYS_TYPES_H 1
| #define HAVE_SYS_STAT_H 1
| #define HAVE_STDLIB_H 1
| #define HAVE_STRING_H 1
| #define HAVE_MEMORY_H 1
| #define HAVE_STRINGS_H 1
| #define HAVE_INTTYPES_H 1
| #define HAVE_STDINT_H 1
| #define HAVE_UNISTD_H 1
| #define HAVE_DLFCN_H 1
| #define LT_OBJDIR ".libs/"
| #define STDC_HEADERS 1
| #define HAVE_LIMITS_H 1
| #define HAVE_SYS_TYPES_H 1
| #define HAVE_SYS_STAT_H 1
| #define HAVE_DIRENT_H 1
| #define HAVE_BCOPY 1
| #define HAVE_MEMMOVE 1
| #define HAVE_STRERROR 1
| /* end confdefs.h.  */
| #include <bzlib.h>
configure:17947: result: no
configure:17975: checking for bzlib.h
configure:17984: result: no
configure:18004: checking for libbz2
configure:18032: /opt/buildroot-gcc463_NPTLSHAREDLIBGCC/usr/bin/mipsel-linux-gcc -o conftest -fPIC   conftest.c  -lbz2 >&5
/opt/buildroot-gcc463_NPTLSHAREDLIBGCC/usr/lib/gcc/mipsel-buildroot-linux-uclibc/4.6.3/../../../../mipsel-buildroot-linux-uclibc/bin/as: /lib/libz.so.1: no version information available (required by /opt/buildroot-gcc463_NPTLSHAREDLIBGCC/usr/lib/gcc/mipsel-buildroot-linux-uclibc/4.6.3/../../../../mipsel-buildroot-linux-uclibc/bin/as)
/opt/buildroot-gcc463_NPTLSHAREDLIBGCC/usr/lib/gcc/mipsel-buildroot-linux-uclibc/4.6.3/../../../../mipsel-buildroot-linux-uclibc/bin/ld: /lib/libz.so.1: no version information available (required by /opt/buildroot-gcc463_NPTLSHAREDLIBGCC/usr/lib/gcc/mipsel-buildroot-linux-uclibc/4.6.3/../../../../mipsel-buildroot-linux-uclibc/bin/ld)
/opt/buildroot-gcc463_NPTLSHAREDLIBGCC/usr/lib/gcc/mipsel-buildroot-linux-uclibc/4.6.3/../../../../mipsel-buildroot-linux-uclibc/bin/ld: cannot find -lbz2
collect2: ld returned 1 exit status
configure:18039: $? = 1
configure: failed program was:
| /* confdefs.h.  */
| #define PACKAGE_NAME "PCRE"
| #define PACKAGE_TARNAME "pcre"
| #define PACKAGE_VERSION "8.01"
| #define PACKAGE_STRING "PCRE 8.01"
| #define PACKAGE_BUGREPORT ""
| #define PACKAGE "pcre"
| #define VERSION "8.01"
| #define STDC_HEADERS 1
| #define HAVE_SYS_TYPES_H 1
| #define HAVE_SYS_STAT_H 1
| #define HAVE_STDLIB_H 1
| #define HAVE_STRING_H 1
| #define HAVE_MEMORY_H 1
| #define HAVE_STRINGS_H 1
| #define HAVE_INTTYPES_H 1
| #define HAVE_STDINT_H 1
| #define HAVE_UNISTD_H 1
| #define HAVE_DLFCN_H 1
| #define LT_OBJDIR ".libs/"
| #define STDC_HEADERS 1
| #define HAVE_LIMITS_H 1
| #define HAVE_SYS_TYPES_H 1
| #define HAVE_SYS_STAT_H 1
| #define HAVE_DIRENT_H 1
| #define HAVE_BCOPY 1
| #define HAVE_MEMMOVE 1
| #define HAVE_STRERROR 1
| /* end confdefs.h.  */
| 
| #ifdef HAVE_BZLIB_H
| #include <bzlib.h>
| #endif
| int
| main ()
| {
| return (int)BZ2_bzopen("conftest", "rb");
|   ;
|   return 0;
| }
configure:18053: result: no
configure:18080: checking readline/readline.h usability
configure:18097: /opt/buildroot-gcc463_NPTLSHAREDLIBGCC/usr/bin/mipsel-linux-gcc -c -fPIC  conftest.c >&5
conftest.c:63:31: fatal error: readline/readline.h: No such file or directory
compilation terminated.
configure:18104: $? = 1
configure: failed program was:
| /* confdefs.h.  */
| #define PACKAGE_NAME "PCRE"
| #define PACKAGE_TARNAME "pcre"
| #define PACKAGE_VERSION "8.01"
| #define PACKAGE_STRING "PCRE 8.01"
| #define PACKAGE_BUGREPORT ""
| #define PACKAGE "pcre"
| #define VERSION "8.01"
| #define STDC_HEADERS 1
| #define HAVE_SYS_TYPES_H 1
| #define HAVE_SYS_STAT_H 1
| #define HAVE_STDLIB_H 1
| #define HAVE_STRING_H 1
| #define HAVE_MEMORY_H 1
| #define HAVE_STRINGS_H 1
| #define HAVE_INTTYPES_H 1
| #define HAVE_STDINT_H 1
| #define HAVE_UNISTD_H 1
| #define HAVE_DLFCN_H 1
| #define LT_OBJDIR ".libs/"
| #define STDC_HEADERS 1
| #define HAVE_LIMITS_H 1
| #define HAVE_SYS_TYPES_H 1
| #define HAVE_SYS_STAT_H 1
| #define HAVE_DIRENT_H 1
| #define HAVE_BCOPY 1
| #define HAVE_MEMMOVE 1
| #define HAVE_STRERROR 1
| /* end confdefs.h.  */
| #include <stdio.h>
| #ifdef HAVE_SYS_TYPES_H
| # include <sys/types.h>
| #endif
| #ifdef HAVE_SYS_STAT_H
| # include <sys/stat.h>
| #endif
| #ifdef STDC_HEADERS
| # include <stdlib.h>
| # include <stddef.h>
| #else
| # ifdef HAVE_STDLIB_H
| #  include <stdlib.h>
| # endif
| #endif
| #ifdef HAVE_STRING_H
| # if !defined STDC_HEADERS && defined HAVE_MEMORY_H
| #  include <memory.h>
| # endif
| # include <string.h>
| #endif
| #ifdef HAVE_STRINGS_H
| # include <strings.h>
| #endif
| #ifdef HAVE_INTTYPES_H
| # include <inttypes.h>
| #endif
| #ifdef HAVE_STDINT_H
| # include <stdint.h>
| #endif
| #ifdef HAVE_UNISTD_H
| # include <unistd.h>
| #endif
| #include <readline/readline.h>
configure:18118: result: no
configure:18122: checking readline/readline.h presence
configure:18137: mipsel-linux-gcc -E  conftest.c
conftest.c:30:31: fatal error: readline/readline.h: No such file or directory
compilation terminated.
configure:18144: $? = 1
configure: failed program was:
| /* confdefs.h.  */
| #define PACKAGE_NAME "PCRE"
| #define PACKAGE_TARNAME "pcre"
| #define PACKAGE_VERSION "8.01"
| #define PACKAGE_STRING "PCRE 8.01"
| #define PACKAGE_BUGREPORT ""
| #define PACKAGE "pcre"
| #define VERSION "8.01"
| #define STDC_HEADERS 1
| #define HAVE_SYS_TYPES_H 1
| #define HAVE_SYS_STAT_H 1
| #define HAVE_STDLIB_H 1
| #define HAVE_STRING_H 1
| #define HAVE_MEMORY_H 1
| #define HAVE_STRINGS_H 1
| #define HAVE_INTTYPES_H 1
| #define HAVE_STDINT_H 1
| #define HAVE_UNISTD_H 1
| #define HAVE_DLFCN_H 1
| #define LT_OBJDIR ".libs/"
| #define STDC_HEADERS 1
| #define HAVE_LIMITS_H 1
| #define HAVE_SYS_TYPES_H 1
| #define HAVE_SYS_STAT_H 1
| #define HAVE_DIRENT_H 1
| #define HAVE_BCOPY 1
| #define HAVE_MEMMOVE 1
| #define HAVE_STRERROR 1
| /* end confdefs.h.  */
| #include <readline/readline.h>
configure:18158: result: no
configure:18186: checking for readline/readline.h
configure:18195: result: no
configure:18226: checking readline/history.h usability
configure:18243: /opt/buildroot-gcc463_NPTLSHAREDLIBGCC/usr/bin/mipsel-linux-gcc -c -fPIC  conftest.c >&5
conftest.c:63:30: fatal error: readline/history.h: No such file or directory
compilation terminated.
configure:18250: $? = 1
configure: failed program was:
| /* confdefs.h.  */
| #define PACKAGE_NAME "PCRE"
| #define PACKAGE_TARNAME "pcre"
| #define PACKAGE_VERSION "8.01"
| #define PACKAGE_STRING "PCRE 8.01"
| #define PACKAGE_BUGREPORT ""
| #define PACKAGE "pcre"
| #define VERSION "8.01"
| #define STDC_HEADERS 1
| #define HAVE_SYS_TYPES_H 1
| #define HAVE_SYS_STAT_H 1
| #define HAVE_STDLIB_H 1
| #define HAVE_STRING_H 1
| #define HAVE_MEMORY_H 1
| #define HAVE_STRINGS_H 1
| #define HAVE_INTTYPES_H 1
| #define HAVE_STDINT_H 1
| #define HAVE_UNISTD_H 1
| #define HAVE_DLFCN_H 1
| #define LT_OBJDIR ".libs/"
| #define STDC_HEADERS 1
| #define HAVE_LIMITS_H 1
| #define HAVE_SYS_TYPES_H 1
| #define HAVE_SYS_STAT_H 1
| #define HAVE_DIRENT_H 1
| #define HAVE_BCOPY 1
| #define HAVE_MEMMOVE 1
| #define HAVE_STRERROR 1
| /* end confdefs.h.  */
| #include <stdio.h>
| #ifdef HAVE_SYS_TYPES_H
| # include <sys/types.h>
| #endif
| #ifdef HAVE_SYS_STAT_H
| # include <sys/stat.h>
| #endif
| #ifdef STDC_HEADERS
| # include <stdlib.h>
| # include <stddef.h>
| #else
| # ifdef HAVE_STDLIB_H
| #  include <stdlib.h>
| # endif
| #endif
| #ifdef HAVE_STRING_H
| # if !defined STDC_HEADERS && defined HAVE_MEMORY_H
| #  include <memory.h>
| # endif
| # include <string.h>
| #endif
| #ifdef HAVE_STRINGS_H
| # include <strings.h>
| #endif
| #ifdef HAVE_INTTYPES_H
| # include <inttypes.h>
| #endif
| #ifdef HAVE_STDINT_H
| # include <stdint.h>
| #endif
| #ifdef HAVE_UNISTD_H
| # include <unistd.h>
| #endif
| #include <readline/history.h>
configure:18264: result: no
configure:18268: checking readline/history.h presence
configure:18283: mipsel-linux-gcc -E  conftest.c
conftest.c:30:30: fatal error: readline/history.h: No such file or directory
compilation terminated.
configure:18290: $? = 1
configure: failed program was:
| /* confdefs.h.  */
| #define PACKAGE_NAME "PCRE"
| #define PACKAGE_TARNAME "pcre"
| #define PACKAGE_VERSION "8.01"
| #define PACKAGE_STRING "PCRE 8.01"
| #define PACKAGE_BUGREPORT ""
| #define PACKAGE "pcre"
| #define VERSION "8.01"
| #define STDC_HEADERS 1
| #define HAVE_SYS_TYPES_H 1
| #define HAVE_SYS_STAT_H 1
| #define HAVE_STDLIB_H 1
| #define HAVE_STRING_H 1
| #define HAVE_MEMORY_H 1
| #define HAVE_STRINGS_H 1
| #define HAVE_INTTYPES_H 1
| #define HAVE_STDINT_H 1
| #define HAVE_UNISTD_H 1
| #define HAVE_DLFCN_H 1
| #define LT_OBJDIR ".libs/"
| #define STDC_HEADERS 1
| #define HAVE_LIMITS_H 1
| #define HAVE_SYS_TYPES_H 1
| #define HAVE_SYS_STAT_H 1
| #define HAVE_DIRENT_H 1
| #define HAVE_BCOPY 1
| #define HAVE_MEMMOVE 1
| #define HAVE_STRERROR 1
| /* end confdefs.h.  */
| #include <readline/history.h>
configure:18304: result: no
configure:18332: checking for readline/history.h
configure:18341: result: no
configure:18356: checking for readline in -lreadline
configure:18391: /opt/buildroot-gcc463_NPTLSHAREDLIBGCC/usr/bin/mipsel-linux-gcc -o conftest -fPIC   conftest.c -lreadline   >&5
/opt/buildroot-gcc463_NPTLSHAREDLIBGCC/usr/lib/gcc/mipsel-buildroot-linux-uclibc/4.6.3/../../../../mipsel-buildroot-linux-uclibc/bin/as: /lib/libz.so.1: no version information available (required by /opt/buildroot-gcc463_NPTLSHAREDLIBGCC/usr/lib/gcc/mipsel-buildroot-linux-uclibc/4.6.3/../../../../mipsel-buildroot-linux-uclibc/bin/as)
/opt/buildroot-gcc463_NPTLSHAREDLIBGCC/usr/lib/gcc/mipsel-buildroot-linux-uclibc/4.6.3/../../../../mipsel-buildroot-linux-uclibc/bin/ld: /lib/libz.so.1: no version information available (required by /opt/buildroot-gcc463_NPTLSHAREDLIBGCC/usr/lib/gcc/mipsel-buildroot-linux-uclibc/4.6.3/../../../../mipsel-buildroot-linux-uclibc/bin/ld)
/opt/buildroot-gcc463_NPTLSHAREDLIBGCC/usr/lib/gcc/mipsel-buildroot-linux-uclibc/4.6.3/../../../../mipsel-buildroot-linux-uclibc/bin/ld: cannot find -lreadline
collect2: ld returned 1 exit status
configure:18398: $? = 1
configure: failed program was:
| /* confdefs.h.  */
| #define PACKAGE_NAME "PCRE"
| #define PACKAGE_TARNAME "pcre"
| #define PACKAGE_VERSION "8.01"
| #define PACKAGE_STRING "PCRE 8.01"
| #define PACKAGE_BUGREPORT ""
| #define PACKAGE "pcre"
| #define VERSION "8.01"
| #define STDC_HEADERS 1
| #define HAVE_SYS_TYPES_H 1
| #define HAVE_SYS_STAT_H 1
| #define HAVE_STDLIB_H 1
| #define HAVE_STRING_H 1
| #define HAVE_MEMORY_H 1
| #define HAVE_STRINGS_H 1
| #define HAVE_INTTYPES_H 1
| #define HAVE_STDINT_H 1
| #define HAVE_UNISTD_H 1
| #define HAVE_DLFCN_H 1
| #define LT_OBJDIR ".libs/"
| #define STDC_HEADERS 1
| #define HAVE_LIMITS_H 1
| #define HAVE_SYS_TYPES_H 1
| #define HAVE_SYS_STAT_H 1
| #define HAVE_DIRENT_H 1
| #define HAVE_BCOPY 1
| #define HAVE_MEMMOVE 1
| #define HAVE_STRERROR 1
| /* end confdefs.h.  */
| 
| /* Override any GCC internal prototype to avoid an error.
|    Use char because int might match the return type of a GCC
|    builtin and then its argument prototype would still apply.  */
| #ifdef __cplusplus
| extern "C"
| #endif
| char readline ();
| int
| main ()
| {
| return readline ();
|   ;
|   return 0;
| }
configure:18419: result: no
configure:18784: creating ./config.status

## ---------------------- ##
## Running config.status. ##
## ---------------------- ##

This file was extended by PCRE config.status 8.01, which was
generated by GNU Autoconf 2.63.  Invocation command line was

  CONFIG_FILES    = 
  CONFIG_HEADERS  = 
  CONFIG_LINKS    = 
  CONFIG_COMMANDS = 
  $ ./config.status 

on localhost.localdomain

config.status:1091: creating Makefile
config.status:1091: creating libpcre.pc
config.status:1091: creating libpcreposix.pc
config.status:1091: creating libpcrecpp.pc
config.status:1091: creating pcre-config
config.status:1091: creating pcre.h
config.status:1091: creating pcre_stringpiece.h
config.status:1091: creating pcrecpparg.h
config.status:1091: creating config.h
config.status:1313: config.h is unchanged
config.status:1365: executing depfiles commands
config.status:1365: executing libtool commands
config.status:1365: executing script-chmod commands
config.status:1365: executing delete-old-chartables commands

## ---------------- ##
## Cache variables. ##
## ---------------- ##

ac_cv_build=i686-pc-linux-uclibc
ac_cv_c_compiler_gnu=yes
ac_cv_c_const=yes
ac_cv_c_int64_t=yes
ac_cv_cxx_compiler_gnu=yes
ac_cv_env_CCC_set=
ac_cv_env_CCC_value=
ac_cv_env_CC_set=set
ac_cv_env_CC_value=/opt/buildroot-gcc463_NPTLSHAREDLIBGCC/usr/bin/mipsel-linux-gcc
ac_cv_env_CFLAGS_set=set
ac_cv_env_CFLAGS_value=-fPIC
ac_cv_env_CPPFLAGS_set=
ac_cv_env_CPPFLAGS_value=
ac_cv_env_CPP_set=set
ac_cv_env_CPP_value='mipsel-linux-gcc -E'
ac_cv_env_CXXCPP_set=
ac_cv_env_CXXCPP_value=
ac_cv_env_CXXFLAGS_set=
ac_cv_env_CXXFLAGS_value=
ac_cv_env_CXX_set=set
ac_cv_env_CXX_value=
ac_cv_env_LDFLAGS_set=
ac_cv_env_LDFLAGS_value=
ac_cv_env_LIBS_set=
ac_cv_env_LIBS_value=
ac_cv_env_build_alias_set=
ac_cv_env_build_alias_value=
ac_cv_env_host_alias_set=set
ac_cv_env_host_alias_value=mipsel-linux
ac_cv_env_target_alias_set=
ac_cv_env_target_alias_value=
ac_cv_func_bcopy=yes
ac_cv_func_memmove=yes
ac_cv_func_strerror=yes
ac_cv_header_bzlib_h=no
ac_cv_header_dirent_h=yes
ac_cv_header_dlfcn_h=yes
ac_cv_header_inttypes_h=yes
ac_cv_header_limits_h=yes
ac_cv_header_memory_h=yes
ac_cv_header_readline_history_h=no
ac_cv_header_readline_readline_h=no
ac_cv_header_stdc=yes
ac_cv_header_stdint_h=yes
ac_cv_header_stdlib_h=yes
ac_cv_header_string_h=yes
ac_cv_header_strings_h=yes
ac_cv_header_sys_stat_h=yes
ac_cv_header_sys_types_h=yes
ac_cv_header_unistd_h=yes
ac_cv_header_windows_h=no
ac_cv_header_zlib_h=no
ac_cv_host=mipsel-unknown-linux-gnu
ac_cv_lib_readline_readline=no
ac_cv_lib_z_gzopen=no
ac_cv_objext=o
ac_cv_path_EGREP='/bin/grep -E'
ac_cv_path_FGREP='/bin/grep -F'
ac_cv_path_GREP=/bin/grep
ac_cv_path_SED=/bin/sed
ac_cv_path_install='/usr/bin/install -c'
ac_cv_path_mkdir=/bin/mkdir
ac_cv_prog_AR=mipsel-linux-ar
ac_cv_prog_AWK=gawk
ac_cv_prog_CC=/opt/buildroot-gcc463_NPTLSHAREDLIBGCC/usr/bin/mipsel-linux-gcc
ac_cv_prog_CPP='mipsel-linux-gcc -E'
ac_cv_prog_CXX=mipsel-linux-g++
ac_cv_prog_CXXCPP='mipsel-linux-g++ -E'
ac_cv_prog_OBJDUMP=objdump
ac_cv_prog_RANLIB=mipsel-linux-ranlib
ac_cv_prog_STRIP=mipsel-linux-strip
ac_cv_prog_cc_c89=
ac_cv_prog_cc_g=yes
ac_cv_prog_cxx_g=yes
ac_cv_prog_make_make_set=yes
ac_cv_type_size_t=yes
am_cv_CC_dependencies_compiler_type=gcc3
am_cv_CXX_dependencies_compiler_type=gcc3
lt_cv_deplibs_check_method=pass_all
lt_cv_file_magic_cmd='$MAGIC_CMD'
lt_cv_file_magic_test_file=
lt_cv_ld_reload_flag=-r
lt_cv_nm_interface='BSD nm'
lt_cv_objdir=.libs
lt_cv_path_LD=/opt/buildroot-gcc463_NPTLSHAREDLIBGCC/usr/bin/mipsel-linux-ld
lt_cv_path_LDCXX=/opt/buildroot-gcc463_NPTLSHAREDLIBGCC/usr/bin/mipsel-linux-ld
lt_cv_path_NM=/opt/buildroot-gcc463_NPTLSHAREDLIBGCC//usr/bin//mipsel-linux-nm
lt_cv_prog_compiler_c_o=yes
lt_cv_prog_compiler_c_o_CXX=yes
lt_cv_prog_compiler_pic_works=yes
lt_cv_prog_compiler_pic_works_CXX=yes
lt_cv_prog_compiler_rtti_exceptions=no
lt_cv_prog_compiler_static_works=yes
lt_cv_prog_compiler_static_works_CXX=yes
lt_cv_prog_gnu_ld=yes
lt_cv_prog_gnu_ldcxx=yes
lt_cv_sys_global_symbol_pipe='sed -n -e '\''s/^.*[	 ]\([ABCDGIRSTW][ABCDGIRSTW]*\)[	 ][	 ]*\([_A-Za-z][_A-Za-z0-9]*\)$/\1 \2 \2/p'\'''
lt_cv_sys_global_symbol_to_c_name_address='sed -n -e '\''s/^: \([^ ]*\) $/  {\"\1\", (void *) 0},/p'\'' -e '\''s/^[ABCDGIRSTW]* \([^ ]*\) \([^ ]*\)$/  {"\2", (void *) \&\2},/p'\'''
lt_cv_sys_global_symbol_to_c_name_address_lib_prefix='sed -n -e '\''s/^: \([^ ]*\) $/  {\"\1\", (void *) 0},/p'\'' -e '\''s/^[ABCDGIRSTW]* \([^ ]*\) \(lib[^ ]*\)$/  {"\2", (void *) \&\2},/p'\'' -e '\''s/^[ABCDGIRSTW]* \([^ ]*\) \([^ ]*\)$/  {"lib\2", (void *) \&\2},/p'\'''
lt_cv_sys_global_symbol_to_cdecl='sed -n -e '\''s/^T .* \(.*\)$/extern int \1();/p'\'' -e '\''s/^[ABCDGIRSTW]* .* \(.*\)$/extern char \1;/p'\'''
lt_cv_sys_max_cmd_len=1966080

## ----------------- ##
## Output variables. ##
## ----------------- ##

ACLOCAL='${SHELL} /home/disk2/eason/eason_disk3/R6950_1042/sc_trunk/GPL/R6950_V1.1.0.42_src/sdk5010/lib/pcre-8.01/missing --run aclocal-1.10'
AMDEPBACKSLASH='\'
AMDEP_FALSE='#'
AMDEP_TRUE=''
AMTAR='${SHELL} /home/disk2/eason/eason_disk3/R6950_1042/sc_trunk/GPL/R6950_V1.1.0.42_src/sdk5010/lib/pcre-8.01/missing --run tar'
AR='mipsel-linux-ar'
AS='as'
AUTOCONF='${SHELL} /home/disk2/eason/eason_disk3/R6950_1042/sc_trunk/GPL/R6950_V1.1.0.42_src/sdk5010/lib/pcre-8.01/missing --run autoconf'
AUTOHEADER='${SHELL} /home/disk2/eason/eason_disk3/R6950_1042/sc_trunk/GPL/R6950_V1.1.0.42_src/sdk5010/lib/pcre-8.01/missing --run autoheader'
AUTOMAKE='${SHELL} /home/disk2/eason/eason_disk3/R6950_1042/sc_trunk/GPL/R6950_V1.1.0.42_src/sdk5010/lib/pcre-8.01/missing --run automake-1.10'
AWK='gawk'
CC='/opt/buildroot-gcc463_NPTLSHAREDLIBGCC/usr/bin/mipsel-linux-gcc'
CCDEPMODE='depmode=gcc3'
CFLAGS='-fPIC'
CPP='mipsel-linux-gcc -E'
CPPFLAGS=''
CXX='mipsel-linux-g++'
CXXCPP='mipsel-linux-g++ -E'
CXXDEPMODE='depmode=gcc3'
CXXFLAGS='-O2'
CYGPATH_W='echo'
DEFS='-DHAVE_CONFIG_H'
DEPDIR='.deps'
DISTCHECK_CONFIGURE_FLAGS='--enable-cpp --enable-unicode-properties'
DLLTOOL='dlltool'
DSYMUTIL=''
DUMPBIN=''
ECHO_C=''
ECHO_N='-n'
ECHO_T=''
EGREP='/bin/grep -E'
EXEEXT=''
EXTRA_LIBPCRECPP_LDFLAGS='                            -version-info 0:0:0                           '
EXTRA_LIBPCREPOSIX_LDFLAGS='                              -version-info 0:0:0'
EXTRA_LIBPCRE_LDFLAGS='                         -version-info 0:1:0'
FGREP='/bin/grep -F'
GREP='/bin/grep'
INSTALL_DATA='${INSTALL} -m 644'
INSTALL_PROGRAM='${INSTALL}'
INSTALL_SCRIPT='${INSTALL}'
INSTALL_STRIP_PROGRAM='$(install_sh) -c -s'
LD='/opt/buildroot-gcc463_NPTLSHAREDLIBGCC/usr/bin/mipsel-linux-ld'
LDFLAGS=''
LIBBZ2=''
LIBOBJS=''
LIBREADLINE=''
LIBS=''
LIBTOOL='$(SHELL) $(top_builddir)/libtool'
LIBZ=''
LIPO=''
LN_S='ln -s'
LTLIBOBJS=''
MAKEINFO='${SHELL} /home/disk2/eason/eason_disk3/R6950_1042/sc_trunk/GPL/R6950_V1.1.0.42_src/sdk5010/lib/pcre-8.01/missing --run makeinfo'
MKDIR_P='/bin/mkdir -p'
NM='/opt/buildroot-gcc463_NPTLSHAREDLIBGCC//usr/bin//mipsel-linux-nm'
NMEDIT=''
OBJDUMP='objdump'
OBJEXT='o'
OTOOL64=''
OTOOL=''
PACKAGE='pcre'
PACKAGE_BUGREPORT=''
PACKAGE_NAME='PCRE'
PACKAGE_STRING='PCRE 8.01'
PACKAGE_TARNAME='pcre'
PACKAGE_VERSION='8.01'
PATH_SEPARATOR=':'
PCRE_DATE='2010-01-19'
PCRE_MAJOR='8'
PCRE_MINOR='01'
PCRE_PRERELEASE=''
PCRE_STATIC_CFLAG=''
RANLIB='mipsel-linux-ranlib'
SED='/bin/sed'
SET_MAKE=''
SHELL='/bin/sh'
STRIP='mipsel-linux-strip'
VERSION='8.01'
WITH_PCRE_CPP_FALSE=''
WITH_PCRE_CPP_TRUE='#'
WITH_REBUILD_CHARTABLES_FALSE=''
WITH_REBUILD_CHARTABLES_TRUE='#'
ac_ct_CC=''
ac_ct_CXX=''
ac_ct_DUMPBIN=''
am__fastdepCC_FALSE='#'
am__fastdepCC_TRUE=''
am__fastdepCXX_FALSE='#'
am__fastdepCXX_TRUE=''
am__include='include'
am__isrc=''
am__leading_dot='.'
am__quote=''
am__tar='${AMTAR} chof - "$$tardir"'
am__untar='${AMTAR} xf -'
bindir='${exec_prefix}/bin'
build='i686-pc-linux-uclibc'
build_alias=''
build_cpu='i686'
build_os='linux-uclibc'
build_vendor='pc'
datadir='${datarootdir}'
datarootdir='${prefix}/share'
docdir='${datarootdir}/doc/${PACKAGE_TARNAME}'
dvidir='${docdir}'
exec_prefix='${prefix}'
host='mipsel-unknown-linux-gnu'
host_alias='mipsel-linux'
host_cpu='mipsel'
host_os='linux-gnu'
host_vendor='unknown'
htmldir='${docdir}/html'
includedir='${prefix}/include'
infodir='${datarootdir}/info'
install_sh='$(SHELL) /home/disk2/eason/eason_disk3/R6950_1042/sc_trunk/GPL/R6950_V1.1.0.42_src/sdk5010/lib/pcre-8.01/install-sh'
libdir='${exec_prefix}/lib'
libexecdir='${exec_prefix}/libexec'
localedir='${datarootdir}/locale'
localstatedir='${prefix}/var'
lt_ECHO='echo'
mandir='${datarootdir}/man'
mkdir_p='/bin/mkdir -p'
oldincludedir='/usr/include'
pcre_have_bits_type_traits='0'
pcre_have_long_long=''
pcre_have_type_traits='0'
pcre_have_ulong_long=''
pdfdir='${docdir}'
prefix='/usr/local'
program_transform_name='s,x,x,'
psdir='${docdir}'
sbindir='${exec_prefix}/sbin'
sharedstatedir='${prefix}/com'
sysconfdir='${prefix}/etc'
target_alias=''

## ----------- ##
## confdefs.h. ##
## ----------- ##

#define PACKAGE_NAME "PCRE"
#define PACKAGE_TARNAME "pcre"
#define PACKAGE_VERSION "8.01"
#define PACKAGE_STRING "PCRE 8.01"
#define PACKAGE_BUGREPORT ""
#define PACKAGE "pcre"
#define VERSION "8.01"
#define STDC_HEADERS 1
#define HAVE_SYS_TYPES_H 1
#define HAVE_SYS_STAT_H 1
#define HAVE_STDLIB_H 1
#define HAVE_STRING_H 1
#define HAVE_MEMORY_H 1
#define HAVE_STRINGS_H 1
#define HAVE_INTTYPES_H 1
#define HAVE_STDINT_H 1
#define HAVE_UNISTD_H 1
#define HAVE_DLFCN_H 1
#define LT_OBJDIR ".libs/"
#define STDC_HEADERS 1
#define HAVE_LIMITS_H 1
#define HAVE_SYS_TYPES_H 1
#define HAVE_SYS_STAT_H 1
#define HAVE_DIRENT_H 1
#define HAVE_BCOPY 1
#define HAVE_MEMMOVE 1
#define HAVE_STRERROR 1
#define NEWLINE 10
#define LINK_SIZE 2
#define POSIX_MALLOC_THRESHOLD 10
#define MATCH_LIMIT 10000000
#define MATCH_LIMIT_RECURSION MATCH_LIMIT
#define MAX_NAME_SIZE 32
#define MAX_NAME_COUNT 10000

configure: exit 0
