This file contains any messages produced by compilers while
running configure, to aid debugging if configure makes a mistake.

It was created by iptables configure 1.4.10, which was
generated by GNU Autoconf 2.65.  Invocation command line was

  $ ./configure --disable-shared

## --------- ##
## Platform. ##
## --------- ##

hostname = localhost.localdomain
uname -m = i686
uname -r = 2.6.31.5-127.fc12.i686.PAE
uname -s = Linux
uname -v = #1 SMP Sat Nov 7 21:25:57 EST 2009

/usr/bin/uname -p = unknown
/bin/uname -X     = unknown

/bin/arch              = i686
/usr/bin/arch -k       = unknown
/usr/convex/getsysinfo = unknown
/usr/bin/hostinfo      = unknown
/bin/machine           = unknown
/usr/bin/oslevel       = unknown
/bin/universe          = unknown

PATH: /usr/lib/qt-3.3/bin
PATH: /usr/kerberos/sbin
PATH: /usr/kerberos/bin
PATH: /usr/lib/ccache
PATH: /usr/local/bin
PATH: /bin
PATH: /usr/bin
PATH: /usr/local/sbin
PATH: /usr/sbin
PATH: /sbin
PATH: /home/joe/bin
PATH: /opt/crosstool/uClibc_v5te_le_gcc_4_1_1/bin/


## ----------- ##
## Core tests. ##
## ----------- ##

configure:2401: checking for a BSD-compatible install
configure:2469: result: /usr/bin/install -c
configure:2482: checking whether build environment is sane
configure:2532: result: yes
configure:2673: checking for a thread-safe mkdir -p
configure:2712: result: /bin/mkdir -p
configure:2725: checking for gawk
configure:2741: found /bin/gawk
configure:2752: result: gawk
configure:2763: checking whether make sets $(MAKE)
configure:2785: result: yes
configure:2913: checking for gcc
configure:2929: found /usr/lib/ccache/gcc
configure:2940: result: gcc
configure:3169: checking for C compiler version
configure:3178: gcc --version >&5
gcc (GCC) 4.4.2 20091027 (Red Hat 4.4.2-7)
Copyright (C) 2009 Free Software Foundation, Inc.
This is free software; see the source for copying conditions.  There is NO
warranty; not even for MERCHANTABILITY or FITNESS FOR A PARTICULAR PURPOSE.

configure:3189: $? = 0
configure:3178: gcc -v >&5
Using built-in specs.
Target: i686-redhat-linux
Configured with: ../configure --prefix=/usr --mandir=/usr/share/man --infodir=/usr/share/info --with-bugurl=http://bugzilla.redhat.com/bugzilla --enable-bootstrap --enable-shared --enable-threads=posix --enable-checking=release --with-system-zlib --enable-__cxa_atexit --disable-libunwind-exceptions --enable-gnu-unique-object --enable-languages=c,c++,objc,obj-c++,java,fortran,ada --enable-java-awt=gtk --disable-dssi --enable-plugin --with-java-home=/usr/lib/jvm/java-1.5.0-gcj-1.5.0.0/jre --enable-libgcj-multifile --enable-java-maintainer-mode --with-ecj-jar=/usr/share/java/eclipse-ecj.jar --disable-libjava-multilib --with-ppl --with-cloog --with-tune=generic --with-arch=i686 --build=i686-redhat-linux
Thread model: posix
gcc version 4.4.2 20091027 (Red Hat 4.4.2-7) (GCC) 
configure:3189: $? = 0
configure:3178: gcc -V >&5
gcc: '-V' option must have argument
configure:3189: $? = 1
configure:3178: gcc -qversion >&5
gcc: unrecognized option '-qversion'
gcc: no input files
configure:3189: $? = 1
configure:3209: checking whether the C compiler works
configure:3231: gcc    conftest.c  >&5
configure:3235: $? = 0
configure:3284: result: yes
configure:3287: checking for C compiler default output file name
configure:3289: result: a.out
configure:3295: checking for suffix of executables
configure:3302: gcc -o conftest    conftest.c  >&5
configure:3306: $? = 0
configure:3328: result: 
configure:3350: checking whether we are cross compiling
configure:3358: gcc -o conftest    conftest.c  >&5
configure:3362: $? = 0
configure:3369: ./conftest
configure:3373: $? = 0
configure:3388: result: no
configure:3393: checking for suffix of object files
configure:3415: gcc -c   conftest.c >&5
configure:3419: $? = 0
configure:3440: result: o
configure:3444: checking whether we are using the GNU C compiler
configure:3463: gcc -c   conftest.c >&5
configure:3463: $? = 0
configure:3472: result: yes
configure:3481: checking whether gcc accepts -g
configure:3501: gcc -c -g  conftest.c >&5
configure:3501: $? = 0
configure:3542: result: yes
configure:3559: checking for gcc option to accept ISO C89
configure:3623: gcc  -c -g -O2  conftest.c >&5
configure:3623: $? = 0
configure:3636: result: none needed
configure:3667: checking for style of include used by make
configure:3695: result: GNU
configure:3720: checking dependency style of gcc
configure:3830: result: gcc3
configure:3846: checking whether gcc and cc understand -c and -o together
configure:3877: gcc -c conftest.c -o conftest2.o >&5
configure:3881: $? = 0
configure:3887: gcc -c conftest.c -o conftest2.o >&5
configure:3891: $? = 0
configure:3902: cc -c conftest.c >&5
configure:3906: $? = 0
configure:3914: cc -c conftest.c -o conftest2.o >&5
configure:3918: $? = 0
configure:3924: cc -c conftest.c -o conftest2.o >&5
configure:3928: $? = 0
configure:3946: result: yes
configure:4031: checking build system type
configure:4045: result: i686-pc-linux-gnu
configure:4065: checking host system type
configure:4078: result: i686-pc-linux-gnu
configure:4098: checking for a sed that does not truncate output
configure:4162: result: /bin/sed
configure:4180: checking for grep that handles long lines and -e
configure:4238: result: /bin/grep
configure:4243: checking for egrep
configure:4305: result: /bin/grep -E
configure:4310: checking for fgrep
configure:4372: result: /bin/grep -F
configure:4407: checking for ld used by gcc
configure:4474: result: /usr/bin/ld
configure:4481: checking if the linker (/usr/bin/ld) is GNU ld
configure:4496: result: yes
configure:4508: checking for BSD- or MS-compatible name lister (nm)
configure:4557: result: /usr/bin/nm -B
configure:4675: checking the name lister (/usr/bin/nm -B) interface
configure:4682: gcc -c -g -O2  conftest.c >&5
configure:4685: /usr/bin/nm -B "conftest.o"
configure:4688: output
00000000 B some_variable
configure:4695: result: BSD nm
configure:4698: checking whether ln -s works
configure:4702: result: yes
configure:4710: checking the maximum length of command line arguments
configure:4830: result: 1966080
configure:4847: checking whether the shell understands some XSI constructs
configure:4857: result: yes
configure:4861: checking whether the shell understands "+="
configure:4867: result: yes
configure:4902: checking for /usr/bin/ld option to reload object files
configure:4909: result: -r
configure:4978: checking for objdump
configure:4994: found /usr/bin/objdump
configure:5005: result: objdump
configure:5037: checking how to recognize dependent libraries
configure:5233: result: pass_all
configure:5293: checking for ar
configure:5309: found /usr/bin/ar
configure:5320: result: ar
configure:5398: checking for strip
configure:5414: found /usr/bin/strip
configure:5425: result: strip
configure:5497: checking for ranlib
configure:5513: found /usr/bin/ranlib
configure:5524: result: ranlib
configure:5614: checking command to parse /usr/bin/nm -B output from gcc object
configure:5732: gcc -c -g -O2  conftest.c >&5
configure:5735: $? = 0
configure:5739: /usr/bin/nm -B conftest.o \| sed -n -e 's/^.*[	 ]\([ABCDGIRSTW][ABCDGIRSTW]*\)[	 ][	 ]*\([_A-Za-z][_A-Za-z0-9]*\)$/\1 \2 \2/p' \> conftest.nm
configure:5742: $? = 0
configure:5796: gcc -o conftest -g -O2   conftest.c conftstm.o >&5
configure:5799: $? = 0
configure:5837: result: ok
configure:6646: checking how to run the C preprocessor
configure:6677: gcc -E  conftest.c
configure:6677: $? = 0
configure:6691: gcc -E  conftest.c
conftest.c:11:28: error: ac_nonexistent.h: No such file or directory
configure:6691: $? = 1
configure: failed program was:
| /* confdefs.h */
| #define PACKAGE_NAME "iptables"
| #define PACKAGE_TARNAME "iptables"
| #define PACKAGE_VERSION "1.4.10"
| #define PACKAGE_STRING "iptables 1.4.10"
| #define PACKAGE_BUGREPORT ""
| #define PACKAGE_URL ""
| #define PACKAGE "iptables"
| #define VERSION "1.4.10"
| /* end confdefs.h.  */
| #include <ac_nonexistent.h>
configure:6716: result: gcc -E
configure:6736: gcc -E  conftest.c
configure:6736: $? = 0
configure:6750: gcc -E  conftest.c
conftest.c:11:28: error: ac_nonexistent.h: No such file or directory
configure:6750: $? = 1
configure: failed program was:
| /* confdefs.h */
| #define PACKAGE_NAME "iptables"
| #define PACKAGE_TARNAME "iptables"
| #define PACKAGE_VERSION "1.4.10"
| #define PACKAGE_STRING "iptables 1.4.10"
| #define PACKAGE_BUGREPORT ""
| #define PACKAGE_URL ""
| #define PACKAGE "iptables"
| #define VERSION "1.4.10"
| /* end confdefs.h.  */
| #include <ac_nonexistent.h>
configure:6779: checking for ANSI C header files
configure:6799: gcc -c -g -O2  conftest.c >&5
configure:6799: $? = 0
configure:6872: gcc -o conftest -g -O2   conftest.c  >&5
configure:6872: $? = 0
configure:6872: ./conftest
configure:6872: $? = 0
configure:6883: result: yes
configure:6896: checking for sys/types.h
configure:6896: gcc -c -g -O2  conftest.c >&5
configure:6896: $? = 0
configure:6896: result: yes
configure:6896: checking for sys/stat.h
configure:6896: gcc -c -g -O2  conftest.c >&5
configure:6896: $? = 0
configure:6896: result: yes
configure:6896: checking for stdlib.h
configure:6896: gcc -c -g -O2  conftest.c >&5
configure:6896: $? = 0
configure:6896: result: yes
configure:6896: checking for string.h
configure:6896: gcc -c -g -O2  conftest.c >&5
configure:6896: $? = 0
configure:6896: result: yes
configure:6896: checking for memory.h
configure:6896: gcc -c -g -O2  conftest.c >&5
configure:6896: $? = 0
configure:6896: result: yes
configure:6896: checking for strings.h
configure:6896: gcc -c -g -O2  conftest.c >&5
configure:6896: $? = 0
configure:6896: result: yes
configure:6896: checking for inttypes.h
configure:6896: gcc -c -g -O2  conftest.c >&5
configure:6896: $? = 0
configure:6896: result: yes
configure:6896: checking for stdint.h
configure:6896: gcc -c -g -O2  conftest.c >&5
configure:6896: $? = 0
configure:6896: result: yes
configure:6896: checking for unistd.h
configure:6896: gcc -c -g -O2  conftest.c >&5
configure:6896: $? = 0
configure:6896: result: yes
configure:6911: checking for dlfcn.h
configure:6911: gcc -c -g -O2  conftest.c >&5
configure:6911: $? = 0
configure:6911: result: yes
configure:7065: checking for objdir
configure:7080: result: .libs
configure:7376: checking if gcc supports -fno-rtti -fno-exceptions
configure:7394: gcc -c -g -O2  -fno-rtti -fno-exceptions conftest.c >&5
cc1: warning: command line option "-fno-rtti" is valid for C++/ObjC++ but not for C
cc1: warning: command line option "-fno-rtti" is valid for C++/ObjC++ but not for C
configure:7398: $? = 0
configure:7411: result: no
configure:7431: checking for gcc option to produce PIC
configure:7703: result: -fPIC -DPIC
configure:7715: checking if gcc PIC flag -fPIC -DPIC works
configure:7733: gcc -c -g -O2  -fPIC -DPIC -DPIC conftest.c >&5
configure:7737: $? = 0
configure:7750: result: yes
configure:7774: checking if gcc static flag -static works
configure:7802: result: yes
configure:7817: checking if gcc supports -c -o file.o
configure:7838: gcc -c -g -O2  -o out/conftest2.o conftest.c >&5
configure:7842: $? = 0
configure:7864: result: yes
configure:7872: checking if gcc supports -c -o file.o
configure:7919: result: yes
configure:7952: checking whether the gcc linker (/usr/bin/ld) supports shared libraries
configure:8943: result: yes
configure:9182: checking dynamic linker characteristics
configure:9615: gcc -o conftest -g -O2   -Wl,-rpath -Wl,/foo conftest.c  >&5
configure:9615: $? = 0
configure:9845: result: GNU/Linux ld.so
configure:9947: checking how to hardcode library paths into programs
configure:9972: result: immediate
configure:10492: checking whether stripping libraries is possible
configure:10497: result: yes
configure:10532: checking if libtool supports shared libraries
configure:10534: result: yes
configure:10537: checking whether to build shared libraries
configure:10558: result: no
configure:10561: checking whether to build static libraries
configure:10565: result: yes
configure:10671: checking whether the linker accepts -Wl,--no-as-needed
configure:10690: gcc -o conftest -g -O2  -Wl,--no-as-needed conftest.c  >&5
configure:10690: $? = 0
configure:10701: result: yes
configure:10713: checking linux/dccp.h usability
configure:10713: gcc -c -g -O2  conftest.c >&5
configure:10713: $? = 0
configure:10713: result: yes
configure:10713: checking linux/dccp.h presence
configure:10713: gcc -E  conftest.c
configure:10713: $? = 0
configure:10713: result: yes
configure:10713: checking for linux/dccp.h
configure:10713: result: yes
configure:10723: checking linux/ip_vs.h usability
configure:10723: gcc -c -g -O2  conftest.c >&5
configure:10723: $? = 0
configure:10723: result: yes
configure:10723: checking linux/ip_vs.h presence
configure:10723: gcc -E  conftest.c
configure:10723: $? = 0
configure:10723: result: yes
configure:10723: checking for linux/ip_vs.h
configure:10723: result: yes
configure:10841: checking for pkg-config
configure:10859: found /usr/bin/pkg-config
configure:10871: result: /usr/bin/pkg-config
configure:10896: checking pkg-config is at least version 0.9.0
configure:10899: result: yes
configure:10910: checking for libnfnetlink
configure:10918: $PKG_CONFIG --exists --print-errors "libnfnetlink >= 1.0"
Package libnfnetlink was not found in the pkg-config search path.
Perhaps you should add the directory containing `libnfnetlink.pc'
to the PKG_CONFIG_PATH environment variable
No package 'libnfnetlink' found
configure:10921: $? = 1
configure:10936: $PKG_CONFIG --exists --print-errors "libnfnetlink >= 1.0"
Package libnfnetlink was not found in the pkg-config search path.
Perhaps you should add the directory containing `libnfnetlink.pc'
to the PKG_CONFIG_PATH environment variable
No package 'libnfnetlink' found
configure:10939: $? = 1
No package 'libnfnetlink' found
configure:10967: result: no
configure:11166: creating ./config.status

## ---------------------- ##
## Running config.status. ##
## ---------------------- ##

This file was extended by iptables config.status 1.4.10, which was
generated by GNU Autoconf 2.65.  Invocation command line was

  CONFIG_FILES    = 
  CONFIG_HEADERS  = 
  CONFIG_LINKS    = 
  CONFIG_COMMANDS = 
  $ ./config.status 

on localhost.localdomain

config.status:1102: creating Makefile
config.status:1102: creating extensions/GNUmakefile
config.status:1102: creating include/Makefile
config.status:1102: creating libipq/Makefile
config.status:1102: creating utils/Makefile
config.status:1102: creating include/xtables.h
config.status:1102: creating include/iptables/internal.h
config.status:1102: creating libiptc.pc
config.status:1102: creating xtables.pc
config.status:1102: creating config.h
config.status:1274: config.h is unchanged
config.status:1322: executing depfiles commands
config.status:1322: executing libtool commands

## ---------------- ##
## Cache variables. ##
## ---------------- ##

ac_cv_build=i686-pc-linux-gnu
ac_cv_c_compiler_gnu=yes
ac_cv_env_CC_set=
ac_cv_env_CC_value=
ac_cv_env_CFLAGS_set=
ac_cv_env_CFLAGS_value=
ac_cv_env_CPPFLAGS_set=
ac_cv_env_CPPFLAGS_value=
ac_cv_env_CPP_set=
ac_cv_env_CPP_value=
ac_cv_env_LDFLAGS_set=
ac_cv_env_LDFLAGS_value=
ac_cv_env_LIBS_set=
ac_cv_env_LIBS_value=
ac_cv_env_PKG_CONFIG_set=
ac_cv_env_PKG_CONFIG_value=
ac_cv_env_build_alias_set=
ac_cv_env_build_alias_value=
ac_cv_env_host_alias_set=
ac_cv_env_host_alias_value=
ac_cv_env_libnfnetlink_CFLAGS_set=
ac_cv_env_libnfnetlink_CFLAGS_value=
ac_cv_env_libnfnetlink_LIBS_set=
ac_cv_env_libnfnetlink_LIBS_value=
ac_cv_env_target_alias_set=
ac_cv_env_target_alias_value=
ac_cv_header_dlfcn_h=yes
ac_cv_header_inttypes_h=yes
ac_cv_header_linux_dccp_h=yes
ac_cv_header_linux_ip_vs_h=yes
ac_cv_header_memory_h=yes
ac_cv_header_stdc=yes
ac_cv_header_stdint_h=yes
ac_cv_header_stdlib_h=yes
ac_cv_header_string_h=yes
ac_cv_header_strings_h=yes
ac_cv_header_sys_stat_h=yes
ac_cv_header_sys_types_h=yes
ac_cv_header_unistd_h=yes
ac_cv_host=i686-pc-linux-gnu
ac_cv_objext=o
ac_cv_path_EGREP='/bin/grep -E'
ac_cv_path_FGREP='/bin/grep -F'
ac_cv_path_GREP=/bin/grep
ac_cv_path_SED=/bin/sed
ac_cv_path_ac_pt_PKG_CONFIG=/usr/bin/pkg-config
ac_cv_path_install='/usr/bin/install -c'
ac_cv_path_mkdir=/bin/mkdir
ac_cv_prog_AWK=gawk
ac_cv_prog_CPP='gcc -E'
ac_cv_prog_ac_ct_AR=ar
ac_cv_prog_ac_ct_CC=gcc
ac_cv_prog_ac_ct_OBJDUMP=objdump
ac_cv_prog_ac_ct_RANLIB=ranlib
ac_cv_prog_ac_ct_STRIP=strip
ac_cv_prog_cc_c89=
ac_cv_prog_cc_g=yes
ac_cv_prog_cc_gcc_c_o=yes
ac_cv_prog_make_make_set=yes
am_cv_CC_dependencies_compiler_type=gcc3
ax_cv_linker_flags__Wl___no_as_needed=yes
lt_cv_deplibs_check_method=pass_all
lt_cv_file_magic_cmd='$MAGIC_CMD'
lt_cv_file_magic_test_file=
lt_cv_ld_reload_flag=-r
lt_cv_nm_interface='BSD nm'
lt_cv_objdir=.libs
lt_cv_path_LD=/usr/bin/ld
lt_cv_path_NM='/usr/bin/nm -B'
lt_cv_prog_compiler_c_o=yes
lt_cv_prog_compiler_pic_works=yes
lt_cv_prog_compiler_rtti_exceptions=no
lt_cv_prog_compiler_static_works=yes
lt_cv_prog_gnu_ld=yes
lt_cv_sys_global_symbol_pipe='sed -n -e '\''s/^.*[	 ]\([ABCDGIRSTW][ABCDGIRSTW]*\)[	 ][	 ]*\([_A-Za-z][_A-Za-z0-9]*\)$/\1 \2 \2/p'\'''
lt_cv_sys_global_symbol_to_c_name_address='sed -n -e '\''s/^: \([^ ]*\) $/  {\"\1\", (void *) 0},/p'\'' -e '\''s/^[ABCDGIRSTW]* \([^ ]*\) \([^ ]*\)$/  {"\2", (void *) \&\2},/p'\'''
lt_cv_sys_global_symbol_to_c_name_address_lib_prefix='sed -n -e '\''s/^: \([^ ]*\) $/  {\"\1\", (void *) 0},/p'\'' -e '\''s/^[ABCDGIRSTW]* \([^ ]*\) \(lib[^ ]*\)$/  {"\2", (void *) \&\2},/p'\'' -e '\''s/^[ABCDGIRSTW]* \([^ ]*\) \([^ ]*\)$/  {"lib\2", (void *) \&\2},/p'\'''
lt_cv_sys_global_symbol_to_cdecl='sed -n -e '\''s/^T .* \(.*\)$/extern int \1();/p'\'' -e '\''s/^[ABCDGIRSTW]* .* \(.*\)$/extern char \1;/p'\'''
lt_cv_sys_max_cmd_len=1966080

## ----------------- ##
## Output variables. ##
## ----------------- ##

ACLOCAL='${SHELL} /home/joe/JNDR3710/JNDR3710/apps/iptables-1.4.10/missing --run aclocal-1.11'
AMDEPBACKSLASH='\'
AMDEP_FALSE='#'
AMDEP_TRUE=''
AMTAR='${SHELL} /home/joe/JNDR3710/JNDR3710/apps/iptables-1.4.10/missing --run tar'
AR='ar'
AUTOCONF='${SHELL} /home/joe/JNDR3710/JNDR3710/apps/iptables-1.4.10/missing --run autoconf'
AUTOHEADER='${SHELL} /home/joe/JNDR3710/JNDR3710/apps/iptables-1.4.10/missing --run autoheader'
AUTOMAKE='${SHELL} /home/joe/JNDR3710/JNDR3710/apps/iptables-1.4.10/missing --run automake-1.11'
AWK='gawk'
CC='gcc'
CCDEPMODE='depmode=gcc3'
CFLAGS='-g -O2'
CPP='gcc -E'
CPPFLAGS=''
CYGPATH_W='echo'
DEFS='-DHAVE_CONFIG_H'
DEPDIR='.deps'
DSYMUTIL=''
DUMPBIN=''
ECHO_C=''
ECHO_N='-n'
ECHO_T=''
EGREP='/bin/grep -E'
ENABLE_DEVEL_FALSE='#'
ENABLE_DEVEL_TRUE=''
ENABLE_IPV4_FALSE='#'
ENABLE_IPV4_TRUE=''
ENABLE_IPV6_FALSE='#'
ENABLE_IPV6_TRUE=''
ENABLE_LARGEFILE_FALSE='#'
ENABLE_LARGEFILE_TRUE=''
ENABLE_LIBIPQ_FALSE=''
ENABLE_LIBIPQ_TRUE='#'
ENABLE_SHARED_FALSE=''
ENABLE_SHARED_TRUE='#'
ENABLE_STATIC_FALSE='#'
ENABLE_STATIC_TRUE=''
EXEEXT=''
FGREP='/bin/grep -F'
GREP='/bin/grep'
HAVE_LIBNFNETLINK_FALSE=''
HAVE_LIBNFNETLINK_TRUE='#'
INSTALL_DATA='${INSTALL} -m 644'
INSTALL_PROGRAM='${INSTALL}'
INSTALL_SCRIPT='${INSTALL}'
INSTALL_STRIP_PROGRAM='$(install_sh) -c -s'
LD='/usr/bin/ld'
LDFLAGS=''
LIBOBJS=''
LIBS=''
LIBTOOL='$(SHELL) $(top_builddir)/libtool'
LIPO=''
LN_S='ln -s'
LTLIBOBJS=''
MAKEINFO='${SHELL} /home/joe/JNDR3710/JNDR3710/apps/iptables-1.4.10/missing --run makeinfo'
MKDIR_P='/bin/mkdir -p'
NM='/usr/bin/nm -B'
NMEDIT=''
OBJDUMP='objdump'
OBJEXT='o'
OTOOL64=''
OTOOL=''
PACKAGE='iptables'
PACKAGE_BUGREPORT=''
PACKAGE_NAME='iptables'
PACKAGE_STRING='iptables 1.4.10'
PACKAGE_TARNAME='iptables'
PACKAGE_URL=''
PACKAGE_VERSION='1.4.10'
PATH_SEPARATOR=':'
PKG_CONFIG='/usr/bin/pkg-config'
RANLIB='ranlib'
SED='/bin/sed'
SET_MAKE=''
SHELL='/bin/sh'
STRIP='strip'
VERSION='1.4.10'
ac_ct_CC='gcc'
ac_ct_DUMPBIN=''
am__EXEEXT_FALSE=''
am__EXEEXT_TRUE='#'
am__fastdepCC_FALSE='#'
am__fastdepCC_TRUE=''
am__include='include'
am__isrc=''
am__leading_dot='.'
am__quote=''
am__tar='${AMTAR} chof - "$$tardir"'
am__untar='${AMTAR} xf -'
bindir='${exec_prefix}/bin'
blacklist_modules=''
build='i686-pc-linux-gnu'
build_alias=''
build_cpu='i686'
build_os='linux-gnu'
build_vendor='pc'
datadir='${datarootdir}'
datarootdir='${prefix}/share'
docdir='${datarootdir}/doc/${PACKAGE_TARNAME}'
dvidir='${docdir}'
exec_prefix='${prefix}'
host='i686-pc-linux-gnu'
host_alias=''
host_cpu='i686'
host_os='linux-gnu'
host_vendor='pc'
htmldir='${docdir}'
includedir='${prefix}/include'
infodir='${datarootdir}/info'
install_sh='${SHELL} /home/joe/JNDR3710/JNDR3710/apps/iptables-1.4.10/install-sh'
kbuilddir=''
kinclude_CFLAGS=''
ksourcedir=''
libdir='${exec_prefix}/lib'
libexecdir='${exec_prefix}/libexec'
libiptc_LDFLAGS2='-Wl,--no-as-needed'
libnfnetlink_CFLAGS=''
libnfnetlink_LIBS=''
libxtables_vage='0'
libxtables_vcurrent='5'
libxtables_vmajor='5'
localedir='${datarootdir}/locale'
localstatedir='${prefix}/var'
lt_ECHO='echo'
mandir='${datarootdir}/man'
mkdir_p='/bin/mkdir -p'
oldincludedir='/usr/include'
pdfdir='${docdir}'
pkgconfigdir='${libdir}/pkgconfig'
pkgdatadir='${datadir}/xtables'
prefix='/usr/local'
program_transform_name='s,x,x,'
psdir='${docdir}'
regular_CFLAGS='-D_LARGEFILE_SOURCE=1 -D_LARGE_FILES -D_FILE_OFFSET_BITS=64 	-D_REENTRANT -Wall -Waggregate-return -Wmissing-declarations 	-Wmissing-prototypes -Wredundant-decls -Wshadow -Wstrict-prototypes 	-Winline -pipe 	-DXTABLES_LIBDIR=\"${xtlibdir}\" -DXTABLES_INTERNAL'
sbindir='${exec_prefix}/sbin'
sharedstatedir='${prefix}/com'
sysconfdir='${prefix}/etc'
target_alias=''
xtlibdir='${exec_prefix}/libexec/xtables'

## ----------- ##
## confdefs.h. ##
## ----------- ##

/* confdefs.h */
#define PACKAGE_NAME "iptables"
#define PACKAGE_TARNAME "iptables"
#define PACKAGE_VERSION "1.4.10"
#define PACKAGE_STRING "iptables 1.4.10"
#define PACKAGE_BUGREPORT ""
#define PACKAGE_URL ""
#define PACKAGE "iptables"
#define VERSION "1.4.10"
#define STDC_HEADERS 1
#define HAVE_SYS_TYPES_H 1
#define HAVE_SYS_STAT_H 1
#define HAVE_STDLIB_H 1
#define HAVE_STRING_H 1
#define HAVE_MEMORY_H 1
#define HAVE_STRINGS_H 1
#define HAVE_INTTYPES_H 1
#define HAVE_STDINT_H 1
#define HAVE_UNISTD_H 1
#define HAVE_DLFCN_H 1
#define LT_OBJDIR ".libs/"

configure: exit 0

## ---------------------- ##
## Running config.status. ##
## ---------------------- ##

This file was extended by iptables config.status 1.4.10, which was
generated by GNU Autoconf 2.65.  Invocation command line was

  CONFIG_FILES    = 
  CONFIG_HEADERS  = 
  CONFIG_LINKS    = 
  CONFIG_COMMANDS = 
  $ ./config.status Makefile depfiles

on localhost.localdomain

config.status:1102: creating Makefile
config.status:1322: executing depfiles commands

## ---------------------- ##
## Running config.status. ##
## ---------------------- ##

This file was extended by iptables config.status 1.4.10, which was
generated by GNU Autoconf 2.65.  Invocation command line was

  CONFIG_FILES    = 
  CONFIG_HEADERS  = 
  CONFIG_LINKS    = 
  CONFIG_COMMANDS = 
  $ ./config.status include/Makefile

on localhost.localdomain

config.status:1102: creating include/Makefile

## ---------------------- ##
## Running config.status. ##
## ---------------------- ##

This file was extended by iptables config.status 1.4.10, which was
generated by GNU Autoconf 2.65.  Invocation command line was

  CONFIG_FILES    = 
  CONFIG_HEADERS  = 
  CONFIG_LINKS    = 
  CONFIG_COMMANDS = 
  $ ./config.status include/xtables.h

on ubuntu

config.status:1102: creating include/xtables.h

## ---------------------- ##
## Running config.status. ##
## ---------------------- ##

This file was extended by iptables config.status 1.4.10, which was
generated by GNU Autoconf 2.65.  Invocation command line was

  CONFIG_FILES    = 
  CONFIG_HEADERS  = 
  CONFIG_LINKS    = 
  CONFIG_COMMANDS = 
  $ ./config.status include/xtables.h

on localhost.localdomain

config.status:1102: creating include/xtables.h

## ---------------------- ##
## Running config.status. ##
## ---------------------- ##

This file was extended by iptables config.status 1.4.10, which was
generated by GNU Autoconf 2.65.  Invocation command line was

  CONFIG_FILES    = 
  CONFIG_HEADERS  = 
  CONFIG_LINKS    = 
  CONFIG_COMMANDS = 
  $ ./config.status include/xtables.h

on localhost.localdomain

config.status:1102: creating include/xtables.h

## ---------------------- ##
## Running config.status. ##
## ---------------------- ##

This file was extended by iptables config.status 1.4.10, which was
generated by GNU Autoconf 2.65.  Invocation command line was

  CONFIG_FILES    = 
  CONFIG_HEADERS  = 
  CONFIG_LINKS    = 
  CONFIG_COMMANDS = 
  $ ./config.status include/xtables.h

on localhost.localdomain

config.status:1102: creating include/xtables.h
