This file contains any messages produced by compilers while
running configure, to aid debugging if configure makes a mistake.

It was created by libusb configure 0.1.12, which was
generated by GNU Autoconf 2.65.  Invocation command line was

  $ ./configure --host=mips-linux CC=mipsel-linux-uclibc-gcc CXX=mipsel-linux-uclibc-g++

## --------- ##
## Platform. ##
## --------- ##

hostname = ubuntu
uname -m = i686
uname -r = 2.6.32-33-generic-pae
uname -s = Linux
uname -v = #70-Ubuntu SMP Thu Jul 7 22:51:12 UTC 2011

/usr/bin/uname -p = unknown
/bin/uname -X     = unknown

/bin/arch              = unknown
/usr/bin/arch -k       = unknown
/usr/convex/getsysinfo = unknown
/usr/bin/hostinfo      = unknown
/bin/machine           = unknown
/usr/bin/oslevel       = unknown
/bin/universe          = unknown

PATH: /opt/buildroot-gcc342/bin/
PATH: /home/peter/JNDR3710/JNDR3710/tools/
PATH: /usr/local/sbin
PATH: /usr/local/bin
PATH: /usr/sbin
PATH: /usr/bin
PATH: /sbin
PATH: /bin
PATH: /usr/X11R6/bin


## ----------- ##
## Core tests. ##
## ----------- ##

configure:2787: checking for a BSD-compatible install
configure:2855: result: /usr/bin/install -c
configure:2866: checking whether build environment is sane
configure:2903: result: yes
configure:2957: checking for gawk
configure:2973: found /usr/bin/gawk
configure:2984: result: gawk
configure:2995: checking whether make sets $(MAKE)
configure:3017: result: yes
configure:3094: checking for mips-linux-strip
configure:3121: result: mipsel-linux-uclibc-strip
configure:3334: checking build system type
configure:3348: result: i686-pc-linux-gnu
configure:3368: checking host system type
configure:3381: result: mips-unknown-linux-gnu
configure:3413: checking for style of include used by make
configure:3441: result: GNU
configure:3474: checking for mips-linux-gcc
configure:3501: result: mipsel-linux-uclibc-gcc
configure:3770: checking for C compiler version
configure:3779: mipsel-linux-uclibc-gcc --version >&5
mipsel-linux-uclibc-gcc (GCC) 3.4.2
Copyright (C) 2004 Free Software Foundation, Inc.
This is free software; see the source for copying conditions.  There is NO
warranty; not even for MERCHANTABILITY or FITNESS FOR A PARTICULAR PURPOSE.

configure:3790: $? = 0
configure:3779: mipsel-linux-uclibc-gcc -v >&5
Reading specs from /home/opt/buildroot-gcc342/bin/../lib/gcc/mipsel-linux-uclibc/3.4.2/specs
Configured with: /home/winfred/RT288x_SDK/toolchain/buildroot/toolchain_build_mipsel/gcc-3.4.2/configure --prefix=/home/winfred/RT288x_SDK/toolchain/buildroot-gdb --build=i386-pc-linux-gnu --host=i386-pc-linux-gnu --target=mipsel-linux-uclibc --enable-languages=c,c++ --disable-__cxa_atexit --enable-target-optspace --with-gnu-ld --disable-shared --disable-nls --enable-threads --enable-multilib --enable-sjlj-exceptions : (reconfigured) /home/winfred/RT288x_SDK/toolchain/buildroot/toolchain_build_mipsel/gcc-3.4.2/configure --prefix=/home/winfred/RT288x_SDK/toolchain/buildroot-gdb --build=i386-pc-linux-gnu --host=i386-pc-linux-gnu --target=mipsel-linux-uclibc --enable-languages=c,c++ --disable-__cxa_atexit --enable-target-optspace --with-gnu-ld --disable-shared --disable-nls --enable-threads --enable-multilib --enable-sjlj-exceptions
Thread model: posix
gcc version 3.4.2
configure:3790: $? = 0
configure:3779: mipsel-linux-uclibc-gcc -V >&5
mipsel-linux-uclibc-gcc: `-V' option must have argument
configure:3790: $? = 1
configure:3779: mipsel-linux-uclibc-gcc -qversion >&5
mipsel-linux-uclibc-gcc: unrecognized option `-qversion'
mipsel-linux-uclibc-gcc: no input files
configure:3790: $? = 1
configure:3810: checking whether the C compiler works
configure:3832: mipsel-linux-uclibc-gcc -Os -s -Wall -I/home/peter/JNDR3710/JNDR3710/apps/3g_trunk/src/include -I../../nvram/ -DAT_DEBUG -DDETECT_SIM_INFO -DFAILOVER -DHACK_DNS -DTRAFFIC_METER -DOS_EMBEDDED -I../../../shared -DDONGLE_MINOR_VER=1604   conftest.c  >&5
configure:3836: $? = 0
configure:3885: result: yes
configure:3888: checking for C compiler default output file name
configure:3890: result: a.out
configure:3896: checking for suffix of executables
configure:3903: mipsel-linux-uclibc-gcc -o conftest -Os -s -Wall -I/home/peter/JNDR3710/JNDR3710/apps/3g_trunk/src/include -I../../nvram/ -DAT_DEBUG -DDETECT_SIM_INFO -DFAILOVER -DHACK_DNS -DTRAFFIC_METER -DOS_EMBEDDED -I../../../shared -DDONGLE_MINOR_VER=1604   conftest.c  >&5
configure:3907: $? = 0
configure:3929: result: 
configure:3951: checking whether we are cross compiling
configure:3959: mipsel-linux-uclibc-gcc -o conftest -Os -s -Wall -I/home/peter/JNDR3710/JNDR3710/apps/3g_trunk/src/include -I../../nvram/ -DAT_DEBUG -DDETECT_SIM_INFO -DFAILOVER -DHACK_DNS -DTRAFFIC_METER -DOS_EMBEDDED -I../../../shared -DDONGLE_MINOR_VER=1604   conftest.c  >&5
configure:3963: $? = 0
configure:3970: ./conftest
./configure: line 3972: ./conftest: cannot execute binary file
configure:3974: $? = 126
configure:3989: result: yes
configure:3994: checking for suffix of object files
configure:4016: mipsel-linux-uclibc-gcc -c -Os -s -Wall -I/home/peter/JNDR3710/JNDR3710/apps/3g_trunk/src/include -I../../nvram/ -DAT_DEBUG -DDETECT_SIM_INFO -DFAILOVER -DHACK_DNS -DTRAFFIC_METER -DOS_EMBEDDED -I../../../shared -DDONGLE_MINOR_VER=1604  conftest.c >&5
configure:4020: $? = 0
configure:4041: result: o
configure:4045: checking whether we are using the GNU C compiler
configure:4064: mipsel-linux-uclibc-gcc -c -Os -s -Wall -I/home/peter/JNDR3710/JNDR3710/apps/3g_trunk/src/include -I../../nvram/ -DAT_DEBUG -DDETECT_SIM_INFO -DFAILOVER -DHACK_DNS -DTRAFFIC_METER -DOS_EMBEDDED -I../../../shared -DDONGLE_MINOR_VER=1604  conftest.c >&5
configure:4064: $? = 0
configure:4073: result: yes
configure:4082: checking whether mipsel-linux-uclibc-gcc accepts -g
configure:4102: mipsel-linux-uclibc-gcc -c -g  conftest.c >&5
configure:4102: $? = 0
configure:4143: result: yes
configure:4160: checking for mipsel-linux-uclibc-gcc option to accept ISO C89
configure:4224: mipsel-linux-uclibc-gcc  -c -Os -s -Wall -I/home/peter/JNDR3710/JNDR3710/apps/3g_trunk/src/include -I../../nvram/ -DAT_DEBUG -DDETECT_SIM_INFO -DFAILOVER -DHACK_DNS -DTRAFFIC_METER -DOS_EMBEDDED -I../../../shared -DDONGLE_MINOR_VER=1604  conftest.c >&5
configure:4224: $? = 0
configure:4237: result: none needed
configure:4259: checking dependency style of mipsel-linux-uclibc-gcc
configure:4344: result: gcc3
configure:4361: checking for a sed that does not truncate output
configure:4415: result: /bin/sed
configure:4418: checking for grep that handles long lines and -e
configure:4476: result: /bin/grep
configure:4481: checking for egrep
configure:4543: result: /bin/grep -E
configure:4559: checking for ld used by mipsel-linux-uclibc-gcc
configure:4626: result: mipsel-linux-uclibc-ld
configure:4633: checking if the linker (mipsel-linux-uclibc-ld) is GNU ld
configure:4648: result: yes
configure:4653: checking for mipsel-linux-uclibc-ld option to reload object files
configure:4660: result: -r
configure:4669: checking for BSD-compatible nm
configure:4711: result: nm
configure:4715: checking whether ln -s works
configure:4719: result: yes
configure:4726: checking how to recognise dependent libraries
configure:4909: result: pass_all
configure:5095: checking how to run the C preprocessor
configure:5165: result: mipsel-linux-uclibc-gcc -E
configure:5185: mipsel-linux-uclibc-gcc -E  conftest.c
configure:5185: $? = 0
configure:5199: mipsel-linux-uclibc-gcc -E  conftest.c
conftest.c:16:28: ac_nonexistent.h: No such file or directory
configure:5199: $? = 1
configure: failed program was:
| /* confdefs.h */
| #define PACKAGE_NAME "libusb"
| #define PACKAGE_TARNAME "libusb"
| #define PACKAGE_VERSION "0.1.12"
| #define PACKAGE_STRING "libusb 0.1.12"
| #define PACKAGE_BUGREPORT ""
| #define PACKAGE_URL ""
| #define PACKAGE "libusb"
| #define VERSION "0.1.12"
| #define LIBUSB_MAJOR_VERSION 0
| #define LIBUSB_MINOR_VERSION 1
| #define LIBUSB_MICRO_VERSION 12
| #define LIBUSB_INTERFACE_AGE 4
| #define LIBUSB_BINARY_AGE 8
| /* end confdefs.h.  */
| #include <ac_nonexistent.h>
configure:5228: checking for ANSI C header files
configure:5248: mipsel-linux-uclibc-gcc -c -Os -s -Wall -I/home/peter/JNDR3710/JNDR3710/apps/3g_trunk/src/include -I../../nvram/ -DAT_DEBUG -DDETECT_SIM_INFO -DFAILOVER -DHACK_DNS -DTRAFFIC_METER -DOS_EMBEDDED -I../../../shared -DDONGLE_MINOR_VER=1604  conftest.c >&5
configure:5248: $? = 0
configure:5332: result: yes
configure:5345: checking for sys/types.h
configure:5345: mipsel-linux-uclibc-gcc -c -Os -s -Wall -I/home/peter/JNDR3710/JNDR3710/apps/3g_trunk/src/include -I../../nvram/ -DAT_DEBUG -DDETECT_SIM_INFO -DFAILOVER -DHACK_DNS -DTRAFFIC_METER -DOS_EMBEDDED -I../../../shared -DDONGLE_MINOR_VER=1604  conftest.c >&5
configure:5345: $? = 0
configure:5345: result: yes
configure:5345: checking for sys/stat.h
configure:5345: mipsel-linux-uclibc-gcc -c -Os -s -Wall -I/home/peter/JNDR3710/JNDR3710/apps/3g_trunk/src/include -I../../nvram/ -DAT_DEBUG -DDETECT_SIM_INFO -DFAILOVER -DHACK_DNS -DTRAFFIC_METER -DOS_EMBEDDED -I../../../shared -DDONGLE_MINOR_VER=1604  conftest.c >&5
configure:5345: $? = 0
configure:5345: result: yes
configure:5345: checking for stdlib.h
configure:5345: mipsel-linux-uclibc-gcc -c -Os -s -Wall -I/home/peter/JNDR3710/JNDR3710/apps/3g_trunk/src/include -I../../nvram/ -DAT_DEBUG -DDETECT_SIM_INFO -DFAILOVER -DHACK_DNS -DTRAFFIC_METER -DOS_EMBEDDED -I../../../shared -DDONGLE_MINOR_VER=1604  conftest.c >&5
configure:5345: $? = 0
configure:5345: result: yes
configure:5345: checking for string.h
configure:5345: mipsel-linux-uclibc-gcc -c -Os -s -Wall -I/home/peter/JNDR3710/JNDR3710/apps/3g_trunk/src/include -I../../nvram/ -DAT_DEBUG -DDETECT_SIM_INFO -DFAILOVER -DHACK_DNS -DTRAFFIC_METER -DOS_EMBEDDED -I../../../shared -DDONGLE_MINOR_VER=1604  conftest.c >&5
configure:5345: $? = 0
configure:5345: result: yes
configure:5345: checking for memory.h
configure:5345: mipsel-linux-uclibc-gcc -c -Os -s -Wall -I/home/peter/JNDR3710/JNDR3710/apps/3g_trunk/src/include -I../../nvram/ -DAT_DEBUG -DDETECT_SIM_INFO -DFAILOVER -DHACK_DNS -DTRAFFIC_METER -DOS_EMBEDDED -I../../../shared -DDONGLE_MINOR_VER=1604  conftest.c >&5
configure:5345: $? = 0
configure:5345: result: yes
configure:5345: checking for strings.h
configure:5345: mipsel-linux-uclibc-gcc -c -Os -s -Wall -I/home/peter/JNDR3710/JNDR3710/apps/3g_trunk/src/include -I../../nvram/ -DAT_DEBUG -DDETECT_SIM_INFO -DFAILOVER -DHACK_DNS -DTRAFFIC_METER -DOS_EMBEDDED -I../../../shared -DDONGLE_MINOR_VER=1604  conftest.c >&5
configure:5345: $? = 0
configure:5345: result: yes
configure:5345: checking for inttypes.h
configure:5345: mipsel-linux-uclibc-gcc -c -Os -s -Wall -I/home/peter/JNDR3710/JNDR3710/apps/3g_trunk/src/include -I../../nvram/ -DAT_DEBUG -DDETECT_SIM_INFO -DFAILOVER -DHACK_DNS -DTRAFFIC_METER -DOS_EMBEDDED -I../../../shared -DDONGLE_MINOR_VER=1604  conftest.c >&5
configure:5345: $? = 0
configure:5345: result: yes
configure:5345: checking for stdint.h
configure:5345: mipsel-linux-uclibc-gcc -c -Os -s -Wall -I/home/peter/JNDR3710/JNDR3710/apps/3g_trunk/src/include -I../../nvram/ -DAT_DEBUG -DDETECT_SIM_INFO -DFAILOVER -DHACK_DNS -DTRAFFIC_METER -DOS_EMBEDDED -I../../../shared -DDONGLE_MINOR_VER=1604  conftest.c >&5
configure:5345: $? = 0
configure:5345: result: yes
configure:5345: checking for unistd.h
configure:5345: mipsel-linux-uclibc-gcc -c -Os -s -Wall -I/home/peter/JNDR3710/JNDR3710/apps/3g_trunk/src/include -I../../nvram/ -DAT_DEBUG -DDETECT_SIM_INFO -DFAILOVER -DHACK_DNS -DTRAFFIC_METER -DOS_EMBEDDED -I../../../shared -DDONGLE_MINOR_VER=1604  conftest.c >&5
configure:5345: $? = 0
configure:5345: result: yes
configure:5360: checking dlfcn.h usability
configure:5360: mipsel-linux-uclibc-gcc -c -Os -s -Wall -I/home/peter/JNDR3710/JNDR3710/apps/3g_trunk/src/include -I../../nvram/ -DAT_DEBUG -DDETECT_SIM_INFO -DFAILOVER -DHACK_DNS -DTRAFFIC_METER -DOS_EMBEDDED -I../../../shared -DDONGLE_MINOR_VER=1604  conftest.c >&5
configure:5360: $? = 0
configure:5360: result: yes
configure:5360: checking dlfcn.h presence
configure:5360: mipsel-linux-uclibc-gcc -E  conftest.c
configure:5360: $? = 0
configure:5360: result: yes
configure:5360: checking for dlfcn.h
configure:5360: result: yes
configure:5482: checking for C++ compiler version
configure:5491: mipsel-linux-uclibc-g++ --version >&5
mipsel-linux-uclibc-g++ (GCC) 3.4.2
Copyright (C) 2004 Free Software Foundation, Inc.
This is free software; see the source for copying conditions.  There is NO
warranty; not even for MERCHANTABILITY or FITNESS FOR A PARTICULAR PURPOSE.

configure:5502: $? = 0
configure:5491: mipsel-linux-uclibc-g++ -v >&5
Reading specs from /home/opt/buildroot-gcc342/bin/../lib/gcc/mipsel-linux-uclibc/3.4.2/specs
Configured with: /home/winfred/RT288x_SDK/toolchain/buildroot/toolchain_build_mipsel/gcc-3.4.2/configure --prefix=/home/winfred/RT288x_SDK/toolchain/buildroot-gdb --build=i386-pc-linux-gnu --host=i386-pc-linux-gnu --target=mipsel-linux-uclibc --enable-languages=c,c++ --disable-__cxa_atexit --enable-target-optspace --with-gnu-ld --disable-shared --disable-nls --enable-threads --enable-multilib --enable-sjlj-exceptions : (reconfigured) /home/winfred/RT288x_SDK/toolchain/buildroot/toolchain_build_mipsel/gcc-3.4.2/configure --prefix=/home/winfred/RT288x_SDK/toolchain/buildroot-gdb --build=i386-pc-linux-gnu --host=i386-pc-linux-gnu --target=mipsel-linux-uclibc --enable-languages=c,c++ --disable-__cxa_atexit --enable-target-optspace --with-gnu-ld --disable-shared --disable-nls --enable-threads --enable-multilib --enable-sjlj-exceptions
Thread model: posix
gcc version 3.4.2
configure:5502: $? = 0
configure:5491: mipsel-linux-uclibc-g++ -V >&5
mipsel-linux-uclibc-g++: `-V' option must have argument
configure:5502: $? = 1
configure:5491: mipsel-linux-uclibc-g++ -qversion >&5
mipsel-linux-uclibc-g++: unrecognized option `-qversion'
mipsel-linux-uclibc-g++: no input files
configure:5502: $? = 1
configure:5506: checking whether we are using the GNU C++ compiler
configure:5525: mipsel-linux-uclibc-g++ -c   conftest.cpp >&5
configure:5525: $? = 0
configure:5534: result: yes
configure:5543: checking whether mipsel-linux-uclibc-g++ accepts -g
configure:5563: mipsel-linux-uclibc-g++ -c -g  conftest.cpp >&5
configure:5563: $? = 0
configure:5604: result: yes
configure:5629: checking dependency style of mipsel-linux-uclibc-g++
configure:5714: result: gcc3
configure:5736: checking how to run the C++ preprocessor
configure:5763: mipsel-linux-uclibc-g++ -E  conftest.cpp
configure:5763: $? = 0
configure:5777: mipsel-linux-uclibc-g++ -E  conftest.cpp
conftest.cpp:27:28: ac_nonexistent.h: No such file or directory
configure:5777: $? = 1
configure: failed program was:
| /* confdefs.h */
| #define PACKAGE_NAME "libusb"
| #define PACKAGE_TARNAME "libusb"
| #define PACKAGE_VERSION "0.1.12"
| #define PACKAGE_STRING "libusb 0.1.12"
| #define PACKAGE_BUGREPORT ""
| #define PACKAGE_URL ""
| #define PACKAGE "libusb"
| #define VERSION "0.1.12"
| #define LIBUSB_MAJOR_VERSION 0
| #define LIBUSB_MINOR_VERSION 1
| #define LIBUSB_MICRO_VERSION 12
| #define LIBUSB_INTERFACE_AGE 4
| #define LIBUSB_BINARY_AGE 8
| #define STDC_HEADERS 1
| #define HAVE_SYS_TYPES_H 1
| #define HAVE_SYS_STAT_H 1
| #define HAVE_STDLIB_H 1
| #define HAVE_STRING_H 1
| #define HAVE_MEMORY_H 1
| #define HAVE_STRINGS_H 1
| #define HAVE_INTTYPES_H 1
| #define HAVE_STDINT_H 1
| #define HAVE_UNISTD_H 1
| #define HAVE_DLFCN_H 1
| /* end confdefs.h.  */
| #include <ac_nonexistent.h>
configure:5802: result: mipsel-linux-uclibc-g++ -E
configure:5822: mipsel-linux-uclibc-g++ -E  conftest.cpp
configure:5822: $? = 0
configure:5836: mipsel-linux-uclibc-g++ -E  conftest.cpp
conftest.cpp:27:28: ac_nonexistent.h: No such file or directory
configure:5836: $? = 1
configure: failed program was:
| /* confdefs.h */
| #define PACKAGE_NAME "libusb"
| #define PACKAGE_TARNAME "libusb"
| #define PACKAGE_VERSION "0.1.12"
| #define PACKAGE_STRING "libusb 0.1.12"
| #define PACKAGE_BUGREPORT ""
| #define PACKAGE_URL ""
| #define PACKAGE "libusb"
| #define VERSION "0.1.12"
| #define LIBUSB_MAJOR_VERSION 0
| #define LIBUSB_MINOR_VERSION 1
| #define LIBUSB_MICRO_VERSION 12
| #define LIBUSB_INTERFACE_AGE 4
| #define LIBUSB_BINARY_AGE 8
| #define STDC_HEADERS 1
| #define HAVE_SYS_TYPES_H 1
| #define HAVE_SYS_STAT_H 1
| #define HAVE_STDLIB_H 1
| #define HAVE_STRING_H 1
| #define HAVE_MEMORY_H 1
| #define HAVE_STRINGS_H 1
| #define HAVE_INTTYPES_H 1
| #define HAVE_STDINT_H 1
| #define HAVE_UNISTD_H 1
| #define HAVE_DLFCN_H 1
| /* end confdefs.h.  */
| #include <ac_nonexistent.h>
configure:5874: checking for mips-linux-g77
configure:5904: result: no
configure:5874: checking for mips-linux-xlf
configure:5904: result: no
configure:5874: checking for mips-linux-f77
configure:5904: result: no
configure:5874: checking for mips-linux-frt
configure:5904: result: no
configure:5874: checking for mips-linux-pgf77
configure:5904: result: no
configure:5874: checking for mips-linux-cf77
configure:5904: result: no
configure:5874: checking for mips-linux-fort77
configure:5904: result: no
configure:5874: checking for mips-linux-fl32
configure:5904: result: no
configure:5874: checking for mips-linux-af77
configure:5904: result: no
configure:5874: checking for mips-linux-xlf90
configure:5904: result: no
configure:5874: checking for mips-linux-f90
configure:5904: result: no
configure:5874: checking for mips-linux-pgf90
configure:5904: result: no
configure:5874: checking for mips-linux-pghpf
configure:5904: result: no
configure:5874: checking for mips-linux-epcf90
configure:5904: result: no
configure:5874: checking for mips-linux-gfortran
configure:5904: result: no
configure:5874: checking for mips-linux-g95
configure:5904: result: no
configure:5874: checking for mips-linux-xlf95
configure:5904: result: no
configure:5874: checking for mips-linux-f95
configure:5904: result: no
configure:5874: checking for mips-linux-fort
configure:5904: result: no
configure:5874: checking for mips-linux-ifort
configure:5904: result: no
configure:5874: checking for mips-linux-ifc
configure:5904: result: no
configure:5874: checking for mips-linux-efc
configure:5904: result: no
configure:5874: checking for mips-linux-pgf95
configure:5904: result: no
configure:5874: checking for mips-linux-lf95
configure:5904: result: no
configure:5874: checking for mips-linux-ftn
configure:5904: result: no
configure:5918: checking for g77
configure:5948: result: no
configure:5918: checking for xlf
configure:5948: result: no
configure:5918: checking for f77
configure:5948: result: no
configure:5918: checking for frt
configure:5948: result: no
configure:5918: checking for pgf77
configure:5948: result: no
configure:5918: checking for cf77
configure:5948: result: no
configure:5918: checking for fort77
configure:5948: result: no
configure:5918: checking for fl32
configure:5948: result: no
configure:5918: checking for af77
configure:5948: result: no
configure:5918: checking for xlf90
configure:5948: result: no
configure:5918: checking for f90
configure:5948: result: no
configure:5918: checking for pgf90
configure:5948: result: no
configure:5918: checking for pghpf
configure:5948: result: no
configure:5918: checking for epcf90
configure:5948: result: no
configure:5918: checking for gfortran
configure:5948: result: no
configure:5918: checking for g95
configure:5948: result: no
configure:5918: checking for xlf95
configure:5948: result: no
configure:5918: checking for f95
configure:5948: result: no
configure:5918: checking for fort
configure:5948: result: no
configure:5918: checking for ifort
configure:5948: result: no
configure:5918: checking for ifc
configure:5948: result: no
configure:5918: checking for efc
configure:5948: result: no
configure:5918: checking for pgf95
configure:5948: result: no
configure:5918: checking for lf95
configure:5948: result: no
configure:5918: checking for ftn
configure:5948: result: no
configure:5971: checking for Fortran 77 compiler version
configure:5980:  --version >&5
./configure: line 5982: --version: command not found
configure:5991: $? = 127
configure:5980:  -v >&5
./configure: line 5982: -v: command not found
configure:5991: $? = 127
configure:5980:  -V >&5
./configure: line 5982: -V: command not found
configure:5991: $? = 127
configure:5980:  -qversion >&5
./configure: line 5982: -qversion: command not found
configure:5991: $? = 127
configure:6000: checking whether we are using the GNU Fortran 77 compiler
configure:6013:  -c  conftest.F >&5
./configure: line 2193: -c: command not found
configure:6013: $? = 127
configure: failed program was:
|       program main
| #ifndef __GNUC__
|        choke me
| #endif
| 
|       end
configure:6022: result: no
configure:6028: checking whether  accepts -g
configure:6039:  -c -g conftest.f >&5
./configure: line 2193: -c: command not found
configure:6039: $? = 127
configure: failed program was:
|       program main
| 
|       end
configure:6047: result: no
configure:6081: checking the maximum length of command line arguments
configure:6146: result: 32768
configure:6157: checking command to parse nm output from mipsel-linux-uclibc-gcc object
configure:6246: mipsel-linux-uclibc-gcc -c -Os -s -Wall -I/home/peter/JNDR3710/JNDR3710/apps/3g_trunk/src/include -I../../nvram/ -DAT_DEBUG -DDETECT_SIM_INFO -DFAILOVER -DHACK_DNS -DTRAFFIC_METER -DOS_EMBEDDED -I../../../shared -DDONGLE_MINOR_VER=1604  conftest.c >&5
configure:6249: $? = 0
configure:6253: nm conftest.o \| sed -n -e 's/^.*[ 	]\([ABCDGIRSTW][ABCDGIRSTW]*\)[ 	][ 	]*\(\)\([_A-Za-z][_A-Za-z0-9]*\)$/\1 \2\3 \3/p' \> conftest.nm
configure:6256: $? = 0
configure:6308: mipsel-linux-uclibc-gcc -o conftest -Os -s -Wall -I/home/peter/JNDR3710/JNDR3710/apps/3g_trunk/src/include -I../../nvram/ -DAT_DEBUG -DDETECT_SIM_INFO -DFAILOVER -DHACK_DNS -DTRAFFIC_METER -DOS_EMBEDDED -I../../../shared -DDONGLE_MINOR_VER=1604   conftest.c conftstm.o >&5
configure:6311: $? = 0
configure:6349: result: ok
configure:6353: checking for objdir
configure:6368: result: .libs
configure:6420: checking for mips-linux-ar
configure:6447: result: mipsel-linux-uclibc-ar
configure:6512: checking for mips-linux-ranlib
configure:6539: result: mipsel-linux-uclibc-ranlib
configure:6604: checking for mips-linux-strip
configure:6631: result: mipsel-linux-uclibc-strip
configure:6943: checking if mipsel-linux-uclibc-gcc static flag  works
configure:6966: result: yes
configure:6984: checking if mipsel-linux-uclibc-gcc supports -fno-rtti -fno-exceptions
configure:7002: mipsel-linux-uclibc-gcc -c -Os -s -Wall -I/home/peter/JNDR3710/JNDR3710/apps/3g_trunk/src/include -I../../nvram/ -DAT_DEBUG -DDETECT_SIM_INFO -DFAILOVER -DHACK_DNS -DTRAFFIC_METER -DOS_EMBEDDED -I../../../shared -DDONGLE_MINOR_VER=1604  -fno-rtti -fno-exceptions conftest.c >&5
cc1: warning: command line option "-fno-rtti" is valid for C++/ObjC++ but not for C
configure:7006: $? = 0
configure:7017: result: no
configure:7032: checking for mipsel-linux-uclibc-gcc option to produce PIC
configure:7209: result: -fPIC
configure:7217: checking if mipsel-linux-uclibc-gcc PIC flag -fPIC works
configure:7235: mipsel-linux-uclibc-gcc -c -Os -s -Wall -I/home/peter/JNDR3710/JNDR3710/apps/3g_trunk/src/include -I../../nvram/ -DAT_DEBUG -DDETECT_SIM_INFO -DFAILOVER -DHACK_DNS -DTRAFFIC_METER -DOS_EMBEDDED -I../../../shared -DDONGLE_MINOR_VER=1604  -fPIC -DPIC conftest.c >&5
configure:7239: $? = 0
configure:7250: result: yes
configure:7274: checking if mipsel-linux-uclibc-gcc supports -c -o file.o
configure:7295: mipsel-linux-uclibc-gcc -c -Os -s -Wall -I/home/peter/JNDR3710/JNDR3710/apps/3g_trunk/src/include -I../../nvram/ -DAT_DEBUG -DDETECT_SIM_INFO -DFAILOVER -DHACK_DNS -DTRAFFIC_METER -DOS_EMBEDDED -I../../../shared -DDONGLE_MINOR_VER=1604  -o out/conftest2.o conftest.c >&5
configure:7299: $? = 0
configure:7319: result: yes
configure:7345: checking whether the mipsel-linux-uclibc-gcc linker (mipsel-linux-uclibc-ld) supports shared libraries
configure:8135: result: yes
configure:8161: checking whether -lc should be explicitly linked in
configure:8166: mipsel-linux-uclibc-gcc -c -Os -s -Wall -I/home/peter/JNDR3710/JNDR3710/apps/3g_trunk/src/include -I../../nvram/ -DAT_DEBUG -DDETECT_SIM_INFO -DFAILOVER -DHACK_DNS -DTRAFFIC_METER -DOS_EMBEDDED -I../../../shared -DDONGLE_MINOR_VER=1604  conftest.c >&5
configure:8169: $? = 0
configure:8183: mipsel-linux-uclibc-gcc -shared conftest.o  -v -Wl,-soname -Wl,conftest -o conftest 2\>\&1 \| grep  -lc  \>/dev/null 2\>\&1
configure:8186: $? = 0
configure:8198: result: no
configure:8206: checking dynamic linker characteristics
configure:8767: result: GNU/Linux ld.so
configure:8771: checking how to hardcode library paths into programs
configure:8796: result: immediate
configure:8810: checking whether stripping libraries is possible
configure:8815: result: yes
configure:9327: checking if libtool supports shared libraries
configure:9329: result: yes
configure:9332: checking whether to build shared libraries
configure:9390: result: yes
configure:9393: checking whether to build static libraries
configure:9397: result: yes
configure:9489: creating libtool
configure:10032: checking for ld used by mipsel-linux-uclibc-g++
configure:10099: result: mipsel-linux-uclibc-ld
configure:10106: checking if the linker (mipsel-linux-uclibc-ld) is GNU ld
configure:10121: result: yes
configure:10172: checking whether the mipsel-linux-uclibc-g++ linker (mipsel-linux-uclibc-ld) supports shared libraries
configure:10942: result: yes
configure:10960: mipsel-linux-uclibc-g++ -c -g -O2  conftest.cc >&5
configure:10963: $? = 0
configure:11059: checking for mipsel-linux-uclibc-g++ option to produce PIC
configure:11311: result: -fPIC
configure:11319: checking if mipsel-linux-uclibc-g++ PIC flag -fPIC works
configure:11337: mipsel-linux-uclibc-g++ -c -g -O2  -fPIC -DPIC conftest.cc >&5
configure:11341: $? = 0
configure:11352: result: yes
configure:11376: checking if mipsel-linux-uclibc-g++ supports -c -o file.o
configure:11397: mipsel-linux-uclibc-g++ -c -g -O2  -o out/conftest2.o conftest.cc >&5
configure:11401: $? = 0
configure:11421: result: yes
configure:11447: checking whether the mipsel-linux-uclibc-g++ linker (mipsel-linux-uclibc-ld) supports shared libraries
configure:11472: result: yes
configure:11543: checking dynamic linker characteristics
configure:12104: result: GNU/Linux ld.so
configure:12108: checking how to hardcode library paths into programs
configure:12133: result: immediate
configure:12147: checking whether stripping libraries is possible
configure:12152: result: yes
configure:18685: checking for what USB OS support
configure:18697: result: Linux
configure:18804: checking for mips-linux-gcc
configure:18831: result: mipsel-linux-uclibc-gcc
configure:19100: checking for C compiler version
configure:19109: mipsel-linux-uclibc-gcc --version >&5
mipsel-linux-uclibc-gcc (GCC) 3.4.2
Copyright (C) 2004 Free Software Foundation, Inc.
This is free software; see the source for copying conditions.  There is NO
warranty; not even for MERCHANTABILITY or FITNESS FOR A PARTICULAR PURPOSE.

configure:19120: $? = 0
configure:19109: mipsel-linux-uclibc-gcc -v >&5
Reading specs from /home/opt/buildroot-gcc342/bin/../lib/gcc/mipsel-linux-uclibc/3.4.2/specs
Configured with: /home/winfred/RT288x_SDK/toolchain/buildroot/toolchain_build_mipsel/gcc-3.4.2/configure --prefix=/home/winfred/RT288x_SDK/toolchain/buildroot-gdb --build=i386-pc-linux-gnu --host=i386-pc-linux-gnu --target=mipsel-linux-uclibc --enable-languages=c,c++ --disable-__cxa_atexit --enable-target-optspace --with-gnu-ld --disable-shared --disable-nls --enable-threads --enable-multilib --enable-sjlj-exceptions : (reconfigured) /home/winfred/RT288x_SDK/toolchain/buildroot/toolchain_build_mipsel/gcc-3.4.2/configure --prefix=/home/winfred/RT288x_SDK/toolchain/buildroot-gdb --build=i386-pc-linux-gnu --host=i386-pc-linux-gnu --target=mipsel-linux-uclibc --enable-languages=c,c++ --disable-__cxa_atexit --enable-target-optspace --with-gnu-ld --disable-shared --disable-nls --enable-threads --enable-multilib --enable-sjlj-exceptions
Thread model: posix
gcc version 3.4.2
configure:19120: $? = 0
configure:19109: mipsel-linux-uclibc-gcc -V >&5
mipsel-linux-uclibc-gcc: `-V' option must have argument
configure:19120: $? = 1
configure:19109: mipsel-linux-uclibc-gcc -qversion >&5
mipsel-linux-uclibc-gcc: unrecognized option `-qversion'
mipsel-linux-uclibc-gcc: no input files
configure:19120: $? = 1
configure:19124: checking whether we are using the GNU C compiler
configure:19152: result: yes
configure:19161: checking whether mipsel-linux-uclibc-gcc accepts -g
configure:19222: result: yes
configure:19239: checking for mipsel-linux-uclibc-gcc option to accept ISO C89
configure:19316: result: none needed
configure:19338: checking dependency style of mipsel-linux-uclibc-gcc
configure:19423: result: gcc3
configure:19441: checking whether mipsel-linux-uclibc-gcc and cc understand -c and -o together
configure:19472: mipsel-linux-uclibc-gcc -c conftest.cpp -o conftest2.o >&5
configure:19476: $? = 0
configure:19482: mipsel-linux-uclibc-gcc -c conftest.cpp -o conftest2.o >&5
configure:19486: $? = 0
configure:19497: cc -c conftest.cpp >&5
configure:19501: $? = 0
configure:19509: cc -c conftest.cpp -o conftest2.o >&5
configure:19513: $? = 0
configure:19519: cc -c conftest.cpp -o conftest2.o >&5
configure:19523: $? = 0
configure:19541: result: yes
configure:19575: checking for ANSI C header files
configure:19679: result: yes
configure:19691: checking for vprintf
configure:19691: mipsel-linux-uclibc-g++ -o conftest -g -O2   conftest.cpp  >&5
configure:19691: $? = 0
configure:19691: result: yes
configure:19697: checking for _doprnt
configure:19697: mipsel-linux-uclibc-g++ -o conftest -g -O2   conftest.cpp  >&5
/tmp/cc0SK1qj.o: In function `main':/home/peter/JNDR3710/JNDR3710/apps/3g_trunk/src/usb_modeswitch-0.9.7/libusb-0.1.12/conftest.cpp:66: undefined reference to `_doprnt'
collect2: ld returned 1 exit status
configure:19697: $? = 1
configure: failed program was:
| /* confdefs.h */
| #define PACKAGE_NAME "libusb"
| #define PACKAGE_TARNAME "libusb"
| #define PACKAGE_VERSION "0.1.12"
| #define PACKAGE_STRING "libusb 0.1.12"
| #define PACKAGE_BUGREPORT ""
| #define PACKAGE_URL ""
| #define PACKAGE "libusb"
| #define VERSION "0.1.12"
| #define LIBUSB_MAJOR_VERSION 0
| #define LIBUSB_MINOR_VERSION 1
| #define LIBUSB_MICRO_VERSION 12
| #define LIBUSB_INTERFACE_AGE 4
| #define LIBUSB_BINARY_AGE 8
| #define STDC_HEADERS 1
| #define HAVE_SYS_TYPES_H 1
| #define HAVE_SYS_STAT_H 1
| #define HAVE_STDLIB_H 1
| #define HAVE_STRING_H 1
| #define HAVE_MEMORY_H 1
| #define HAVE_STRINGS_H 1
| #define HAVE_INTTYPES_H 1
| #define HAVE_STDINT_H 1
| #define HAVE_UNISTD_H 1
| #define HAVE_DLFCN_H 1
| #define LINUX_API 1
| #define BSD_API 0
| #define DARWIN_API 0
| #define STDC_HEADERS 1
| #define HAVE_VPRINTF 1
| /* end confdefs.h.  */
| /* Define _doprnt to an innocuous variant, in case <limits.h> declares _doprnt.
|    For example, HP-UX 11i <limits.h> declares gettimeofday.  */
| #define _doprnt innocuous__doprnt
| 
| /* System header to define __stub macros and hopefully few prototypes,
|     which can conflict with char _doprnt (); below.
|     Prefer <limits.h> to <assert.h> if __STDC__ is defined, since
|     <limits.h> exists even on freestanding compilers.  */
| 
| #ifdef __STDC__
| # include <limits.h>
| #else
| # include <assert.h>
| #endif
| 
| #undef _doprnt
| 
| /* Override any GCC internal prototype to avoid an error.
|    Use char because int might match the return type of a GCC
|    builtin and then its argument prototype would still apply.  */
| #ifdef __cplusplus
| extern "C"
| #endif
| char _doprnt ();
| /* The GNU C library defines this for functions which it implements
|     to always fail with ENOSYS.  Some functions are actually named
|     something starting with __ and the normal name is an alias.  */
| #if defined __stub__doprnt || defined __stub____doprnt
| choke me
| #endif
| 
| int
| main ()
| {
| return _doprnt ();
|   ;
|   return 0;
| }
configure:19697: result: no
configure:19709: checking for an ANSI C-conforming const
configure:19774: mipsel-linux-uclibc-g++ -c -g -O2  conftest.cpp >&5
configure:19774: $? = 0
configure:19781: result: yes
configure:19790: checking whether byte ordering is bigendian
configure:19805: mipsel-linux-uclibc-g++ -c -g -O2  conftest.cpp >&5
conftest.cpp:33: error: expected unqualified-id before '!' token
conftest.cpp:33: error: expected `,' or `;' before '!' token
configure:19805: $? = 1
configure: failed program was:
| /* confdefs.h */
| #define PACKAGE_NAME "libusb"
| #define PACKAGE_TARNAME "libusb"
| #define PACKAGE_VERSION "0.1.12"
| #define PACKAGE_STRING "libusb 0.1.12"
| #define PACKAGE_BUGREPORT ""
| #define PACKAGE_URL ""
| #define PACKAGE "libusb"
| #define VERSION "0.1.12"
| #define LIBUSB_MAJOR_VERSION 0
| #define LIBUSB_MINOR_VERSION 1
| #define LIBUSB_MICRO_VERSION 12
| #define LIBUSB_INTERFACE_AGE 4
| #define LIBUSB_BINARY_AGE 8
| #define STDC_HEADERS 1
| #define HAVE_SYS_TYPES_H 1
| #define HAVE_SYS_STAT_H 1
| #define HAVE_STDLIB_H 1
| #define HAVE_STRING_H 1
| #define HAVE_MEMORY_H 1
| #define HAVE_STRINGS_H 1
| #define HAVE_INTTYPES_H 1
| #define HAVE_STDINT_H 1
| #define HAVE_UNISTD_H 1
| #define HAVE_DLFCN_H 1
| #define LINUX_API 1
| #define BSD_API 0
| #define DARWIN_API 0
| #define STDC_HEADERS 1
| #define HAVE_VPRINTF 1
| /* end confdefs.h.  */
| #ifndef __APPLE_CC__
| 	       not a universal capable compiler
| 	     #endif
| 	     typedef int dummy;
| 
configure:19850: mipsel-linux-uclibc-g++ -c -g -O2  conftest.cpp >&5
configure:19850: $? = 0
configure:19868: mipsel-linux-uclibc-g++ -c -g -O2  conftest.cpp >&5
conftest.cpp: In function `int main()':
conftest.cpp:39: error: `big' undeclared (first use this function)
conftest.cpp:39: error: (Each undeclared identifier is reported only once for each function it appears in.)
conftest.cpp:39: error: expected `;' before "endian"
configure:19868: $? = 1
configure: failed program was:
| /* confdefs.h */
| #define PACKAGE_NAME "libusb"
| #define PACKAGE_TARNAME "libusb"
| #define PACKAGE_VERSION "0.1.12"
| #define PACKAGE_STRING "libusb 0.1.12"
| #define PACKAGE_BUGREPORT ""
| #define PACKAGE_URL ""
| #define PACKAGE "libusb"
| #define VERSION "0.1.12"
| #define LIBUSB_MAJOR_VERSION 0
| #define LIBUSB_MINOR_VERSION 1
| #define LIBUSB_MICRO_VERSION 12
| #define LIBUSB_INTERFACE_AGE 4
| #define LIBUSB_BINARY_AGE 8
| #define STDC_HEADERS 1
| #define HAVE_SYS_TYPES_H 1
| #define HAVE_SYS_STAT_H 1
| #define HAVE_STDLIB_H 1
| #define HAVE_STRING_H 1
| #define HAVE_MEMORY_H 1
| #define HAVE_STRINGS_H 1
| #define HAVE_INTTYPES_H 1
| #define HAVE_STDINT_H 1
| #define HAVE_UNISTD_H 1
| #define HAVE_DLFCN_H 1
| #define LINUX_API 1
| #define BSD_API 0
| #define DARWIN_API 0
| #define STDC_HEADERS 1
| #define HAVE_VPRINTF 1
| /* end confdefs.h.  */
| #include <sys/types.h>
| 		#include <sys/param.h>
| 
| int
| main ()
| {
| #if BYTE_ORDER != BIG_ENDIAN
| 		 not big endian
| 		#endif
| 
|   ;
|   return 0;
| }
configure:19996: result: no
configure:20024: checking limits.h usability
configure:20024: mipsel-linux-uclibc-g++ -c -g -O2  conftest.cpp >&5
configure:20024: $? = 0
configure:20024: result: yes
configure:20024: checking limits.h presence
configure:20024: mipsel-linux-uclibc-g++ -E  conftest.cpp
configure:20024: $? = 0
configure:20024: result: yes
configure:20024: checking for limits.h
configure:20024: result: yes
configure:20039: checking for unistd.h
configure:20039: result: yes
configure:20054: checking values.h usability
configure:20054: mipsel-linux-uclibc-g++ -c -g -O2  conftest.cpp >&5
configure:20054: $? = 0
configure:20054: result: yes
configure:20054: checking values.h presence
configure:20054: mipsel-linux-uclibc-g++ -E  conftest.cpp
configure:20054: $? = 0
configure:20054: result: yes
configure:20054: checking for values.h
configure:20054: result: yes
configure:20071: checking for memmove
configure:20071: mipsel-linux-uclibc-g++ -o conftest -g -O2   conftest.cpp  >&5
configure:20071: $? = 0
configure:20071: result: yes
configure:20128: checking for pkg-config
configure:20146: found /usr/bin/pkg-config
configure:20158: result: /usr/bin/pkg-config
configure:20176: checking if we should build the documentation
configure:20185: result: auto
configure:20191: checking for jade
configure:20221: result: no
configure:20229: checking for openjade
configure:20259: result: no
configure:20268: checking for Doxygen tools
configure:20272: checking for dot
configure:20323: result: /usr/bin/dot
configure:20337: checking for doxygen
configure:20388: result: /usr/bin/doxygen
configure:20411: WARNING: Documentation build components not installed. sgml docs will not be built
configure:20566: creating ./config.status

## ---------------------- ##
## Running config.status. ##
## ---------------------- ##

This file was extended by libusb config.status 0.1.12, which was
generated by GNU Autoconf 2.65.  Invocation command line was

  CONFIG_FILES    = 
  CONFIG_HEADERS  = 
  CONFIG_LINKS    = 
  CONFIG_COMMANDS = 
  $ ./config.status 

on ubuntu

config.status:927: creating Makefile
config.status:1030: WARNING:  'Makefile.in' seems to ignore the --datarootdir setting
config.status:927: creating doc/Makefile
config.status:1030: WARNING:  'doc/Makefile.in' seems to ignore the --datarootdir setting
config.status:927: creating libusb.spec
config.status:927: creating libusb-config
config.status:927: creating libusb.pc
config.status:927: creating tests/Makefile
config.status:1030: WARNING:  'tests/Makefile.in' seems to ignore the --datarootdir setting
config.status:927: creating README
config.status:927: creating INSTALL.libusb
config.status:927: creating usb.h
config.status:927: creating Doxyfile
config.status:927: creating config.h
config.status:1093: config.h is unchanged
config.status:1140: executing depfiles commands
config.status:1140: executing default commands

## ---------------- ##
## Cache variables. ##
## ---------------- ##

ac_cv_build=i686-pc-linux-gnu
ac_cv_c_bigendian=no
ac_cv_c_compiler_gnu=yes
ac_cv_c_const=yes
ac_cv_cxx_compiler_gnu=yes
ac_cv_env_CCC_set=
ac_cv_env_CCC_value=
ac_cv_env_CC_set=set
ac_cv_env_CC_value=mipsel-linux-uclibc-gcc
ac_cv_env_CFLAGS_set=set
ac_cv_env_CFLAGS_value='-Os -s -Wall -I/home/peter/JNDR3710/JNDR3710/apps/3g_trunk/src/include -I../../nvram/ -DAT_DEBUG -DDETECT_SIM_INFO -DFAILOVER -DHACK_DNS -DTRAFFIC_METER -DOS_EMBEDDED -I../../../shared -DDONGLE_MINOR_VER=1604'
ac_cv_env_CPPFLAGS_set=
ac_cv_env_CPPFLAGS_value=
ac_cv_env_CPP_set=set
ac_cv_env_CPP_value='mipsel-linux-uclibc-gcc -E'
ac_cv_env_CXXCPP_set=
ac_cv_env_CXXCPP_value=
ac_cv_env_CXXFLAGS_set=
ac_cv_env_CXXFLAGS_value=
ac_cv_env_CXX_set=set
ac_cv_env_CXX_value=mipsel-linux-uclibc-g++
ac_cv_env_F77_set=
ac_cv_env_F77_value=
ac_cv_env_FFLAGS_set=
ac_cv_env_FFLAGS_value=
ac_cv_env_LDFLAGS_set=
ac_cv_env_LDFLAGS_value=
ac_cv_env_LIBS_set=
ac_cv_env_LIBS_value=
ac_cv_env_build_alias_set=
ac_cv_env_build_alias_value=
ac_cv_env_host_alias_set=set
ac_cv_env_host_alias_value=mips-linux
ac_cv_env_target_alias_set=
ac_cv_env_target_alias_value=
ac_cv_f77_compiler_gnu=no
ac_cv_func__doprnt=no
ac_cv_func_memmove=yes
ac_cv_func_vprintf=yes
ac_cv_header_dlfcn_h=yes
ac_cv_header_inttypes_h=yes
ac_cv_header_limits_h=yes
ac_cv_header_memory_h=yes
ac_cv_header_stdc=yes
ac_cv_header_stdint_h=yes
ac_cv_header_stdlib_h=yes
ac_cv_header_string_h=yes
ac_cv_header_strings_h=yes
ac_cv_header_sys_stat_h=yes
ac_cv_header_sys_types_h=yes
ac_cv_header_unistd_h=yes
ac_cv_header_values_h=yes
ac_cv_host=mips-unknown-linux-gnu
ac_cv_objext=o
ac_cv_path_EGREP='/bin/grep -E'
ac_cv_path_GREP=/bin/grep
ac_cv_path_PKG_CONFIG=/usr/bin/pkg-config
ac_cv_path_install='/usr/bin/install -c'
ac_cv_prog_AR=mipsel-linux-uclibc-ar
ac_cv_prog_AWK=gawk
ac_cv_prog_CC=mipsel-linux-uclibc-gcc
ac_cv_prog_CPP='mipsel-linux-uclibc-gcc -E'
ac_cv_prog_CXXCPP='mipsel-linux-uclibc-g++ -E'
ac_cv_prog_RANLIB=mipsel-linux-uclibc-ranlib
ac_cv_prog_STRIP=mipsel-linux-uclibc-strip
ac_cv_prog_cc_c89=
ac_cv_prog_cc_g=yes
ac_cv_prog_cc_mipsel_linux_uclibc_gcc_c_o=yes
ac_cv_prog_cxx_g=yes
ac_cv_prog_f77_g=no
ac_cv_prog_make_make_set=yes
am_cv_CC_dependencies_compiler_type=gcc3
am_cv_CXX_dependencies_compiler_type=gcc3
libusb_cv_path=/usr/bin/doxygen
libusb_cv_path_dot=/usr/bin/dot
libusb_cv_path_doxygen=/usr/bin/doxygen
lt_cv_deplibs_check_method=pass_all
lt_cv_file_magic_cmd='$MAGIC_CMD'
lt_cv_file_magic_test_file='/lib/libc.so.6 /lib/libc-2.11.1.so'
lt_cv_ld_reload_flag=-r
lt_cv_objdir=.libs
lt_cv_path_LD=mipsel-linux-uclibc-ld
lt_cv_path_LDCXX=mipsel-linux-uclibc-ld
lt_cv_path_NM=nm
lt_cv_path_SED=/bin/sed
lt_cv_prog_compiler_c_o=yes
lt_cv_prog_compiler_c_o_CXX=yes
lt_cv_prog_compiler_rtti_exceptions=no
lt_cv_prog_gnu_ld=yes
lt_cv_prog_gnu_ldcxx=yes
lt_cv_sys_global_symbol_pipe='sed -n -e '\''s/^.*[ 	]\([ABCDGIRSTW][ABCDGIRSTW]*\)[ 	][ 	]*\(\)\([_A-Za-z][_A-Za-z0-9]*\)$/\1 \2\3 \3/p'\'''
lt_cv_sys_global_symbol_to_c_name_address='sed -n -e '\''s/^: \([^ ]*\) $/  {\"\1\", (lt_ptr) 0},/p'\'' -e '\''s/^[BCDEGRST] \([^ ]*\) \([^ ]*\)$/  {"\2", (lt_ptr) \&\2},/p'\'''
lt_cv_sys_global_symbol_to_cdecl='sed -n -e '\''s/^. .* \(.*\)$/extern int \1;/p'\'''
lt_cv_sys_max_cmd_len=32768
lt_lt_cv_prog_compiler_c_o='"yes"'
lt_lt_cv_prog_compiler_c_o_CXX='"yes"'
lt_lt_cv_sys_global_symbol_pipe='"sed -n -e '\''s/^.*[ 	]\\([ABCDGIRSTW][ABCDGIRSTW]*\\)[ 	][ 	]*\\(\\)\\([_A-Za-z][_A-Za-z0-9]*\\)\$/\\1 \\2\\3 \\3/p'\''"'
lt_lt_cv_sys_global_symbol_to_c_name_address='"sed -n -e '\''s/^: \\([^ ]*\\) \$/  {\\\"\\1\\\", (lt_ptr) 0},/p'\'' -e '\''s/^[BCDEGRST] \\([^ ]*\\) \\([^ ]*\\)\$/  {\"\\2\", (lt_ptr) \\&\\2},/p'\''"'
lt_lt_cv_sys_global_symbol_to_cdecl='"sed -n -e '\''s/^. .* \\(.*\\)\$/extern int \\1;/p'\''"'

## ----------------- ##
## Output variables. ##
## ----------------- ##

ACLOCAL='${SHELL} /home/peter/JNDR3710/JNDR3710/apps/3g_trunk/src/usb_modeswitch-0.9.7/libusb-0.1.12/missing --run aclocal-1.8'
AMDEPBACKSLASH='\'
AMDEP_FALSE='#'
AMDEP_TRUE=''
AMTAR='${SHELL} /home/peter/JNDR3710/JNDR3710/apps/3g_trunk/src/usb_modeswitch-0.9.7/libusb-0.1.12/missing --run tar'
AR='mipsel-linux-uclibc-ar'
AUTOCONF='${SHELL} /home/peter/JNDR3710/JNDR3710/apps/3g_trunk/src/usb_modeswitch-0.9.7/libusb-0.1.12/missing --run autoconf'
AUTOHEADER='${SHELL} /home/peter/JNDR3710/JNDR3710/apps/3g_trunk/src/usb_modeswitch-0.9.7/libusb-0.1.12/missing --run autoheader'
AUTOMAKE='${SHELL} /home/peter/JNDR3710/JNDR3710/apps/3g_trunk/src/usb_modeswitch-0.9.7/libusb-0.1.12/missing --run automake-1.8'
AWK='gawk'
BIGENDIAN='0'
BSD_API='0'
BSD_API_FALSE=''
BSD_API_TRUE='#'
BUILD_DOCS_FALSE=''
BUILD_DOCS_TRUE='#'
CC='mipsel-linux-uclibc-gcc'
CCDEPMODE='depmode=gcc3'
CFLAGS='-Os -s -Wall -I/home/peter/JNDR3710/JNDR3710/apps/3g_trunk/src/include -I../../nvram/ -DAT_DEBUG -DDETECT_SIM_INFO -DFAILOVER -DHACK_DNS -DTRAFFIC_METER -DOS_EMBEDDED -I../../../shared -DDONGLE_MINOR_VER=1604'
CPP='mipsel-linux-uclibc-gcc -E'
CPPFLAGS=''
CXX='mipsel-linux-uclibc-g++'
CXXCPP='mipsel-linux-uclibc-g++ -E'
CXXDEPMODE='depmode=gcc3'
CXXFLAGS='-g -O2'
CYGPATH_W='echo'
DARWIN_API='0'
DARWIN_API_FALSE=''
DARWIN_API_TRUE='#'
DEFS='-DHAVE_CONFIG_H'
DEPDIR='.deps'
DOXYGEN='/usr/bin/doxygen'
DOXYGEN_PROJECT_NAME='LIBUSB C++ API Reference'
DOXYGEN_PROJECT_NUMBER='Version 0.1.12'
ECHO='echo'
ECHO_C=''
ECHO_N='-n'
ECHO_T=''
EGREP='/bin/grep -E'
EXEEXT=''
F77=''
FFLAGS=''
GREP='/bin/grep'
INSTALL_DATA='${INSTALL} -m 644'
INSTALL_PROGRAM='${INSTALL}'
INSTALL_SCRIPT='${INSTALL}'
INSTALL_STRIP_PROGRAM='${SHELL} $(install_sh) -c -s'
JADE=''
LDFLAGS=''
LIBOBJS=''
LIBS=''
LIBTOOL='$(SHELL) $(top_builddir)/libtool'
LIBUSB_BINARY_AGE='8'
LIBUSB_HAS_DOXYGEN='yes'
LIBUSB_HAVE_DOT='YES'
LIBUSB_INTERFACE_AGE='4'
LIBUSB_MAJOR_VERSION='0'
LIBUSB_MICRO_VERSION='12'
LIBUSB_MINOR_VERSION='1'
LIBUSB_VERSION='0.1.12'
LINUX_API='1'
LINUX_API_FALSE='#'
LINUX_API_TRUE=''
LN_S='ln -s'
LTLIBOBJS=''
LT_AGE='4'
LT_CURRENT='8'
LT_RELEASE='0.1'
LT_REVISION='4'
MAKEINFO='${SHELL} /home/peter/JNDR3710/JNDR3710/apps/3g_trunk/src/usb_modeswitch-0.9.7/libusb-0.1.12/missing --run makeinfo'
OBJEXT='o'
OSLIBS=''
PACKAGE='libusb'
PACKAGE_BUGREPORT=''
PACKAGE_NAME='libusb'
PACKAGE_STRING='libusb 0.1.12'
PACKAGE_TARNAME='libusb'
PACKAGE_URL=''
PACKAGE_VERSION='0.1.12'
PATH_SEPARATOR=':'
PKG_CONFIG='/usr/bin/pkg-config'
RANLIB='mipsel-linux-uclibc-ranlib'
SET_MAKE=''
SHELL='/bin/sh'
STRIP='mipsel-linux-uclibc-strip'
VERSION='0.1.12'
ac_ct_CC=''
ac_ct_CXX=''
ac_ct_F77=''
am__fastdepCC_FALSE='#'
am__fastdepCC_TRUE=''
am__fastdepCXX_FALSE='#'
am__fastdepCXX_TRUE=''
am__include='include'
am__leading_dot='.'
am__quote=''
bindir='${exec_prefix}/bin'
build='i686-pc-linux-gnu'
build_alias=''
build_cpu='i686'
build_os='linux-gnu'
build_vendor='pc'
datadir='${datarootdir}'
datarootdir='${prefix}/share'
docdir='${datarootdir}/doc/${PACKAGE_TARNAME}'
dvidir='${docdir}'
exec_prefix='${prefix}'
host='mips-unknown-linux-gnu'
host_alias='mips-linux'
host_cpu='mips'
host_os='linux-gnu'
host_vendor='unknown'
htmldir='${docdir}'
includedir='${prefix}/include'
infodir='${datarootdir}/info'
install_sh='/home/peter/JNDR3710/JNDR3710/apps/3g_trunk/src/usb_modeswitch-0.9.7/libusb-0.1.12/install-sh'
libdir='${exec_prefix}/lib'
libexecdir='${exec_prefix}/libexec'
localedir='${datarootdir}/locale'
localstatedir='${prefix}/var'
mandir='${datarootdir}/man'
mkdir_p='mkdir -p -- .'
oldincludedir='/usr/include'
pdfdir='${docdir}'
pkgconfigdir='${exec_prefix}/lib/pkgconfig'
prefix='/usr/local'
program_transform_name='s,x,x,'
psdir='${docdir}'
sbindir='${exec_prefix}/sbin'
sharedstatedir='${prefix}/com'
sysconfdir='${prefix}/etc'
target_alias=''

## ----------- ##
## confdefs.h. ##
## ----------- ##

/* confdefs.h */
#define PACKAGE_NAME "libusb"
#define PACKAGE_TARNAME "libusb"
#define PACKAGE_VERSION "0.1.12"
#define PACKAGE_STRING "libusb 0.1.12"
#define PACKAGE_BUGREPORT ""
#define PACKAGE_URL ""
#define PACKAGE "libusb"
#define VERSION "0.1.12"
#define LIBUSB_MAJOR_VERSION 0
#define LIBUSB_MINOR_VERSION 1
#define LIBUSB_MICRO_VERSION 12
#define LIBUSB_INTERFACE_AGE 4
#define LIBUSB_BINARY_AGE 8
#define STDC_HEADERS 1
#define HAVE_SYS_TYPES_H 1
#define HAVE_SYS_STAT_H 1
#define HAVE_STDLIB_H 1
#define HAVE_STRING_H 1
#define HAVE_MEMORY_H 1
#define HAVE_STRINGS_H 1
#define HAVE_INTTYPES_H 1
#define HAVE_STDINT_H 1
#define HAVE_UNISTD_H 1
#define HAVE_DLFCN_H 1
#define LINUX_API 1
#define BSD_API 0
#define DARWIN_API 0
#define STDC_HEADERS 1
#define HAVE_VPRINTF 1
#define HAVE_LIMITS_H 1
#define HAVE_LIMITS_H 1
#define HAVE_UNISTD_H 1
#define HAVE_UNISTD_H 1
#define HAVE_VALUES_H 1
#define HAVE_VALUES_H 1
#define HAVE_MEMMOVE 1

configure: exit 0
