This file contains any messages produced by compilers while
running configure, to aid debugging if configure makes a mistake.

It was created by configure, which was
generated by GNU Autoconf 2.59.  Invocation command line was

  $ ./configure 

## --------- ##
## Platform. ##
## --------- ##

hostname = relax_Linux
uname -m = i686
uname -r = 2.4.20-8
uname -s = Linux
uname -v = #1 Thu Mar 13 17:54:28 EST 2003

/usr/bin/uname -p = unknown
/bin/uname -X     = unknown

/bin/arch              = i686
/usr/bin/arch -k       = unknown
/usr/convex/getsysinfo = unknown
hostinfo               = unknown
/bin/machine           = unknown
/usr/bin/oslevel       = unknown
/bin/universe          = unknown

PATH: /usr/kerberos/bin
PATH: /usr/local/bin
PATH: /bin
PATH: /usr/bin
PATH: /usr/sbin/
PATH: /home/aaa/uc/uClinux/brecis/tools/mipsisa32-brecis-uclinux/bin
PATH: /opt/brcm/hndtools-mipsel-linux/bin/
PATH: /opt/arm-linux-gnueabi/bin
PATH: /opt/hardhat/devkit/arm/xscale_be/bin
PATH: /usr/X11R6/bin
PATH: /home/shearer/bin


## ----------- ##
## Core tests. ##
## ----------- ##

configure:1421: configuring for GNU Wget 1.10.2
configure:1458: checking build system type
configure:1476: result: i686-pc-linux-gnu
configure:1484: checking host system type
configure:1498: result: i686-pc-linux-gnu
configure:1578: checking whether make sets $(MAKE)
configure:1598: result: yes
configure:1621: checking for a BSD-compatible install
configure:1676: result: /usr/bin/install -c
configure:1738: checking for gcc
configure:1754: found /usr/bin/gcc
configure:1764: result: gcc
configure:2008: checking for C compiler version
configure:2011: gcc --version </dev/null >&5
gcc (GCC) 3.2.2 20030222 (Red Hat Linux 3.2.2-5)
Copyright (C) 2002 Free Software Foundation, Inc.
This is free software; see the source for copying conditions.  There is NO
warranty; not even for MERCHANTABILITY or FITNESS FOR A PARTICULAR PURPOSE.

configure:2014: $? = 0
configure:2016: gcc -v </dev/null >&5
Reading specs from /usr/lib/gcc-lib/i386-redhat-linux/3.2.2/specs
Configured with: ../configure --prefix=/usr --mandir=/usr/share/man --infodir=/usr/share/info --enable-shared --enable-threads=posix --disable-checking --with-system-zlib --enable-__cxa_atexit --host=i386-redhat-linux
Thread model: posix
gcc version 3.2.2 20030222 (Red Hat Linux 3.2.2-5)
configure:2019: $? = 0
configure:2021: gcc -V </dev/null >&5
gcc: argument to `-V' is missing
configure:2024: $? = 1
configure:2047: checking for C compiler default output file name
configure:2050: gcc    conftest.c  >&5
configure:2053: $? = 0
configure:2099: result: a.out
configure:2104: checking whether the C compiler works
configure:2110: ./a.out
configure:2113: $? = 0
configure:2130: result: yes
configure:2137: checking whether we are cross compiling
configure:2139: result: no
configure:2142: checking for suffix of executables
configure:2144: gcc -o conftest    conftest.c  >&5
configure:2147: $? = 0
configure:2172: result: 
configure:2178: checking for suffix of object files
configure:2199: gcc -c   conftest.c >&5
configure:2202: $? = 0
configure:2224: result: o
configure:2228: checking whether we are using the GNU C compiler
configure:2252: gcc -c   conftest.c >&5
configure:2258: $? = 0
configure:2262: test -z 
			 || test ! -s conftest.err
configure:2265: $? = 0
configure:2268: test -s conftest.o
configure:2271: $? = 0
configure:2284: result: yes
configure:2290: checking whether gcc accepts -g
configure:2311: gcc -c -g  conftest.c >&5
configure:2317: $? = 0
configure:2321: test -z 
			 || test ! -s conftest.err
configure:2324: $? = 0
configure:2327: test -s conftest.o
configure:2330: $? = 0
configure:2341: result: yes
configure:2358: checking for gcc option to accept ANSI C
configure:2428: gcc  -c   conftest.c >&5
configure:2434: $? = 0
configure:2438: test -z 
			 || test ! -s conftest.err
configure:2441: $? = 0
configure:2444: test -s conftest.o
configure:2447: $? = 0
configure:2465: result: none needed
configure:2483: gcc -c   conftest.c >&5
conftest.c:2: parse error before "me"
configure:2489: $? = 1
configure: failed program was:
| #ifndef __cplusplus
|   choke me
| #endif
configure:2628: checking how to run the C preprocessor
configure:2663: gcc -E  conftest.c
configure:2669: $? = 0
configure:2701: gcc -E  conftest.c
conftest.c:13:28: ac_nonexistent.h: No such file or directory
configure:2707: $? = 1
configure: failed program was:
| /* confdefs.h.  */
| 
| #define PACKAGE_NAME ""
| #define PACKAGE_TARNAME ""
| #define PACKAGE_VERSION ""
| #define PACKAGE_STRING ""
| #define PACKAGE_BUGREPORT ""
| #define OS_TYPE "linux-gnu"
| #define ENABLE_OPIE 1
| #define ENABLE_DIGEST 1
| #define ENABLE_DEBUG 1
| /* end confdefs.h.  */
| #include <ac_nonexistent.h>
configure:2746: result: gcc -E
configure:2770: gcc -E  conftest.c
configure:2776: $? = 0
configure:2808: gcc -E  conftest.c
conftest.c:13:28: ac_nonexistent.h: No such file or directory
configure:2814: $? = 1
configure: failed program was:
| /* confdefs.h.  */
| 
| #define PACKAGE_NAME ""
| #define PACKAGE_TARNAME ""
| #define PACKAGE_VERSION ""
| #define PACKAGE_STRING ""
| #define PACKAGE_BUGREPORT ""
| #define OS_TYPE "linux-gnu"
| #define ENABLE_OPIE 1
| #define ENABLE_DIGEST 1
| #define ENABLE_DEBUG 1
| /* end confdefs.h.  */
| #include <ac_nonexistent.h>
configure:2858: checking for egrep
configure:2868: result: grep -E
configure:2874: checking for AIX
configure:2896: result: no
configure:2903: checking for gcc option to accept ANSI C
configure:2945: gcc  -c   conftest.c >&5
configure:2951: $? = 0
configure:2955: test -z 
			 || test ! -s conftest.err
configure:2958: $? = 0
configure:2961: test -s conftest.o
configure:2964: $? = 0
configure:2978: result: 
configure:3004: checking for an ANSI C-conforming const
configure:3071: gcc -c  -O2 -Wall -Wno-implicit  conftest.c >&5
conftest.c: In function `main':
conftest.c:40: warning: unused variable `s'
conftest.c:60: warning: unused variable `foo'
conftest.c:21: warning: unused variable `x'
conftest.c:27: warning: unused variable `zero'
conftest.c:39: warning: `t' might be used uninitialized in this function
conftest.c:57: warning: `b' might be used uninitialized in this function
configure:3077: $? = 0
configure:3081: test -z 
			 || test ! -s conftest.err
configure:3084: $? = 0
configure:3087: test -s conftest.o
configure:3090: $? = 0
configure:3101: result: yes
configure:3111: checking for inline
configure:3132: gcc -c  -O2 -Wall -Wno-implicit  conftest.c >&5
configure:3138: $? = 0
configure:3142: test -z 
			 || test ! -s conftest.err
configure:3145: $? = 0
configure:3148: test -s conftest.o
configure:3151: $? = 0
configure:3163: result: inline
configure:3182: checking for working volatile
configure:3205: gcc -c  -O2 -Wall -Wno-implicit  conftest.c >&5
conftest.c: In function `main':
conftest.c:18: warning: unused variable `x'
conftest.c:19: warning: unused variable `y'
configure:3211: $? = 0
configure:3215: test -z 
			 || test ! -s conftest.err
configure:3218: $? = 0
configure:3221: test -s conftest.o
configure:3224: $? = 0
configure:3235: result: yes
configure:3245: checking whether byte ordering is bigendian
configure:3272: gcc -c  -O2 -Wall -Wno-implicit  conftest.c >&5
configure:3278: $? = 0
configure:3282: test -z 
			 || test ! -s conftest.err
configure:3285: $? = 0
configure:3288: test -s conftest.o
configure:3291: $? = 0
configure:3315: gcc -c  -O2 -Wall -Wno-implicit  conftest.c >&5
conftest.c: In function `main':
conftest.c:20: `not' undeclared (first use in this function)
conftest.c:20: (Each undeclared identifier is reported only once
conftest.c:20: for each function it appears in.)
conftest.c:20: parse error before "big"
configure:3321: $? = 1
configure: failed program was:
| /* confdefs.h.  */
| 
| #define PACKAGE_NAME ""
| #define PACKAGE_TARNAME ""
| #define PACKAGE_VERSION ""
| #define PACKAGE_STRING ""
| #define PACKAGE_BUGREPORT ""
| #define OS_TYPE "linux-gnu"
| #define ENABLE_OPIE 1
| #define ENABLE_DIGEST 1
| #define ENABLE_DEBUG 1
| /* end confdefs.h.  */
| #include <sys/types.h>
| #include <sys/param.h>
| 
| int
| main ()
| {
| #if BYTE_ORDER != BIG_ENDIAN
|  not big endian
| #endif
| 
|   ;
|   return 0;
| }
configure:3456: result: no
configure:3475: checking for function prototypes
configure:3478: result: yes
configure:3507: checking for ANSI C header files
configure:3532: gcc -c  -O2 -Wall -Wno-implicit  conftest.c >&5
configure:3538: $? = 0
configure:3542: test -z 
			 || test ! -s conftest.err
configure:3545: $? = 0
configure:3548: test -s conftest.o
configure:3551: $? = 0
configure:3637: gcc -o conftest  -O2 -Wall -Wno-implicit   conftest.c  >&5
configure:3640: $? = 0
configure:3642: ./conftest
configure:3645: $? = 0
configure:3660: result: yes
configure:3684: checking for sys/types.h
configure:3700: gcc -c  -O2 -Wall -Wno-implicit  conftest.c >&5
configure:3706: $? = 0
configure:3710: test -z 
			 || test ! -s conftest.err
configure:3713: $? = 0
configure:3716: test -s conftest.o
configure:3719: $? = 0
configure:3730: result: yes
configure:3684: checking for sys/stat.h
configure:3700: gcc -c  -O2 -Wall -Wno-implicit  conftest.c >&5
configure:3706: $? = 0
configure:3710: test -z 
			 || test ! -s conftest.err
configure:3713: $? = 0
configure:3716: test -s conftest.o
configure:3719: $? = 0
configure:3730: result: yes
configure:3684: checking for stdlib.h
configure:3700: gcc -c  -O2 -Wall -Wno-implicit  conftest.c >&5
configure:3706: $? = 0
configure:3710: test -z 
			 || test ! -s conftest.err
configure:3713: $? = 0
configure:3716: test -s conftest.o
configure:3719: $? = 0
configure:3730: result: yes
configure:3684: checking for string.h
configure:3700: gcc -c  -O2 -Wall -Wno-implicit  conftest.c >&5
configure:3706: $? = 0
configure:3710: test -z 
			 || test ! -s conftest.err
configure:3713: $? = 0
configure:3716: test -s conftest.o
configure:3719: $? = 0
configure:3730: result: yes
configure:3684: checking for memory.h
configure:3700: gcc -c  -O2 -Wall -Wno-implicit  conftest.c >&5
configure:3706: $? = 0
configure:3710: test -z 
			 || test ! -s conftest.err
configure:3713: $? = 0
configure:3716: test -s conftest.o
configure:3719: $? = 0
configure:3730: result: yes
configure:3684: checking for strings.h
configure:3700: gcc -c  -O2 -Wall -Wno-implicit  conftest.c >&5
configure:3706: $? = 0
configure:3710: test -z 
			 || test ! -s conftest.err
configure:3713: $? = 0
configure:3716: test -s conftest.o
configure:3719: $? = 0
configure:3730: result: yes
configure:3684: checking for inttypes.h
configure:3700: gcc -c  -O2 -Wall -Wno-implicit  conftest.c >&5
configure:3706: $? = 0
configure:3710: test -z 
			 || test ! -s conftest.err
configure:3713: $? = 0
configure:3716: test -s conftest.o
configure:3719: $? = 0
configure:3730: result: yes
configure:3684: checking for stdint.h
configure:3700: gcc -c  -O2 -Wall -Wno-implicit  conftest.c >&5
configure:3706: $? = 0
configure:3710: test -z 
			 || test ! -s conftest.err
configure:3713: $? = 0
configure:3716: test -s conftest.o
configure:3719: $? = 0
configure:3730: result: yes
configure:3684: checking for unistd.h
configure:3700: gcc -c  -O2 -Wall -Wno-implicit  conftest.c >&5
configure:3706: $? = 0
configure:3710: test -z 
			 || test ! -s conftest.err
configure:3713: $? = 0
configure:3716: test -s conftest.o
configure:3719: $? = 0
configure:3730: result: yes
configure:3748: checking for sys/types.h
configure:3753: result: yes
configure:3748: checking for sys/stat.h
configure:3753: result: yes
configure:3903: checking for string.h
configure:3908: result: yes
configure:3903: checking for strings.h
configure:3908: result: yes
configure:3912: checking stdarg.h usability
configure:3924: gcc -c  -O2 -Wall -Wno-implicit  conftest.c >&5
configure:3930: $? = 0
configure:3934: test -z 
			 || test ! -s conftest.err
configure:3937: $? = 0
configure:3940: test -s conftest.o
configure:3943: $? = 0
configure:3953: result: yes
configure:3957: checking stdarg.h presence
configure:3967: gcc -E  conftest.c
configure:3973: $? = 0
configure:3993: result: yes
configure:4028: checking for stdarg.h
configure:4035: result: yes
configure:3912: checking limits.h usability
configure:3924: gcc -c  -O2 -Wall -Wno-implicit  conftest.c >&5
configure:3930: $? = 0
configure:3934: test -z 
			 || test ! -s conftest.err
configure:3937: $? = 0
configure:3940: test -s conftest.o
configure:3943: $? = 0
configure:3953: result: yes
configure:3957: checking limits.h presence
configure:3967: gcc -E  conftest.c
configure:3973: $? = 0
configure:3993: result: yes
configure:4028: checking for limits.h
configure:4035: result: yes
configure:3903: checking for unistd.h
configure:3908: result: yes
configure:3912: checking sys/time.h usability
configure:3924: gcc -c  -O2 -Wall -Wno-implicit  conftest.c >&5
configure:3930: $? = 0
configure:3934: test -z 
			 || test ! -s conftest.err
configure:3937: $? = 0
configure:3940: test -s conftest.o
configure:3943: $? = 0
configure:3953: result: yes
configure:3957: checking sys/time.h presence
configure:3967: gcc -E  conftest.c
configure:3973: $? = 0
configure:3993: result: yes
configure:4028: checking for sys/time.h
configure:4035: result: yes
configure:4066: checking termios.h usability
configure:4078: gcc -c  -O2 -Wall -Wno-implicit  conftest.c >&5
configure:4084: $? = 0
configure:4088: test -z 
			 || test ! -s conftest.err
configure:4091: $? = 0
configure:4094: test -s conftest.o
configure:4097: $? = 0
configure:4107: result: yes
configure:4111: checking termios.h presence
configure:4121: gcc -E  conftest.c
configure:4127: $? = 0
configure:4147: result: yes
configure:4182: checking for termios.h
configure:4189: result: yes
configure:4066: checking sys/ioctl.h usability
configure:4078: gcc -c  -O2 -Wall -Wno-implicit  conftest.c >&5
configure:4084: $? = 0
configure:4088: test -z 
			 || test ! -s conftest.err
configure:4091: $? = 0
configure:4094: test -s conftest.o
configure:4097: $? = 0
configure:4107: result: yes
configure:4111: checking sys/ioctl.h presence
configure:4121: gcc -E  conftest.c
configure:4127: $? = 0
configure:4147: result: yes
configure:4182: checking for sys/ioctl.h
configure:4189: result: yes
configure:4066: checking sys/select.h usability
configure:4078: gcc -c  -O2 -Wall -Wno-implicit  conftest.c >&5
configure:4084: $? = 0
configure:4088: test -z 
			 || test ! -s conftest.err
configure:4091: $? = 0
configure:4094: test -s conftest.o
configure:4097: $? = 0
configure:4107: result: yes
configure:4111: checking sys/select.h presence
configure:4121: gcc -E  conftest.c
configure:4127: $? = 0
configure:4147: result: yes
configure:4182: checking for sys/select.h
configure:4189: result: yes
configure:4066: checking utime.h usability
configure:4078: gcc -c  -O2 -Wall -Wno-implicit  conftest.c >&5
configure:4084: $? = 0
configure:4088: test -z 
			 || test ! -s conftest.err
configure:4091: $? = 0
configure:4094: test -s conftest.o
configure:4097: $? = 0
configure:4107: result: yes
configure:4111: checking utime.h presence
configure:4121: gcc -E  conftest.c
configure:4127: $? = 0
configure:4147: result: yes
configure:4182: checking for utime.h
configure:4189: result: yes
configure:4066: checking sys/utime.h usability
configure:4078: gcc -c  -O2 -Wall -Wno-implicit  conftest.c >&5
conftest.c:71:23: sys/utime.h: No such file or directory
configure:4084: $? = 1
configure: failed program was:
| /* confdefs.h.  */
| 
| #define PACKAGE_NAME ""
| #define PACKAGE_TARNAME ""
| #define PACKAGE_VERSION ""
| #define PACKAGE_STRING ""
| #define PACKAGE_BUGREPORT ""
| #define OS_TYPE "linux-gnu"
| #define ENABLE_OPIE 1
| #define ENABLE_DIGEST 1
| #define ENABLE_DEBUG 1
| #define PROTOTYPES 1
| #define __PROTOTYPES 1
| #define STDC_HEADERS 1
| #define HAVE_SYS_TYPES_H 1
| #define HAVE_SYS_STAT_H 1
| #define HAVE_STDLIB_H 1
| #define HAVE_STRING_H 1
| #define HAVE_MEMORY_H 1
| #define HAVE_STRINGS_H 1
| #define HAVE_INTTYPES_H 1
| #define HAVE_STDINT_H 1
| #define HAVE_UNISTD_H 1
| #define HAVE_SYS_TYPES_H 1
| #define HAVE_SYS_STAT_H 1
| #define HAVE_STRING_H 1
| #define HAVE_STRINGS_H 1
| #define HAVE_STDARG_H 1
| #define HAVE_LIMITS_H 1
| #define HAVE_UNISTD_H 1
| #define HAVE_SYS_TIME_H 1
| #define HAVE_TERMIOS_H 1
| #define HAVE_SYS_IOCTL_H 1
| #define HAVE_SYS_SELECT_H 1
| #define HAVE_UTIME_H 1
| /* end confdefs.h.  */
| #include <stdio.h>
| #if HAVE_SYS_TYPES_H
| # include <sys/types.h>
| #endif
| #if HAVE_SYS_STAT_H
| # include <sys/stat.h>
| #endif
| #if STDC_HEADERS
| # include <stdlib.h>
| # include <stddef.h>
| #else
| # if HAVE_STDLIB_H
| #  include <stdlib.h>
| # endif
| #endif
| #if HAVE_STRING_H
| # if !STDC_HEADERS && HAVE_MEMORY_H
| #  include <memory.h>
| # endif
| # include <string.h>
| #endif
| #if HAVE_STRINGS_H
| # include <strings.h>
| #endif
| #if HAVE_INTTYPES_H
| # include <inttypes.h>
| #else
| # if HAVE_STDINT_H
| #  include <stdint.h>
| # endif
| #endif
| #if HAVE_UNISTD_H
| # include <unistd.h>
| #endif
| #include <sys/utime.h>
configure:4107: result: no
configure:4111: checking sys/utime.h presence
configure:4121: gcc -E  conftest.c
conftest.c:37:23: sys/utime.h: No such file or directory
configure:4127: $? = 1
configure: failed program was:
| /* confdefs.h.  */
| 
| #define PACKAGE_NAME ""
| #define PACKAGE_TARNAME ""
| #define PACKAGE_VERSION ""
| #define PACKAGE_STRING ""
| #define PACKAGE_BUGREPORT ""
| #define OS_TYPE "linux-gnu"
| #define ENABLE_OPIE 1
| #define ENABLE_DIGEST 1
| #define ENABLE_DEBUG 1
| #define PROTOTYPES 1
| #define __PROTOTYPES 1
| #define STDC_HEADERS 1
| #define HAVE_SYS_TYPES_H 1
| #define HAVE_SYS_STAT_H 1
| #define HAVE_STDLIB_H 1
| #define HAVE_STRING_H 1
| #define HAVE_MEMORY_H 1
| #define HAVE_STRINGS_H 1
| #define HAVE_INTTYPES_H 1
| #define HAVE_STDINT_H 1
| #define HAVE_UNISTD_H 1
| #define HAVE_SYS_TYPES_H 1
| #define HAVE_SYS_STAT_H 1
| #define HAVE_STRING_H 1
| #define HAVE_STRINGS_H 1
| #define HAVE_STDARG_H 1
| #define HAVE_LIMITS_H 1
| #define HAVE_UNISTD_H 1
| #define HAVE_SYS_TIME_H 1
| #define HAVE_TERMIOS_H 1
| #define HAVE_SYS_IOCTL_H 1
| #define HAVE_SYS_SELECT_H 1
| #define HAVE_UTIME_H 1
| /* end confdefs.h.  */
| #include <sys/utime.h>
configure:4147: result: no
configure:4182: checking for sys/utime.h
configure:4189: result: no
configure:4211: checking for stdint.h
configure:4216: result: yes
configure:4211: checking for inttypes.h
configure:4216: result: yes
configure:4220: checking signal.h usability
configure:4232: gcc -c  -O2 -Wall -Wno-implicit  conftest.c >&5
configure:4238: $? = 0
configure:4242: test -z 
			 || test ! -s conftest.err
configure:4245: $? = 0
configure:4248: test -s conftest.o
configure:4251: $? = 0
configure:4261: result: yes
configure:4265: checking signal.h presence
configure:4275: gcc -E  conftest.c
configure:4281: $? = 0
configure:4301: result: yes
configure:4336: checking for signal.h
configure:4343: result: yes
configure:4220: checking setjmp.h usability
configure:4232: gcc -c  -O2 -Wall -Wno-implicit  conftest.c >&5
configure:4238: $? = 0
configure:4242: test -z 
			 || test ! -s conftest.err
configure:4245: $? = 0
configure:4248: test -s conftest.o
configure:4251: $? = 0
configure:4261: result: yes
configure:4265: checking setjmp.h presence
configure:4275: gcc -E  conftest.c
configure:4281: $? = 0
configure:4301: result: yes
configure:4336: checking for setjmp.h
configure:4343: result: yes
configure:4220: checking pwd.h usability
configure:4232: gcc -c  -O2 -Wall -Wno-implicit  conftest.c >&5
configure:4238: $? = 0
configure:4242: test -z 
			 || test ! -s conftest.err
configure:4245: $? = 0
configure:4248: test -s conftest.o
configure:4251: $? = 0
configure:4261: result: yes
configure:4265: checking pwd.h presence
configure:4275: gcc -E  conftest.c
configure:4281: $? = 0
configure:4301: result: yes
configure:4336: checking for pwd.h
configure:4343: result: yes
configure:4356: checking whether time.h and sys/time.h may both be included
configure:4381: gcc -c  -O2 -Wall -Wno-implicit  conftest.c >&5
configure:4387: $? = 0
configure:4391: test -z 
			 || test ! -s conftest.err
configure:4394: $? = 0
configure:4397: test -s conftest.o
configure:4400: $? = 0
configure:4411: result: yes
configure:4422: checking for short
configure:4446: gcc -c  -O2 -Wall -Wno-implicit  conftest.c >&5
configure:4452: $? = 0
configure:4456: test -z 
			 || test ! -s conftest.err
configure:4459: $? = 0
configure:4462: test -s conftest.o
configure:4465: $? = 0
configure:4476: result: yes
configure:4479: checking size of short
configure:4798: gcc -o conftest  -O2 -Wall -Wno-implicit   conftest.c  >&5
configure:4801: $? = 0
configure:4803: ./conftest
configure:4806: $? = 0
configure:4829: result: 2
configure:4836: checking for int
configure:4860: gcc -c  -O2 -Wall -Wno-implicit  conftest.c >&5
configure:4866: $? = 0
configure:4870: test -z 
			 || test ! -s conftest.err
configure:4873: $? = 0
configure:4876: test -s conftest.o
configure:4879: $? = 0
configure:4890: result: yes
configure:4893: checking size of int
configure:5212: gcc -o conftest  -O2 -Wall -Wno-implicit   conftest.c  >&5
configure:5215: $? = 0
configure:5217: ./conftest
configure:5220: $? = 0
configure:5243: result: 4
configure:5250: checking for long
configure:5274: gcc -c  -O2 -Wall -Wno-implicit  conftest.c >&5
configure:5280: $? = 0
configure:5284: test -z 
			 || test ! -s conftest.err
configure:5287: $? = 0
configure:5290: test -s conftest.o
configure:5293: $? = 0
configure:5304: result: yes
configure:5307: checking size of long
configure:5626: gcc -o conftest  -O2 -Wall -Wno-implicit   conftest.c  >&5
configure:5629: $? = 0
configure:5631: ./conftest
configure:5634: $? = 0
configure:5657: result: 4
configure:5664: checking for long long
configure:5688: gcc -c  -O2 -Wall -Wno-implicit  conftest.c >&5
configure:5694: $? = 0
configure:5698: test -z 
			 || test ! -s conftest.err
configure:5701: $? = 0
configure:5704: test -s conftest.o
configure:5707: $? = 0
configure:5718: result: yes
configure:5721: checking size of long long
configure:6040: gcc -o conftest  -O2 -Wall -Wno-implicit   conftest.c  >&5
configure:6043: $? = 0
configure:6045: ./conftest
configure:6048: $? = 0
configure:6071: result: 8
configure:6086: checking for special C compiler options needed for large files
configure:6185: result: no
configure:6191: checking for _FILE_OFFSET_BITS value needed for large files
configure:6222: gcc -c  -O2 -Wall -Wno-implicit  conftest.c >&5
conftest.c:53: warning: left shift count >= width of type
conftest.c:53: warning: left shift count >= width of type
conftest.c:55: size of array `off_t_is_large' is negative
configure:6228: $? = 1
configure: failed program was:
| /* confdefs.h.  */
| 
| #define PACKAGE_NAME ""
| #define PACKAGE_TARNAME ""
| #define PACKAGE_VERSION ""
| #define PACKAGE_STRING ""
| #define PACKAGE_BUGREPORT ""
| #define OS_TYPE "linux-gnu"
| #define ENABLE_OPIE 1
| #define ENABLE_DIGEST 1
| #define ENABLE_DEBUG 1
| #define PROTOTYPES 1
| #define __PROTOTYPES 1
| #define STDC_HEADERS 1
| #define HAVE_SYS_TYPES_H 1
| #define HAVE_SYS_STAT_H 1
| #define HAVE_STDLIB_H 1
| #define HAVE_STRING_H 1
| #define HAVE_MEMORY_H 1
| #define HAVE_STRINGS_H 1
| #define HAVE_INTTYPES_H 1
| #define HAVE_STDINT_H 1
| #define HAVE_UNISTD_H 1
| #define HAVE_SYS_TYPES_H 1
| #define HAVE_SYS_STAT_H 1
| #define HAVE_STRING_H 1
| #define HAVE_STRINGS_H 1
| #define HAVE_STDARG_H 1
| #define HAVE_LIMITS_H 1
| #define HAVE_UNISTD_H 1
| #define HAVE_SYS_TIME_H 1
| #define HAVE_TERMIOS_H 1
| #define HAVE_SYS_IOCTL_H 1
| #define HAVE_SYS_SELECT_H 1
| #define HAVE_UTIME_H 1
| #define HAVE_STDINT_H 1
| #define HAVE_INTTYPES_H 1
| #define HAVE_SIGNAL_H 1
| #define HAVE_SETJMP_H 1
| #define HAVE_PWD_H 1
| #define TIME_WITH_SYS_TIME 1
| #define SIZEOF_SHORT 2
| #define SIZEOF_INT 4
| #define SIZEOF_LONG 4
| #define SIZEOF_LONG_LONG 8
| /* end confdefs.h.  */
| #include <sys/types.h>
|  /* Check that off_t can represent 2**63 - 1 correctly.
|     We can't simply define LARGE_OFF_T to be 9223372036854775807,
|     since some C++ compilers masquerading as C compilers
|     incorrectly reject 9223372036854775807.  */
| #define LARGE_OFF_T (((off_t) 1 << 62) - 1 + ((off_t) 1 << 62))
|   int off_t_is_large[(LARGE_OFF_T % 2147483629 == 721
| 		       && LARGE_OFF_T % 2147483647 == 1)
| 		      ? 1 : -1];
| int
| main ()
| {
| 
|   ;
|   return 0;
| }
configure:6275: gcc -c  -O2 -Wall -Wno-implicit  conftest.c >&5
configure:6281: $? = 0
configure:6285: test -z 
			 || test ! -s conftest.err
configure:6288: $? = 0
configure:6291: test -s conftest.o
configure:6294: $? = 0
configure:6306: result: 64
configure:6316: checking for _LARGE_FILES value needed for large files
configure:6347: gcc -c  -O2 -Wall -Wno-implicit  conftest.c >&5
configure:6353: $? = 0
configure:6357: test -z 
			 || test ! -s conftest.err
configure:6360: $? = 0
configure:6363: test -s conftest.o
configure:6366: $? = 0
configure:6431: result: no
configure:6443: checking for off_t
configure:6467: gcc -c  -O2 -Wall -Wno-implicit  conftest.c >&5
configure:6473: $? = 0
configure:6477: test -z 
			 || test ! -s conftest.err
configure:6480: $? = 0
configure:6483: test -s conftest.o
configure:6486: $? = 0
configure:6497: result: yes
configure:6500: checking size of off_t
configure:6819: gcc -o conftest  -O2 -Wall -Wno-implicit   conftest.c  >&5
configure:6822: $? = 0
configure:6824: ./conftest
configure:6827: $? = 0
configure:6850: result: 8
configure:6858: checking for size_t
configure:6882: gcc -c  -O2 -Wall -Wno-implicit  conftest.c >&5
configure:6888: $? = 0
configure:6892: test -z 
			 || test ! -s conftest.err
configure:6895: $? = 0
configure:6898: test -s conftest.o
configure:6901: $? = 0
configure:6912: result: yes
configure:6924: checking for pid_t
configure:6948: gcc -c  -O2 -Wall -Wno-implicit  conftest.c >&5
configure:6954: $? = 0
configure:6958: test -z 
			 || test ! -s conftest.err
configure:6961: $? = 0
configure:6964: test -s conftest.o
configure:6967: $? = 0
configure:6978: result: yes
configure:6990: checking for uint32_t
configure:7014: gcc -c  -O2 -Wall -Wno-implicit  conftest.c >&5
configure:7020: $? = 0
configure:7024: test -z 
			 || test ! -s conftest.err
configure:7027: $? = 0
configure:7030: test -s conftest.o
configure:7033: $? = 0
configure:7044: result: yes
configure:7055: checking return type of signal handlers
configure:7086: gcc -c  -O2 -Wall -Wno-implicit  conftest.c >&5
conftest.c: In function `main':
conftest.c:64: warning: unused variable `i'
configure:7092: $? = 0
configure:7096: test -z 
			 || test ! -s conftest.err
configure:7099: $? = 0
configure:7102: test -s conftest.o
configure:7105: $? = 0
configure:7116: result: void
configure:7124: checking for sig_atomic_t
configure:7158: gcc -c  -O2 -Wall -Wno-implicit  conftest.c >&5
configure:7164: $? = 0
configure:7168: test -z 
			 || test ! -s conftest.err
configure:7171: $? = 0
configure:7174: test -s conftest.o
configure:7177: $? = 0
configure:7188: result: yes
configure:7202: checking for working alloca.h
configure:7223: gcc -o conftest  -O2 -Wall -Wno-implicit   conftest.c  >&5
conftest.c: In function `main':
conftest.c:56: warning: unused variable `p'
configure:7229: $? = 0
configure:7233: test -z 
			 || test ! -s conftest.err
configure:7236: $? = 0
configure:7239: test -s conftest
configure:7242: $? = 0
configure:7254: result: yes
configure:7264: checking for alloca
configure:7305: gcc -o conftest  -O2 -Wall -Wno-implicit   conftest.c  >&5
conftest.c: In function `main':
conftest.c:77: warning: unused variable `p'
configure:7311: $? = 0
configure:7315: test -z 
			 || test ! -s conftest.err
configure:7318: $? = 0
configure:7321: test -s conftest
configure:7324: $? = 0
configure:7336: result: yes
configure:7565: checking for stdlib.h
configure:7570: result: yes
configure:7565: checking for unistd.h
configure:7570: result: yes
configure:7714: checking for getpagesize
configure:7771: gcc -o conftest  -O2 -Wall -Wno-implicit   conftest.c  >&5
configure:7777: $? = 0
configure:7781: test -z 
			 || test ! -s conftest.err
configure:7784: $? = 0
configure:7787: test -s conftest
configure:7790: $? = 0
configure:7802: result: yes
configure:7812: checking for working mmap
configure:7954: gcc -o conftest  -O2 -Wall -Wno-implicit   conftest.c  >&5
configure:7957: $? = 0
configure:7959: ./conftest
configure:7962: $? = 0
configure:7976: result: yes
configure:7987: checking for _LARGEFILE_SOURCE value needed for large files
configure:8010: gcc -c  -O2 -Wall -Wno-implicit  conftest.c >&5
conftest.c: In function `main':
conftest.c:62: `fseeko' undeclared (first use in this function)
conftest.c:62: (Each undeclared identifier is reported only once
conftest.c:62: for each function it appears in.)
configure:8016: $? = 1
configure: failed program was:
| /* confdefs.h.  */
| 
| #define PACKAGE_NAME ""
| #define PACKAGE_TARNAME ""
| #define PACKAGE_VERSION ""
| #define PACKAGE_STRING ""
| #define PACKAGE_BUGREPORT ""
| #define OS_TYPE "linux-gnu"
| #define ENABLE_OPIE 1
| #define ENABLE_DIGEST 1
| #define ENABLE_DEBUG 1
| #define PROTOTYPES 1
| #define __PROTOTYPES 1
| #define STDC_HEADERS 1
| #define HAVE_SYS_TYPES_H 1
| #define HAVE_SYS_STAT_H 1
| #define HAVE_STDLIB_H 1
| #define HAVE_STRING_H 1
| #define HAVE_MEMORY_H 1
| #define HAVE_STRINGS_H 1
| #define HAVE_INTTYPES_H 1
| #define HAVE_STDINT_H 1
| #define HAVE_UNISTD_H 1
| #define HAVE_SYS_TYPES_H 1
| #define HAVE_SYS_STAT_H 1
| #define HAVE_STRING_H 1
| #define HAVE_STRINGS_H 1
| #define HAVE_STDARG_H 1
| #define HAVE_LIMITS_H 1
| #define HAVE_UNISTD_H 1
| #define HAVE_SYS_TIME_H 1
| #define HAVE_TERMIOS_H 1
| #define HAVE_SYS_IOCTL_H 1
| #define HAVE_SYS_SELECT_H 1
| #define HAVE_UTIME_H 1
| #define HAVE_STDINT_H 1
| #define HAVE_INTTYPES_H 1
| #define HAVE_SIGNAL_H 1
| #define HAVE_SETJMP_H 1
| #define HAVE_PWD_H 1
| #define TIME_WITH_SYS_TIME 1
| #define SIZEOF_SHORT 2
| #define SIZEOF_INT 4
| #define SIZEOF_LONG 4
| #define SIZEOF_LONG_LONG 8
| #define _FILE_OFFSET_BITS 64
| #define SIZEOF_OFF_T 8
| #define HAVE_UINT32_T 1
| #define RETSIGTYPE void
| #define HAVE_SIG_ATOMIC_T 1
| #define HAVE_ALLOCA_H 1
| #define HAVE_ALLOCA 1
| #define HAVE_STDLIB_H 1
| #define HAVE_UNISTD_H 1
| #define HAVE_GETPAGESIZE 1
| #define HAVE_MMAP 1
| /* end confdefs.h.  */
| #include <stdio.h>
| int
| main ()
| {
| return !fseeko;
|   ;
|   return 0;
| }
configure:8055: gcc -c  -O2 -Wall -Wno-implicit  conftest.c >&5
configure:8061: $? = 0
configure:8065: test -z 
			 || test ! -s conftest.err
configure:8068: $? = 0
configure:8071: test -s conftest.o
configure:8074: $? = 0
configure:8086: result: 1
configure:8100: checking for fseeko
configure:8121: gcc -o conftest  -O2 -Wall -Wno-implicit   conftest.c  >&5
configure:8127: $? = 0
configure:8131: test -z 
			 || test ! -s conftest.err
configure:8134: $? = 0
configure:8137: test -s conftest
configure:8140: $? = 0
configure:8152: result: yes
configure:8171: checking for strdup
configure:8228: gcc -o conftest  -O2 -Wall -Wno-implicit   conftest.c  >&5
configure:8234: $? = 0
configure:8238: test -z 
			 || test ! -s conftest.err
configure:8241: $? = 0
configure:8244: test -s conftest
configure:8247: $? = 0
configure:8259: result: yes
configure:8171: checking for strstr
configure:8228: gcc -o conftest  -O2 -Wall -Wno-implicit   conftest.c  >&5
conftest.c:85: warning: conflicting types for built-in function `strstr'
configure:8234: $? = 0
configure:8238: test -z 
			 || test ! -s conftest.err
configure:8241: $? = 0
configure:8244: test -s conftest
configure:8247: $? = 0
configure:8259: result: yes
configure:8171: checking for strcasecmp
configure:8228: gcc -o conftest  -O2 -Wall -Wno-implicit   conftest.c  >&5
configure:8234: $? = 0
configure:8238: test -z 
			 || test ! -s conftest.err
configure:8241: $? = 0
configure:8244: test -s conftest
configure:8247: $? = 0
configure:8259: result: yes
configure:8171: checking for strncasecmp
configure:8228: gcc -o conftest  -O2 -Wall -Wno-implicit   conftest.c  >&5
configure:8234: $? = 0
configure:8238: test -z 
			 || test ! -s conftest.err
configure:8241: $? = 0
configure:8244: test -s conftest
configure:8247: $? = 0
configure:8259: result: yes
configure:8171: checking for strpbrk
configure:8228: gcc -o conftest  -O2 -Wall -Wno-implicit   conftest.c  >&5
conftest.c:88: warning: conflicting types for built-in function `strpbrk'
configure:8234: $? = 0
configure:8238: test -z 
			 || test ! -s conftest.err
configure:8241: $? = 0
configure:8244: test -s conftest
configure:8247: $? = 0
configure:8259: result: yes
configure:8171: checking for memmove
configure:8228: gcc -o conftest  -O2 -Wall -Wno-implicit   conftest.c  >&5
configure:8234: $? = 0
configure:8238: test -z 
			 || test ! -s conftest.err
configure:8241: $? = 0
configure:8244: test -s conftest
configure:8247: $? = 0
configure:8259: result: yes
configure:8279: checking for gettimeofday
configure:8336: gcc -o conftest  -O2 -Wall -Wno-implicit   conftest.c  >&5
configure:8342: $? = 0
configure:8346: test -z 
			 || test ! -s conftest.err
configure:8349: $? = 0
configure:8352: test -s conftest
configure:8355: $? = 0
configure:8367: result: yes
configure:8279: checking for mktime
configure:8336: gcc -o conftest  -O2 -Wall -Wno-implicit   conftest.c  >&5
configure:8342: $? = 0
configure:8346: test -z 
			 || test ! -s conftest.err
configure:8349: $? = 0
configure:8352: test -s conftest
configure:8355: $? = 0
configure:8367: result: yes
configure:8279: checking for strptime
configure:8336: gcc -o conftest  -O2 -Wall -Wno-implicit   conftest.c  >&5
configure:8342: $? = 0
configure:8346: test -z 
			 || test ! -s conftest.err
configure:8349: $? = 0
configure:8352: test -s conftest
configure:8355: $? = 0
configure:8367: result: yes
configure:8279: checking for timegm
configure:8336: gcc -o conftest  -O2 -Wall -Wno-implicit   conftest.c  >&5
configure:8342: $? = 0
configure:8346: test -z 
			 || test ! -s conftest.err
configure:8349: $? = 0
configure:8352: test -s conftest
configure:8355: $? = 0
configure:8367: result: yes
configure:8279: checking for strerror
configure:8336: gcc -o conftest  -O2 -Wall -Wno-implicit   conftest.c  >&5
configure:8342: $? = 0
configure:8346: test -z 
			 || test ! -s conftest.err
configure:8349: $? = 0
configure:8352: test -s conftest
configure:8355: $? = 0
configure:8367: result: yes
configure:8279: checking for snprintf
configure:8336: gcc -o conftest  -O2 -Wall -Wno-implicit   conftest.c  >&5
configure:8342: $? = 0
configure:8346: test -z 
			 || test ! -s conftest.err
configure:8349: $? = 0
configure:8352: test -s conftest
configure:8355: $? = 0
configure:8367: result: yes
configure:8279: checking for vsnprintf
configure:8336: gcc -o conftest  -O2 -Wall -Wno-implicit   conftest.c  >&5
configure:8342: $? = 0
configure:8346: test -z 
			 || test ! -s conftest.err
configure:8349: $? = 0
configure:8352: test -s conftest
configure:8355: $? = 0
configure:8367: result: yes
configure:8386: checking for usleep
configure:8443: gcc -o conftest  -O2 -Wall -Wno-implicit   conftest.c  >&5
configure:8449: $? = 0
configure:8453: test -z 
			 || test ! -s conftest.err
configure:8456: $? = 0
configure:8459: test -s conftest
configure:8462: $? = 0
configure:8474: result: yes
configure:8386: checking for select
configure:8443: gcc -o conftest  -O2 -Wall -Wno-implicit   conftest.c  >&5
configure:8449: $? = 0
configure:8453: test -z 
			 || test ! -s conftest.err
configure:8456: $? = 0
configure:8459: test -s conftest
configure:8462: $? = 0
configure:8474: result: yes
configure:8386: checking for ftello
configure:8443: gcc -o conftest  -O2 -Wall -Wno-implicit   conftest.c  >&5
configure:8449: $? = 0
configure:8453: test -z 
			 || test ! -s conftest.err
configure:8456: $? = 0
configure:8459: test -s conftest
configure:8462: $? = 0
configure:8474: result: yes
configure:8386: checking for sigblock
configure:8443: gcc -o conftest  -O2 -Wall -Wno-implicit   conftest.c  >&5
configure:8449: $? = 0
configure:8453: test -z 
			 || test ! -s conftest.err
configure:8456: $? = 0
configure:8459: test -s conftest
configure:8462: $? = 0
configure:8474: result: yes
configure:8386: checking for sigsetjmp
configure:8443: gcc -o conftest  -O2 -Wall -Wno-implicit   conftest.c  >&5
/tmp/ccGGZdS6.o(.text+0x11): In function `main':
: undefined reference to `sigsetjmp'
/tmp/ccGGZdS6.o(.data+0x0): undefined reference to `sigsetjmp'
collect2: ld returned 1 exit status
configure:8449: $? = 1
configure: failed program was:
| /* confdefs.h.  */
| 
| #define PACKAGE_NAME ""
| #define PACKAGE_TARNAME ""
| #define PACKAGE_VERSION ""
| #define PACKAGE_STRING ""
| #define PACKAGE_BUGREPORT ""
| #define OS_TYPE "linux-gnu"
| #define ENABLE_OPIE 1
| #define ENABLE_DIGEST 1
| #define ENABLE_DEBUG 1
| #define PROTOTYPES 1
| #define __PROTOTYPES 1
| #define STDC_HEADERS 1
| #define HAVE_SYS_TYPES_H 1
| #define HAVE_SYS_STAT_H 1
| #define HAVE_STDLIB_H 1
| #define HAVE_STRING_H 1
| #define HAVE_MEMORY_H 1
| #define HAVE_STRINGS_H 1
| #define HAVE_INTTYPES_H 1
| #define HAVE_STDINT_H 1
| #define HAVE_UNISTD_H 1
| #define HAVE_SYS_TYPES_H 1
| #define HAVE_SYS_STAT_H 1
| #define HAVE_STRING_H 1
| #define HAVE_STRINGS_H 1
| #define HAVE_STDARG_H 1
| #define HAVE_LIMITS_H 1
| #define HAVE_UNISTD_H 1
| #define HAVE_SYS_TIME_H 1
| #define HAVE_TERMIOS_H 1
| #define HAVE_SYS_IOCTL_H 1
| #define HAVE_SYS_SELECT_H 1
| #define HAVE_UTIME_H 1
| #define HAVE_STDINT_H 1
| #define HAVE_INTTYPES_H 1
| #define HAVE_SIGNAL_H 1
| #define HAVE_SETJMP_H 1
| #define HAVE_PWD_H 1
| #define TIME_WITH_SYS_TIME 1
| #define SIZEOF_SHORT 2
| #define SIZEOF_INT 4
| #define SIZEOF_LONG 4
| #define SIZEOF_LONG_LONG 8
| #define _FILE_OFFSET_BITS 64
| #define SIZEOF_OFF_T 8
| #define HAVE_UINT32_T 1
| #define RETSIGTYPE void
| #define HAVE_SIG_ATOMIC_T 1
| #define HAVE_ALLOCA_H 1
| #define HAVE_ALLOCA 1
| #define HAVE_STDLIB_H 1
| #define HAVE_UNISTD_H 1
| #define HAVE_GETPAGESIZE 1
| #define HAVE_MMAP 1
| #define _LARGEFILE_SOURCE 1
| #define HAVE_FSEEKO 1
| #define HAVE_STRDUP 1
| #define HAVE_STRSTR 1
| #define HAVE_STRCASECMP 1
| #define HAVE_STRNCASECMP 1
| #define HAVE_STRPBRK 1
| #define HAVE_MEMMOVE 1
| #define HAVE_GETTIMEOFDAY 1
| #define HAVE_MKTIME 1
| #define HAVE_STRPTIME 1
| #define HAVE_TIMEGM 1
| #define HAVE_STRERROR 1
| #define HAVE_SNPRINTF 1
| #define HAVE_VSNPRINTF 1
| #define HAVE_USLEEP 1
| #define HAVE_SELECT 1
| #define HAVE_FTELLO 1
| #define HAVE_SIGBLOCK 1
| /* end confdefs.h.  */
| /* Define sigsetjmp to an innocuous variant, in case <limits.h> declares sigsetjmp.
|    For example, HP-UX 11i <limits.h> declares gettimeofday.  */
| #define sigsetjmp innocuous_sigsetjmp
| 
| /* System header to define __stub macros and hopefully few prototypes,
|     which can conflict with char sigsetjmp (); below.
|     Prefer <limits.h> to <assert.h> if __STDC__ is defined, since
|     <limits.h> exists even on freestanding compilers.  */
| 
| #ifdef __STDC__
| # include <limits.h>
| #else
| # include <assert.h>
| #endif
| 
| #undef sigsetjmp
| 
| /* Override any gcc2 internal prototype to avoid an error.  */
| #ifdef __cplusplus
| extern "C"
| {
| #endif
| /* We use char because int might match the return type of a gcc2
|    builtin and then its argument prototype would still apply.  */
| char sigsetjmp ();
| /* The GNU C library defines this for functions which it implements
|     to always fail with ENOSYS.  Some functions are actually named
|     something starting with __ and the normal name is an alias.  */
| #if defined (__stub_sigsetjmp) || defined (__stub___sigsetjmp)
| choke me
| #else
| char (*f) () = sigsetjmp;
| #endif
| #ifdef __cplusplus
| }
| #endif
| 
| int
| main ()
| {
| return f != sigsetjmp;
|   ;
|   return 0;
| }
configure:8474: result: no
configure:8386: checking for signal
configure:8443: gcc -o conftest  -O2 -Wall -Wno-implicit   conftest.c  >&5
configure:8449: $? = 0
configure:8453: test -z 
			 || test ! -s conftest.err
configure:8456: $? = 0
configure:8459: test -s conftest
configure:8462: $? = 0
configure:8474: result: yes
configure:8492: checking for symlink
configure:8549: gcc -o conftest  -O2 -Wall -Wno-implicit   conftest.c  >&5
configure:8555: $? = 0
configure:8559: test -z 
			 || test ! -s conftest.err
configure:8562: $? = 0
configure:8565: test -s conftest
configure:8568: $? = 0
configure:8580: result: yes
configure:8492: checking for access
configure:8549: gcc -o conftest  -O2 -Wall -Wno-implicit   conftest.c  >&5
configure:8555: $? = 0
configure:8559: test -z 
			 || test ! -s conftest.err
configure:8562: $? = 0
configure:8565: test -s conftest
configure:8568: $? = 0
configure:8580: result: yes
configure:8492: checking for isatty
configure:8549: gcc -o conftest  -O2 -Wall -Wno-implicit   conftest.c  >&5
configure:8555: $? = 0
configure:8559: test -z 
			 || test ! -s conftest.err
configure:8562: $? = 0
configure:8565: test -s conftest
configure:8568: $? = 0
configure:8580: result: yes
configure:8492: checking for strtoll
configure:8549: gcc -o conftest  -O2 -Wall -Wno-implicit   conftest.c  >&5
configure:8555: $? = 0
configure:8559: test -z 
			 || test ! -s conftest.err
configure:8562: $? = 0
configure:8565: test -s conftest
configure:8568: $? = 0
configure:8580: result: yes
configure:8492: checking for strtoimax
configure:8549: gcc -o conftest  -O2 -Wall -Wno-implicit   conftest.c  >&5
configure:8555: $? = 0
configure:8559: test -z 
			 || test ! -s conftest.err
configure:8562: $? = 0
configure:8565: test -s conftest
configure:8568: $? = 0
configure:8580: result: yes
configure:8592: checking for struct utimbuf
configure:8625: gcc -c  -O2 -Wall -Wno-implicit  conftest.c >&5
configure:8631: $? = 0
configure:8635: test -z 
			 || test ! -s conftest.err
configure:8638: $? = 0
configure:8641: test -s conftest.o
configure:8644: $? = 0
configure:8655: result: yes
configure:8668: checking for socklen_t
configure:8678: gcc -c  -O2 -Wall -Wno-implicit  conftest.c >&5
configure:8684: $? = 0
configure:8688: test -z 
			 || test ! -s conftest.err
configure:8691: $? = 0
configure:8694: test -s conftest.o
configure:8697: $? = 0
configure:8699: result: socklen_t
configure:8764: checking for working fnmatch.h
configure:8771: gcc -c  -O2 -Wall -Wno-implicit  conftest.c >&5
configure:8777: $? = 0
configure:8781: test -z 
			 || test ! -s conftest.err
configure:8784: $? = 0
configure:8787: test -s conftest.o
configure:8790: $? = 0
configure:8793: result: yes
configure:8817: checking for nanosleep
configure:8874: gcc -o conftest  -O2 -Wall -Wno-implicit   conftest.c  >&5
configure:8880: $? = 0
configure:8884: test -z 
			 || test ! -s conftest.err
configure:8887: $? = 0
configure:8890: test -s conftest
configure:8893: $? = 0
configure:8905: result: yes
configure:9077: checking for clock_gettime
configure:9134: gcc -o conftest  -O2 -Wall -Wno-implicit   conftest.c  >&5
/tmp/ccQ4ug08.o(.text+0x11): In function `main':
: undefined reference to `clock_gettime'
/tmp/ccQ4ug08.o(.data+0x0): undefined reference to `clock_gettime'
collect2: ld returned 1 exit status
configure:9140: $? = 1
configure: failed program was:
| /* confdefs.h.  */
| 
| #define PACKAGE_NAME ""
| #define PACKAGE_TARNAME ""
| #define PACKAGE_VERSION ""
| #define PACKAGE_STRING ""
| #define PACKAGE_BUGREPORT ""
| #define OS_TYPE "linux-gnu"
| #define ENABLE_OPIE 1
| #define ENABLE_DIGEST 1
| #define ENABLE_DEBUG 1
| #define PROTOTYPES 1
| #define __PROTOTYPES 1
| #define STDC_HEADERS 1
| #define HAVE_SYS_TYPES_H 1
| #define HAVE_SYS_STAT_H 1
| #define HAVE_STDLIB_H 1
| #define HAVE_STRING_H 1
| #define HAVE_MEMORY_H 1
| #define HAVE_STRINGS_H 1
| #define HAVE_INTTYPES_H 1
| #define HAVE_STDINT_H 1
| #define HAVE_UNISTD_H 1
| #define HAVE_SYS_TYPES_H 1
| #define HAVE_SYS_STAT_H 1
| #define HAVE_STRING_H 1
| #define HAVE_STRINGS_H 1
| #define HAVE_STDARG_H 1
| #define HAVE_LIMITS_H 1
| #define HAVE_UNISTD_H 1
| #define HAVE_SYS_TIME_H 1
| #define HAVE_TERMIOS_H 1
| #define HAVE_SYS_IOCTL_H 1
| #define HAVE_SYS_SELECT_H 1
| #define HAVE_UTIME_H 1
| #define HAVE_STDINT_H 1
| #define HAVE_INTTYPES_H 1
| #define HAVE_SIGNAL_H 1
| #define HAVE_SETJMP_H 1
| #define HAVE_PWD_H 1
| #define TIME_WITH_SYS_TIME 1
| #define SIZEOF_SHORT 2
| #define SIZEOF_INT 4
| #define SIZEOF_LONG 4
| #define SIZEOF_LONG_LONG 8
| #define _FILE_OFFSET_BITS 64
| #define SIZEOF_OFF_T 8
| #define HAVE_UINT32_T 1
| #define RETSIGTYPE void
| #define HAVE_SIG_ATOMIC_T 1
| #define HAVE_ALLOCA_H 1
| #define HAVE_ALLOCA 1
| #define HAVE_STDLIB_H 1
| #define HAVE_UNISTD_H 1
| #define HAVE_GETPAGESIZE 1
| #define HAVE_MMAP 1
| #define _LARGEFILE_SOURCE 1
| #define HAVE_FSEEKO 1
| #define HAVE_STRDUP 1
| #define HAVE_STRSTR 1
| #define HAVE_STRCASECMP 1
| #define HAVE_STRNCASECMP 1
| #define HAVE_STRPBRK 1
| #define HAVE_MEMMOVE 1
| #define HAVE_GETTIMEOFDAY 1
| #define HAVE_MKTIME 1
| #define HAVE_STRPTIME 1
| #define HAVE_TIMEGM 1
| #define HAVE_STRERROR 1
| #define HAVE_SNPRINTF 1
| #define HAVE_VSNPRINTF 1
| #define HAVE_USLEEP 1
| #define HAVE_SELECT 1
| #define HAVE_FTELLO 1
| #define HAVE_SIGBLOCK 1
| #define HAVE_SIGNAL 1
| #define HAVE_SYMLINK 1
| #define HAVE_ACCESS 1
| #define HAVE_ISATTY 1
| #define HAVE_STRTOLL 1
| #define HAVE_STRTOIMAX 1
| #define HAVE_STRUCT_UTIMBUF 1
| #define HAVE_WORKING_FNMATCH_H 1
| #define HAVE_NANOSLEEP 1
| /* end confdefs.h.  */
| /* Define clock_gettime to an innocuous variant, in case <limits.h> declares clock_gettime.
|    For example, HP-UX 11i <limits.h> declares gettimeofday.  */
| #define clock_gettime innocuous_clock_gettime
| 
| /* System header to define __stub macros and hopefully few prototypes,
|     which can conflict with char clock_gettime (); below.
|     Prefer <limits.h> to <assert.h> if __STDC__ is defined, since
|     <limits.h> exists even on freestanding compilers.  */
| 
| #ifdef __STDC__
| # include <limits.h>
| #else
| # include <assert.h>
| #endif
| 
| #undef clock_gettime
| 
| /* Override any gcc2 internal prototype to avoid an error.  */
| #ifdef __cplusplus
| extern "C"
| {
| #endif
| /* We use char because int might match the return type of a gcc2
|    builtin and then its argument prototype would still apply.  */
| char clock_gettime ();
| /* The GNU C library defines this for functions which it implements
|     to always fail with ENOSYS.  Some functions are actually named
|     something starting with __ and the normal name is an alias.  */
| #if defined (__stub_clock_gettime) || defined (__stub___clock_gettime)
| choke me
| #else
| char (*f) () = clock_gettime;
| #endif
| #ifdef __cplusplus
| }
| #endif
| 
| int
| main ()
| {
| return f != clock_gettime;
|   ;
|   return 0;
| }
configure:9165: result: no
configure:9175: checking for clock_gettime in -lrt
configure:9205: gcc -o conftest  -O2 -Wall -Wno-implicit   conftest.c -lrt   >&5
configure:9211: $? = 0
configure:9215: test -z 
			 || test ! -s conftest.err
configure:9218: $? = 0
configure:9221: test -s conftest
configure:9224: $? = 0
configure:9237: result: yes
configure:9259: checking for gethostbyname
configure:9316: gcc -o conftest  -O2 -Wall -Wno-implicit   conftest.c -lrt  >&5
configure:9322: $? = 0
configure:9326: test -z 
			 || test ! -s conftest.err
configure:9329: $? = 0
configure:9332: test -s conftest
configure:9335: $? = 0
configure:9347: result: yes
configure:9365: checking for inet_ntoa
configure:9422: gcc -o conftest  -O2 -Wall -Wno-implicit   conftest.c -lrt  >&5
configure:9428: $? = 0
configure:9432: test -z 
			 || test ! -s conftest.err
configure:9435: $? = 0
configure:9438: test -s conftest
configure:9441: $? = 0
configure:9453: result: yes
configure:9545: checking for socket in -lsocket
configure:9575: gcc -o conftest  -O2 -Wall -Wno-implicit   conftest.c -lsocket  -lrt  >&5
/usr/bin/ld: cannot find -lsocket
collect2: ld returned 1 exit status
configure:9581: $? = 1
configure: failed program was:
| /* confdefs.h.  */
| 
| #define PACKAGE_NAME ""
| #define PACKAGE_TARNAME ""
| #define PACKAGE_VERSION ""
| #define PACKAGE_STRING ""
| #define PACKAGE_BUGREPORT ""
| #define OS_TYPE "linux-gnu"
| #define ENABLE_OPIE 1
| #define ENABLE_DIGEST 1
| #define ENABLE_DEBUG 1
| #define PROTOTYPES 1
| #define __PROTOTYPES 1
| #define STDC_HEADERS 1
| #define HAVE_SYS_TYPES_H 1
| #define HAVE_SYS_STAT_H 1
| #define HAVE_STDLIB_H 1
| #define HAVE_STRING_H 1
| #define HAVE_MEMORY_H 1
| #define HAVE_STRINGS_H 1
| #define HAVE_INTTYPES_H 1
| #define HAVE_STDINT_H 1
| #define HAVE_UNISTD_H 1
| #define HAVE_SYS_TYPES_H 1
| #define HAVE_SYS_STAT_H 1
| #define HAVE_STRING_H 1
| #define HAVE_STRINGS_H 1
| #define HAVE_STDARG_H 1
| #define HAVE_LIMITS_H 1
| #define HAVE_UNISTD_H 1
| #define HAVE_SYS_TIME_H 1
| #define HAVE_TERMIOS_H 1
| #define HAVE_SYS_IOCTL_H 1
| #define HAVE_SYS_SELECT_H 1
| #define HAVE_UTIME_H 1
| #define HAVE_STDINT_H 1
| #define HAVE_INTTYPES_H 1
| #define HAVE_SIGNAL_H 1
| #define HAVE_SETJMP_H 1
| #define HAVE_PWD_H 1
| #define TIME_WITH_SYS_TIME 1
| #define SIZEOF_SHORT 2
| #define SIZEOF_INT 4
| #define SIZEOF_LONG 4
| #define SIZEOF_LONG_LONG 8
| #define _FILE_OFFSET_BITS 64
| #define SIZEOF_OFF_T 8
| #define HAVE_UINT32_T 1
| #define RETSIGTYPE void
| #define HAVE_SIG_ATOMIC_T 1
| #define HAVE_ALLOCA_H 1
| #define HAVE_ALLOCA 1
| #define HAVE_STDLIB_H 1
| #define HAVE_UNISTD_H 1
| #define HAVE_GETPAGESIZE 1
| #define HAVE_MMAP 1
| #define _LARGEFILE_SOURCE 1
| #define HAVE_FSEEKO 1
| #define HAVE_STRDUP 1
| #define HAVE_STRSTR 1
| #define HAVE_STRCASECMP 1
| #define HAVE_STRNCASECMP 1
| #define HAVE_STRPBRK 1
| #define HAVE_MEMMOVE 1
| #define HAVE_GETTIMEOFDAY 1
| #define HAVE_MKTIME 1
| #define HAVE_STRPTIME 1
| #define HAVE_TIMEGM 1
| #define HAVE_STRERROR 1
| #define HAVE_SNPRINTF 1
| #define HAVE_VSNPRINTF 1
| #define HAVE_USLEEP 1
| #define HAVE_SELECT 1
| #define HAVE_FTELLO 1
| #define HAVE_SIGBLOCK 1
| #define HAVE_SIGNAL 1
| #define HAVE_SYMLINK 1
| #define HAVE_ACCESS 1
| #define HAVE_ISATTY 1
| #define HAVE_STRTOLL 1
| #define HAVE_STRTOIMAX 1
| #define HAVE_STRUCT_UTIMBUF 1
| #define HAVE_WORKING_FNMATCH_H 1
| #define HAVE_NANOSLEEP 1
| #define HAVE_LIBRT 1
| #define HAVE_GETHOSTBYNAME 1
| #define HAVE_INET_NTOA 1
| /* end confdefs.h.  */
| 
| /* Override any gcc2 internal prototype to avoid an error.  */
| #ifdef __cplusplus
| extern "C"
| #endif
| /* We use char because int might match the return type of a gcc2
|    builtin and then its argument prototype would still apply.  */
| char socket ();
| int
| main ()
| {
| socket ();
|   ;
|   return 0;
| }
configure:9607: result: no
configure:9620: checking for getopt_long
configure:9677: gcc -o conftest  -O2 -Wall -Wno-implicit   conftest.c -lrt  >&5
configure:9683: $? = 0
configure:9687: test -z 
			 || test ! -s conftest.err
configure:9690: $? = 0
configure:9693: test -s conftest
configure:9696: $? = 0
configure:9708: result: yes
configure:9724: checking for dlopen in -ldl
configure:9754: gcc -o conftest  -O2 -Wall -Wno-implicit   conftest.c -ldl  -lrt  >&5
configure:9760: $? = 0
configure:9764: test -z 
			 || test ! -s conftest.err
configure:9767: $? = 0
configure:9770: test -s conftest
configure:9773: $? = 0
configure:9786: result: yes
configure:9915: checking for ld used by GCC
configure:9979: result: /usr/bin/ld
configure:9988: checking if the linker (/usr/bin/ld) is GNU ld
configure:10001: result: yes
configure:10008: checking for shared library run path origin
configure:10021: result: done
configure:10448: checking for libssl
configure:10480: gcc -o conftest  -O2 -Wall -Wno-implicit   conftest.c -ldl -lrt  -lssl -lcrypto >&5
In file included from /usr/include/openssl/ssl.h:142,
                 from conftest.c:91:
/usr/include/openssl/crypto.h:252: parse error before '*' token
In file included from /usr/include/openssl/ssl.h:143,
                 from conftest.c:91:
/usr/include/openssl/lhash.h:120: parse error before "FILE"
/usr/include/openssl/lhash.h:121: parse error before "FILE"
/usr/include/openssl/lhash.h:122: parse error before "FILE"
In file included from /usr/include/openssl/ssl.h:145,
                 from conftest.c:91:
/usr/include/openssl/bio.h:432: parse error before '*' token
In file included from /usr/include/openssl/asn1.h:67,
                 from /usr/include/openssl/x509.h:67,
                 from /usr/include/openssl/ssl.h:146,
                 from conftest.c:91:
/usr/include/openssl/bn.h:335: parse error before '*' token
In file included from /usr/include/openssl/x509.h:67,
                 from /usr/include/openssl/ssl.h:146,
                 from conftest.c:91:
/usr/include/openssl/asn1.h:540: parse error before "FILE"
/usr/include/openssl/asn1.h:541: parse error before "FILE"
In file included from /usr/include/openssl/x509.h:70,
                 from /usr/include/openssl/ssl.h:146,
                 from conftest.c:91:
/usr/include/openssl/rsa.h:163: parse error before '*' token
In file included from /usr/include/openssl/x509.h:76,
                 from /usr/include/openssl/ssl.h:146,
                 from conftest.c:91:
/usr/include/openssl/dsa.h:135: parse error before '*' token
/usr/include/openssl/dsa.h:136: parse error before '*' token
In file included from /usr/include/openssl/x509.h:82,
                 from /usr/include/openssl/ssl.h:146,
                 from conftest.c:91:
/usr/include/openssl/dh.h:116: parse error before '*' token
conftest.c:96:25: openssl/md4.h: No such file or directory
configure:10486: $? = 1
configure: failed program was:
| /* confdefs.h.  */
| 
| #define PACKAGE_NAME ""
| #define PACKAGE_TARNAME ""
| #define PACKAGE_VERSION ""
| #define PACKAGE_STRING ""
| #define PACKAGE_BUGREPORT ""
| #define OS_TYPE "linux-gnu"
| #define ENABLE_OPIE 1
| #define ENABLE_DIGEST 1
| #define ENABLE_DEBUG 1
| #define PROTOTYPES 1
| #define __PROTOTYPES 1
| #define STDC_HEADERS 1
| #define HAVE_SYS_TYPES_H 1
| #define HAVE_SYS_STAT_H 1
| #define HAVE_STDLIB_H 1
| #define HAVE_STRING_H 1
| #define HAVE_MEMORY_H 1
| #define HAVE_STRINGS_H 1
| #define HAVE_INTTYPES_H 1
| #define HAVE_STDINT_H 1
| #define HAVE_UNISTD_H 1
| #define HAVE_SYS_TYPES_H 1
| #define HAVE_SYS_STAT_H 1
| #define HAVE_STRING_H 1
| #define HAVE_STRINGS_H 1
| #define HAVE_STDARG_H 1
| #define HAVE_LIMITS_H 1
| #define HAVE_UNISTD_H 1
| #define HAVE_SYS_TIME_H 1
| #define HAVE_TERMIOS_H 1
| #define HAVE_SYS_IOCTL_H 1
| #define HAVE_SYS_SELECT_H 1
| #define HAVE_UTIME_H 1
| #define HAVE_STDINT_H 1
| #define HAVE_INTTYPES_H 1
| #define HAVE_SIGNAL_H 1
| #define HAVE_SETJMP_H 1
| #define HAVE_PWD_H 1
| #define TIME_WITH_SYS_TIME 1
| #define SIZEOF_SHORT 2
| #define SIZEOF_INT 4
| #define SIZEOF_LONG 4
| #define SIZEOF_LONG_LONG 8
| #define _FILE_OFFSET_BITS 64
| #define SIZEOF_OFF_T 8
| #define HAVE_UINT32_T 1
| #define RETSIGTYPE void
| #define HAVE_SIG_ATOMIC_T 1
| #define HAVE_ALLOCA_H 1
| #define HAVE_ALLOCA 1
| #define HAVE_STDLIB_H 1
| #define HAVE_UNISTD_H 1
| #define HAVE_GETPAGESIZE 1
| #define HAVE_MMAP 1
| #define _LARGEFILE_SOURCE 1
| #define HAVE_FSEEKO 1
| #define HAVE_STRDUP 1
| #define HAVE_STRSTR 1
| #define HAVE_STRCASECMP 1
| #define HAVE_STRNCASECMP 1
| #define HAVE_STRPBRK 1
| #define HAVE_MEMMOVE 1
| #define HAVE_GETTIMEOFDAY 1
| #define HAVE_MKTIME 1
| #define HAVE_STRPTIME 1
| #define HAVE_TIMEGM 1
| #define HAVE_STRERROR 1
| #define HAVE_SNPRINTF 1
| #define HAVE_VSNPRINTF 1
| #define HAVE_USLEEP 1
| #define HAVE_SELECT 1
| #define HAVE_FTELLO 1
| #define HAVE_SIGBLOCK 1
| #define HAVE_SIGNAL 1
| #define HAVE_SYMLINK 1
| #define HAVE_ACCESS 1
| #define HAVE_ISATTY 1
| #define HAVE_STRTOLL 1
| #define HAVE_STRTOIMAX 1
| #define HAVE_STRUCT_UTIMBUF 1
| #define HAVE_WORKING_FNMATCH_H 1
| #define HAVE_NANOSLEEP 1
| #define HAVE_LIBRT 1
| #define HAVE_GETHOSTBYNAME 1
| #define HAVE_INET_NTOA 1
| #define HAVE_LIBDL 1
| /* end confdefs.h.  */
| 
| #include <openssl/ssl.h>
| #include <openssl/x509.h>
| #include <openssl/err.h>
| #include <openssl/rand.h>
| #include <openssl/des.h>
| #include <openssl/md4.h>
| #include <openssl/md5.h>
| 
| int
| main ()
| {
| SSL_library_init ()
|   ;
|   return 0;
| }
configure:10513: result: no
configure:10587: checking for md5_calc in -lmd5
configure:10617: gcc -o conftest  -O2 -Wall -Wno-implicit   conftest.c -lmd5  -ldl -lrt  >&5
/tmp/ccMEY4hA.o(.text+0xa): In function `main':
: undefined reference to `md5_calc'
collect2: ld returned 1 exit status
configure:10623: $? = 1
configure: failed program was:
| /* confdefs.h.  */
| 
| #define PACKAGE_NAME ""
| #define PACKAGE_TARNAME ""
| #define PACKAGE_VERSION ""
| #define PACKAGE_STRING ""
| #define PACKAGE_BUGREPORT ""
| #define OS_TYPE "linux-gnu"
| #define ENABLE_OPIE 1
| #define ENABLE_DIGEST 1
| #define ENABLE_DEBUG 1
| #define PROTOTYPES 1
| #define __PROTOTYPES 1
| #define STDC_HEADERS 1
| #define HAVE_SYS_TYPES_H 1
| #define HAVE_SYS_STAT_H 1
| #define HAVE_STDLIB_H 1
| #define HAVE_STRING_H 1
| #define HAVE_MEMORY_H 1
| #define HAVE_STRINGS_H 1
| #define HAVE_INTTYPES_H 1
| #define HAVE_STDINT_H 1
| #define HAVE_UNISTD_H 1
| #define HAVE_SYS_TYPES_H 1
| #define HAVE_SYS_STAT_H 1
| #define HAVE_STRING_H 1
| #define HAVE_STRINGS_H 1
| #define HAVE_STDARG_H 1
| #define HAVE_LIMITS_H 1
| #define HAVE_UNISTD_H 1
| #define HAVE_SYS_TIME_H 1
| #define HAVE_TERMIOS_H 1
| #define HAVE_SYS_IOCTL_H 1
| #define HAVE_SYS_SELECT_H 1
| #define HAVE_UTIME_H 1
| #define HAVE_STDINT_H 1
| #define HAVE_INTTYPES_H 1
| #define HAVE_SIGNAL_H 1
| #define HAVE_SETJMP_H 1
| #define HAVE_PWD_H 1
| #define TIME_WITH_SYS_TIME 1
| #define SIZEOF_SHORT 2
| #define SIZEOF_INT 4
| #define SIZEOF_LONG 4
| #define SIZEOF_LONG_LONG 8
| #define _FILE_OFFSET_BITS 64
| #define SIZEOF_OFF_T 8
| #define HAVE_UINT32_T 1
| #define RETSIGTYPE void
| #define HAVE_SIG_ATOMIC_T 1
| #define HAVE_ALLOCA_H 1
| #define HAVE_ALLOCA 1
| #define HAVE_STDLIB_H 1
| #define HAVE_UNISTD_H 1
| #define HAVE_GETPAGESIZE 1
| #define HAVE_MMAP 1
| #define _LARGEFILE_SOURCE 1
| #define HAVE_FSEEKO 1
| #define HAVE_STRDUP 1
| #define HAVE_STRSTR 1
| #define HAVE_STRCASECMP 1
| #define HAVE_STRNCASECMP 1
| #define HAVE_STRPBRK 1
| #define HAVE_MEMMOVE 1
| #define HAVE_GETTIMEOFDAY 1
| #define HAVE_MKTIME 1
| #define HAVE_STRPTIME 1
| #define HAVE_TIMEGM 1
| #define HAVE_STRERROR 1
| #define HAVE_SNPRINTF 1
| #define HAVE_VSNPRINTF 1
| #define HAVE_USLEEP 1
| #define HAVE_SELECT 1
| #define HAVE_FTELLO 1
| #define HAVE_SIGBLOCK 1
| #define HAVE_SIGNAL 1
| #define HAVE_SYMLINK 1
| #define HAVE_ACCESS 1
| #define HAVE_ISATTY 1
| #define HAVE_STRTOLL 1
| #define HAVE_STRTOIMAX 1
| #define HAVE_STRUCT_UTIMBUF 1
| #define HAVE_WORKING_FNMATCH_H 1
| #define HAVE_NANOSLEEP 1
| #define HAVE_LIBRT 1
| #define HAVE_GETHOSTBYNAME 1
| #define HAVE_INET_NTOA 1
| #define HAVE_LIBDL 1
| /* end confdefs.h.  */
| 
| /* Override any gcc2 internal prototype to avoid an error.  */
| #ifdef __cplusplus
| extern "C"
| #endif
| /* We use char because int might match the return type of a gcc2
|    builtin and then its argument prototype would still apply.  */
| char md5_calc ();
| int
| main ()
| {
| md5_calc ();
|   ;
|   return 0;
| }
configure:10649: result: no
configure:10728: using the GNU MD5 implementation
configure:10776: checking for getaddrinfo
configure:10833: gcc -o conftest  -O2 -Wall -Wno-implicit   conftest.c -ldl -lrt  >&5
configure:10839: $? = 0
configure:10843: test -z 
			 || test ! -s conftest.err
configure:10846: $? = 0
configure:10849: test -s conftest
configure:10852: $? = 0
configure:10864: result: yes
configure:10884: checking for INET6 protocol support
configure:10908: gcc -E  conftest.c
configure:10914: $? = 0
configure:10940: result: yes
configure:10958: checking for struct sockaddr_in6
configure:10987: gcc -c  -O2 -Wall -Wno-implicit  conftest.c >&5
configure:10993: $? = 0
configure:10997: test -z 
			 || test ! -s conftest.err
configure:11000: $? = 0
configure:11003: test -s conftest.o
configure:11006: $? = 0
configure:11017: result: yes
configure:11047: checking for struct sockaddr_storage
configure:11075: gcc -c  -O2 -Wall -Wno-implicit  conftest.c >&5
configure:11081: $? = 0
configure:11085: test -z 
			 || test ! -s conftest.err
configure:11088: $? = 0
configure:11091: test -s conftest.o
configure:11094: $? = 0
configure:11105: result: yes
configure:11122: checking for struct sockaddr_in6.sin6_scope_id
configure:11150: gcc -c  -O2 -Wall -Wno-implicit  conftest.c >&5
configure:11156: $? = 0
configure:11160: test -z 
			 || test ! -s conftest.err
configure:11163: $? = 0
configure:11166: test -s conftest.o
configure:11169: $? = 0
configure:11231: result: yes
configure:11265: Enabling support for IPv6.
configure:11276: checking whether NLS is requested
configure:11285: result: yes
configure:11301: language catalogs: bg ca cs da de el en_GB eo es et eu fi fr ga gl he hr hu it ja nl no pl pt_BR ro ru sk sl sr sv tr uk vi zh_CN zh_TW 
configure:11305: checking for msgfmt
configure:11332: result: /usr/bin/msgfmt
configure:11341: checking for xgettext
configure:11368: result: /usr/bin/xgettext
configure:11378: checking for gmsgfmt
configure:11409: result: /usr/bin/msgfmt
configure:11445: checking locale.h usability
configure:11457: gcc -c  -O2 -Wall -Wno-implicit  conftest.c >&5
configure:11463: $? = 0
configure:11467: test -z 
			 || test ! -s conftest.err
configure:11470: $? = 0
configure:11473: test -s conftest.o
configure:11476: $? = 0
configure:11486: result: yes
configure:11490: checking locale.h presence
configure:11500: gcc -E  conftest.c
configure:11506: $? = 0
configure:11526: result: yes
configure:11561: checking for locale.h
configure:11568: result: yes
configure:11445: checking libintl.h usability
configure:11457: gcc -c  -O2 -Wall -Wno-implicit  conftest.c >&5
configure:11463: $? = 0
configure:11467: test -z 
			 || test ! -s conftest.err
configure:11470: $? = 0
configure:11473: test -s conftest.o
configure:11476: $? = 0
configure:11486: result: yes
configure:11490: checking libintl.h presence
configure:11500: gcc -E  conftest.c
configure:11506: $? = 0
configure:11526: result: yes
configure:11561: checking for libintl.h
configure:11568: result: yes
configure:11583: checking for gettext in -lintl
configure:11613: gcc -o conftest  -O2 -Wall -Wno-implicit   conftest.c -lintl  -ldl -lrt  >&5
/usr/bin/ld: cannot find -lintl
collect2: ld returned 1 exit status
configure:11619: $? = 1
configure: failed program was:
| /* confdefs.h.  */
| 
| #define PACKAGE_NAME ""
| #define PACKAGE_TARNAME ""
| #define PACKAGE_VERSION ""
| #define PACKAGE_STRING ""
| #define PACKAGE_BUGREPORT ""
| #define OS_TYPE "linux-gnu"
| #define ENABLE_OPIE 1
| #define ENABLE_DIGEST 1
| #define ENABLE_DEBUG 1
| #define PROTOTYPES 1
| #define __PROTOTYPES 1
| #define STDC_HEADERS 1
| #define HAVE_SYS_TYPES_H 1
| #define HAVE_SYS_STAT_H 1
| #define HAVE_STDLIB_H 1
| #define HAVE_STRING_H 1
| #define HAVE_MEMORY_H 1
| #define HAVE_STRINGS_H 1
| #define HAVE_INTTYPES_H 1
| #define HAVE_STDINT_H 1
| #define HAVE_UNISTD_H 1
| #define HAVE_SYS_TYPES_H 1
| #define HAVE_SYS_STAT_H 1
| #define HAVE_STRING_H 1
| #define HAVE_STRINGS_H 1
| #define HAVE_STDARG_H 1
| #define HAVE_LIMITS_H 1
| #define HAVE_UNISTD_H 1
| #define HAVE_SYS_TIME_H 1
| #define HAVE_TERMIOS_H 1
| #define HAVE_SYS_IOCTL_H 1
| #define HAVE_SYS_SELECT_H 1
| #define HAVE_UTIME_H 1
| #define HAVE_STDINT_H 1
| #define HAVE_INTTYPES_H 1
| #define HAVE_SIGNAL_H 1
| #define HAVE_SETJMP_H 1
| #define HAVE_PWD_H 1
| #define TIME_WITH_SYS_TIME 1
| #define SIZEOF_SHORT 2
| #define SIZEOF_INT 4
| #define SIZEOF_LONG 4
| #define SIZEOF_LONG_LONG 8
| #define _FILE_OFFSET_BITS 64
| #define SIZEOF_OFF_T 8
| #define HAVE_UINT32_T 1
| #define RETSIGTYPE void
| #define HAVE_SIG_ATOMIC_T 1
| #define HAVE_ALLOCA_H 1
| #define HAVE_ALLOCA 1
| #define HAVE_STDLIB_H 1
| #define HAVE_UNISTD_H 1
| #define HAVE_GETPAGESIZE 1
| #define HAVE_MMAP 1
| #define _LARGEFILE_SOURCE 1
| #define HAVE_FSEEKO 1
| #define HAVE_STRDUP 1
| #define HAVE_STRSTR 1
| #define HAVE_STRCASECMP 1
| #define HAVE_STRNCASECMP 1
| #define HAVE_STRPBRK 1
| #define HAVE_MEMMOVE 1
| #define HAVE_GETTIMEOFDAY 1
| #define HAVE_MKTIME 1
| #define HAVE_STRPTIME 1
| #define HAVE_TIMEGM 1
| #define HAVE_STRERROR 1
| #define HAVE_SNPRINTF 1
| #define HAVE_VSNPRINTF 1
| #define HAVE_USLEEP 1
| #define HAVE_SELECT 1
| #define HAVE_FTELLO 1
| #define HAVE_SIGBLOCK 1
| #define HAVE_SIGNAL 1
| #define HAVE_SYMLINK 1
| #define HAVE_ACCESS 1
| #define HAVE_ISATTY 1
| #define HAVE_STRTOLL 1
| #define HAVE_STRTOIMAX 1
| #define HAVE_STRUCT_UTIMBUF 1
| #define HAVE_WORKING_FNMATCH_H 1
| #define HAVE_NANOSLEEP 1
| #define HAVE_LIBRT 1
| #define HAVE_GETHOSTBYNAME 1
| #define HAVE_INET_NTOA 1
| #define HAVE_LIBDL 1
| #define HAVE_BUILTIN_MD5 1
| #define HAVE_MD5 1
| #define HAVE_GETADDRINFO 1
| #define HAVE_STRUCT_SOCKADDR_IN6 1
| #define HAVE_STRUCT_SOCKADDR_STORAGE 1
| #define HAVE_SOCKADDR_IN6_SCOPE_ID 1
| #define ENABLE_IPV6 1
| #define HAVE_LOCALE_H 1
| #define HAVE_LIBINTL_H 1
| /* end confdefs.h.  */
| 
| /* Override any gcc2 internal prototype to avoid an error.  */
| #ifdef __cplusplus
| extern "C"
| #endif
| /* We use char because int might match the return type of a gcc2
|    builtin and then its argument prototype would still apply.  */
| char gettext ();
| int
| main ()
| {
| gettext ();
|   ;
|   return 0;
| }
configure:11645: result: no
configure:11662: checking for gettext
configure:11719: gcc -o conftest  -O2 -Wall -Wno-implicit   conftest.c -ldl -lrt  >&5
configure:11725: $? = 0
configure:11729: test -z 
			 || test ! -s conftest.err
configure:11732: $? = 0
configure:11735: test -s conftest
configure:11738: $? = 0
configure:11750: result: yes
configure:11803: checking for makeinfo
configure:11819: found /usr/bin/makeinfo
configure:11829: result: makeinfo
configure:11846: checking for perl5
configure:11879: result: no
configure:11846: checking for perl
configure:11864: found /usr/bin/perl
configure:11876: result: /usr/bin/perl
configure:11889: checking for pod2man
configure:11907: found /usr/bin/pod2man
configure:11920: result: /usr/bin/pod2man
configure:12040: creating ./config.status

## ---------------------- ##
## Running config.status. ##
## ---------------------- ##

This file was extended by config.status, which was
generated by GNU Autoconf 2.59.  Invocation command line was

  CONFIG_FILES    = 
  CONFIG_HEADERS  = 
  CONFIG_LINKS    = 
  CONFIG_COMMANDS = 
  $ ./config.status 

on relax_Linux

config.status:700: creating Makefile
config.status:700: creating src/Makefile
config.status:700: creating doc/Makefile
config.status:700: creating util/Makefile
config.status:700: creating po/Makefile.in
config.status:700: creating windows/Makefile
config.status:700: creating stamp-h
config.status:808: creating src/config.h
config.status:1268: executing default commands

## ---------------- ##
## Cache variables. ##
## ---------------- ##

ac_cv_build=i686-pc-linux-gnu
ac_cv_build_alias=i686-pc-linux-gnu
ac_cv_c_bigendian=no
ac_cv_c_compiler_gnu=yes
ac_cv_c_const=yes
ac_cv_c_inline=inline
ac_cv_c_volatile=yes
ac_cv_env_CC_set=
ac_cv_env_CC_value=
ac_cv_env_CFLAGS_set=
ac_cv_env_CFLAGS_value=
ac_cv_env_CPPFLAGS_set=
ac_cv_env_CPPFLAGS_value=
ac_cv_env_CPP_set=
ac_cv_env_CPP_value=
ac_cv_env_LDFLAGS_set=
ac_cv_env_LDFLAGS_value=
ac_cv_env_build_alias_set=
ac_cv_env_build_alias_value=
ac_cv_env_host_alias_set=
ac_cv_env_host_alias_value=
ac_cv_env_target_alias_set=
ac_cv_env_target_alias_value=
ac_cv_exeext=
ac_cv_func_access=yes
ac_cv_func_alloca_works=yes
ac_cv_func_clock_gettime=no
ac_cv_func_fseeko=yes
ac_cv_func_ftello=yes
ac_cv_func_getaddrinfo=yes
ac_cv_func_gethostbyname=yes
ac_cv_func_getopt_long=yes
ac_cv_func_getpagesize=yes
ac_cv_func_gettext=yes
ac_cv_func_gettimeofday=yes
ac_cv_func_inet_ntoa=yes
ac_cv_func_isatty=yes
ac_cv_func_memmove=yes
ac_cv_func_mktime=yes
ac_cv_func_mmap_fixed_mapped=yes
ac_cv_func_nanosleep=yes
ac_cv_func_select=yes
ac_cv_func_sigblock=yes
ac_cv_func_signal=yes
ac_cv_func_sigsetjmp=no
ac_cv_func_snprintf=yes
ac_cv_func_strcasecmp=yes
ac_cv_func_strdup=yes
ac_cv_func_strerror=yes
ac_cv_func_strncasecmp=yes
ac_cv_func_strpbrk=yes
ac_cv_func_strptime=yes
ac_cv_func_strstr=yes
ac_cv_func_strtoimax=yes
ac_cv_func_strtoll=yes
ac_cv_func_symlink=yes
ac_cv_func_timegm=yes
ac_cv_func_usleep=yes
ac_cv_func_vsnprintf=yes
ac_cv_header_inttypes_h=yes
ac_cv_header_libintl_h=yes
ac_cv_header_limits_h=yes
ac_cv_header_locale_h=yes
ac_cv_header_memory_h=yes
ac_cv_header_pwd_h=yes
ac_cv_header_setjmp_h=yes
ac_cv_header_signal_h=yes
ac_cv_header_stdarg_h=yes
ac_cv_header_stdc=yes
ac_cv_header_stdint_h=yes
ac_cv_header_stdlib_h=yes
ac_cv_header_string_h=yes
ac_cv_header_strings_h=yes
ac_cv_header_sys_ioctl_h=yes
ac_cv_header_sys_select_h=yes
ac_cv_header_sys_stat_h=yes
ac_cv_header_sys_time_h=yes
ac_cv_header_sys_types_h=yes
ac_cv_header_sys_utime_h=no
ac_cv_header_termios_h=yes
ac_cv_header_time=yes
ac_cv_header_unistd_h=yes
ac_cv_header_utime_h=yes
ac_cv_host=i686-pc-linux-gnu
ac_cv_host_alias=i686-pc-linux-gnu
ac_cv_lib_dl_dlopen=yes
ac_cv_lib_intl_gettext=no
ac_cv_lib_md5_md5_calc=no
ac_cv_lib_rt_clock_gettime=yes
ac_cv_lib_socket_socket=no
ac_cv_libssl=no
ac_cv_member_struct_sockaddr_in6_sin6_scope_id=yes
ac_cv_objext=o
ac_cv_path_GMSGFMT=/usr/bin/msgfmt
ac_cv_path_MSGFMT=/usr/bin/msgfmt
ac_cv_path_PERL=/usr/bin/perl
ac_cv_path_POD2MAN=/usr/bin/pod2man
ac_cv_path_XGETTEXT=/usr/bin/xgettext
ac_cv_path_install='/usr/bin/install -c'
ac_cv_prog_CPP='gcc -E'
ac_cv_prog_MAKEINFO=makeinfo
ac_cv_prog_ac_ct_CC=gcc
ac_cv_prog_cc_g=yes
ac_cv_prog_cc_stdc=
ac_cv_prog_egrep='grep -E'
ac_cv_prog_make_make_set=yes
ac_cv_sizeof_int=4
ac_cv_sizeof_long=4
ac_cv_sizeof_long_long=8
ac_cv_sizeof_off_t=8
ac_cv_sizeof_short=2
ac_cv_sys_file_offset_bits=64
ac_cv_sys_large_files=no
ac_cv_sys_largefile_CC=no
ac_cv_sys_largefile_source=1
ac_cv_type_int=yes
ac_cv_type_long=yes
ac_cv_type_long_long=yes
ac_cv_type_off_t=yes
ac_cv_type_pid_t=yes
ac_cv_type_short=yes
ac_cv_type_sig_atomic_t=yes
ac_cv_type_signal=void
ac_cv_type_size_t=yes
ac_cv_type_struct_sockaddr_in6=yes
ac_cv_type_struct_sockaddr_storage=yes
ac_cv_type_struct_utimbuf=yes
ac_cv_type_uint32_t=yes
ac_cv_working_alloca_h=yes
acl_cv_hardcode_direct=no
acl_cv_hardcode_libdir_flag_spec='${wl}-rpath ${wl}$libdir'
acl_cv_hardcode_libdir_separator=
acl_cv_hardcode_minus_L=no
acl_cv_libext=a
acl_cv_path_LD=/usr/bin/ld
acl_cv_prog_gnu_ld=yes
acl_cv_rpath=done
acl_cv_shlibext=so
acl_cv_wl=-Wl,
am_cv_prog_cc_stdc=
wget_cv_proto_inet6=yes

## ----------------- ##
## Output variables. ##
## ----------------- ##

ALLOCA=''
ANSI2KNR=''
CATALOGS=' bg.gmo ca.gmo cs.gmo da.gmo de.gmo el.gmo en_GB.gmo eo.gmo es.gmo et.gmo eu.gmo fi.gmo fr.gmo ga.gmo gl.gmo he.gmo hr.gmo hu.gmo it.gmo ja.gmo nl.gmo no.gmo pl.gmo pt_BR.gmo ro.gmo ru.gmo sk.gmo sl.gmo sr.gmo sv.gmo tr.gmo uk.gmo vi.gmo zh_CN.gmo zh_TW.gmo'
CATOBJEXT='.gmo'
CC='gcc'
CFLAGS=' -O2 -Wall -Wno-implicit'
COMMENT_IF_NO_POD2MAN=''
CPP='gcc -E'
CPPFLAGS=''
DATADIRNAME='share'
DEFS='-DHAVE_CONFIG_H'
ECHO_C=''
ECHO_N='-n'
ECHO_T=''
EGREP='grep -E'
EXEEXT=''
GETOPT_OBJ=''
GMOFILES=' bg.gmo ca.gmo cs.gmo da.gmo de.gmo el.gmo en_GB.gmo eo.gmo es.gmo et.gmo eu.gmo fi.gmo fr.gmo ga.gmo gl.gmo he.gmo hr.gmo hu.gmo it.gmo ja.gmo nl.gmo no.gmo pl.gmo pt_BR.gmo ro.gmo ru.gmo sk.gmo sl.gmo sr.gmo sv.gmo tr.gmo uk.gmo vi.gmo zh_CN.gmo zh_TW.gmo'
GMSGFMT='/usr/bin/msgfmt'
HAVE_LIBSSL='no'
HAVE_NLS='yes'
INSTALL_DATA='${INSTALL} -m 644'
INSTALL_PROGRAM='${INSTALL}'
INSTALL_SCRIPT='${INSTALL}'
INSTOBJEXT='.mo'
INTLLIBS=''
LDFLAGS=''
LIBOBJS=''
LIBS='-ldl -lrt '
LIBSSL=''
LTLIBOBJS=''
LTLIBSSL=''
MAKEINFO='makeinfo'
MD5_OBJ='gen-md5$o gnu-md5$o'
MSGFMT='/usr/bin/msgfmt'
NTLM_OBJ=''
OBJEXT='o'
OPIE_OBJ='ftp-opie$o'
PACKAGE='wget'
PACKAGE_BUGREPORT=''
PACKAGE_NAME=''
PACKAGE_STRING=''
PACKAGE_TARNAME=''
PACKAGE_VERSION=''
PATH_SEPARATOR=':'
PERL='/usr/bin/perl'
POD2MAN='/usr/bin/pod2man'
POFILES=' bg.po ca.po cs.po da.po de.po el.po en_GB.po eo.po es.po et.po eu.po fi.po fr.po ga.po gl.po he.po hr.po hu.po it.po ja.po nl.po no.po pl.po pt_BR.po ro.po ru.po sk.po sl.po sr.po sv.po tr.po uk.po vi.po zh_CN.po zh_TW.po'
SET_MAKE=''
SHELL='/bin/sh'
SSL_OBJ=''
U=''
USE_NLS='yes'
VERSION='1.10.2'
XGETTEXT='/usr/bin/xgettext'
ac_ct_CC='gcc'
bindir='${exec_prefix}/bin'
build='i686-pc-linux-gnu'
build_alias=''
build_cpu='i686'
build_os='linux-gnu'
build_vendor='pc'
datadir='${prefix}/share'
exec_prefix='${prefix}'
exeext=''
host='i686-pc-linux-gnu'
host_alias=''
host_cpu='i686'
host_os='linux-gnu'
host_vendor='pc'
includedir='${prefix}/include'
infodir='${prefix}/info'
libdir='${exec_prefix}/lib'
libexecdir='${exec_prefix}/libexec'
localstatedir='${prefix}/var'
mandir='${prefix}/man'
oldincludedir='/usr/include'
prefix='/usr/local'
program_transform_name='s,x,x,'
sbindir='${exec_prefix}/sbin'
sharedstatedir='${prefix}/com'
sysconfdir='${prefix}/etc'
target_alias=''

## ----------- ##
## confdefs.h. ##
## ----------- ##

#define ENABLE_DEBUG 1
#define ENABLE_DIGEST 1
#define ENABLE_IPV6 1
#define ENABLE_OPIE 1
#define HAVE_ACCESS 1
#define HAVE_ALLOCA 1
#define HAVE_ALLOCA_H 1
#define HAVE_BUILTIN_MD5 1
#define HAVE_FSEEKO 1
#define HAVE_FTELLO 1
#define HAVE_GETADDRINFO 1
#define HAVE_GETHOSTBYNAME 1
#define HAVE_GETPAGESIZE 1
#define HAVE_GETTEXT 1
#define HAVE_GETTIMEOFDAY 1
#define HAVE_INET_NTOA 1
#define HAVE_INTTYPES_H 1
#define HAVE_INTTYPES_H 1
#define HAVE_ISATTY 1
#define HAVE_LIBDL 1
#define HAVE_LIBINTL_H 1
#define HAVE_LIBRT 1
#define HAVE_LIMITS_H 1
#define HAVE_LOCALE_H 1
#define HAVE_MD5 1
#define HAVE_MEMMOVE 1
#define HAVE_MEMORY_H 1
#define HAVE_MKTIME 1
#define HAVE_MMAP 1
#define HAVE_NANOSLEEP 1
#define HAVE_NLS 1
#define HAVE_PWD_H 1
#define HAVE_SELECT 1
#define HAVE_SETJMP_H 1
#define HAVE_SIGBLOCK 1
#define HAVE_SIGNAL 1
#define HAVE_SIGNAL_H 1
#define HAVE_SIG_ATOMIC_T 1
#define HAVE_SNPRINTF 1
#define HAVE_SOCKADDR_IN6_SCOPE_ID 1
#define HAVE_STDARG_H 1
#define HAVE_STDINT_H 1
#define HAVE_STDINT_H 1
#define HAVE_STDLIB_H 1
#define HAVE_STDLIB_H 1
#define HAVE_STRCASECMP 1
#define HAVE_STRDUP 1
#define HAVE_STRERROR 1
#define HAVE_STRINGS_H 1
#define HAVE_STRINGS_H 1
#define HAVE_STRING_H 1
#define HAVE_STRING_H 1
#define HAVE_STRNCASECMP 1
#define HAVE_STRPBRK 1
#define HAVE_STRPTIME 1
#define HAVE_STRSTR 1
#define HAVE_STRTOIMAX 1
#define HAVE_STRTOLL 1
#define HAVE_STRUCT_SOCKADDR_IN6 1
#define HAVE_STRUCT_SOCKADDR_STORAGE 1
#define HAVE_STRUCT_UTIMBUF 1
#define HAVE_SYMLINK 1
#define HAVE_SYS_IOCTL_H 1
#define HAVE_SYS_SELECT_H 1
#define HAVE_SYS_STAT_H 1
#define HAVE_SYS_STAT_H 1
#define HAVE_SYS_TIME_H 1
#define HAVE_SYS_TYPES_H 1
#define HAVE_SYS_TYPES_H 1
#define HAVE_TERMIOS_H 1
#define HAVE_TIMEGM 1
#define HAVE_UINT32_T 1
#define HAVE_UNISTD_H 1
#define HAVE_UNISTD_H 1
#define HAVE_UNISTD_H 1
#define HAVE_USLEEP 1
#define HAVE_UTIME_H 1
#define HAVE_VSNPRINTF 1
#define HAVE_WORKING_FNMATCH_H 1
#define OS_TYPE "linux-gnu"
#define PACKAGE_BUGREPORT ""
#define PACKAGE_NAME ""
#define PACKAGE_STRING ""
#define PACKAGE_TARNAME ""
#define PACKAGE_VERSION ""
#define PROTOTYPES 1
#define RETSIGTYPE void
#define SIZEOF_INT 4
#define SIZEOF_LONG 4
#define SIZEOF_LONG_LONG 8
#define SIZEOF_OFF_T 8
#define SIZEOF_SHORT 2
#define STDC_HEADERS 1
#define TIME_WITH_SYS_TIME 1
#define _FILE_OFFSET_BITS 64
#define _LARGEFILE_SOURCE 1
#define __PROTOTYPES 1

configure: exit 0

## ---------------------- ##
## Running config.status. ##
## ---------------------- ##

This file was extended by config.status, which was
generated by GNU Autoconf 2.59.  Invocation command line was

  CONFIG_FILES    = src/Makefile
  CONFIG_HEADERS  = 
  CONFIG_LINKS    = 
  CONFIG_COMMANDS = 
  $ ./config.status 

on Shearer-X60

config.status:700: creating src/Makefile
config.status:1268: executing default commands

## ---------------------- ##
## Running config.status. ##
## ---------------------- ##

This file was extended by config.status, which was
generated by GNU Autoconf 2.59.  Invocation command line was

  CONFIG_FILES    = src/Makefile
  CONFIG_HEADERS  = 
  CONFIG_LINKS    = 
  CONFIG_COMMANDS = 
  $ ./config.status 

on Shearer-X60

config.status:700: creating src/Makefile
config.status:1268: executing default commands

## ---------------------- ##
## Running config.status. ##
## ---------------------- ##

This file was extended by config.status, which was
generated by GNU Autoconf 2.59.  Invocation command line was

  CONFIG_FILES    = src/Makefile
  CONFIG_HEADERS  = 
  CONFIG_LINKS    = 
  CONFIG_COMMANDS = 
  $ ./config.status 

on Shearer-X60

config.status:700: creating src/Makefile
config.status:1268: executing default commands

## ---------------------- ##
## Running config.status. ##
## ---------------------- ##

This file was extended by config.status, which was
generated by GNU Autoconf 2.59.  Invocation command line was

  CONFIG_FILES    = po/Makefile.in
  CONFIG_HEADERS  = 
  CONFIG_LINKS    = 
  CONFIG_COMMANDS = 
  $ ./config.status 

on Shearer-X60

config.status:700: creating po/Makefile.in
config.status:1268: executing default commands

## ---------------------- ##
## Running config.status. ##
## ---------------------- ##

This file was extended by config.status, which was
generated by GNU Autoconf 2.59.  Invocation command line was

  CONFIG_FILES    = po/Makefile.in
  CONFIG_HEADERS  = 
  CONFIG_LINKS    = 
  CONFIG_COMMANDS = 
  $ ./config.status 

on Shearer-X60

config.status:700: creating po/Makefile.in
config.status:1268: executing default commands

## ---------------------- ##
## Running config.status. ##
## ---------------------- ##

This file was extended by config.status, which was
generated by GNU Autoconf 2.59.  Invocation command line was

  CONFIG_FILES    = po/Makefile.in
  CONFIG_HEADERS  = 
  CONFIG_LINKS    = 
  CONFIG_COMMANDS = 
  $ ./config.status 

on Shearer-X60

config.status:700: creating po/Makefile.in
config.status:1268: executing default commands

## ---------------------- ##
## Running config.status. ##
## ---------------------- ##

This file was extended by config.status, which was
generated by GNU Autoconf 2.59.  Invocation command line was

  CONFIG_FILES    = src/Makefile
  CONFIG_HEADERS  = 
  CONFIG_LINKS    = 
  CONFIG_COMMANDS = 
  $ ./config.status 

on Shearer-X60

config.status:700: creating src/Makefile
config.status:1268: executing default commands

## ---------------------- ##
## Running config.status. ##
## ---------------------- ##

This file was extended by config.status, which was
generated by GNU Autoconf 2.59.  Invocation command line was

  CONFIG_FILES    = src/Makefile
  CONFIG_HEADERS  = 
  CONFIG_LINKS    = 
  CONFIG_COMMANDS = 
  $ ./config.status 

on Shearer-X60

config.status:700: creating src/Makefile
config.status:1268: executing default commands

## ---------------------- ##
## Running config.status. ##
## ---------------------- ##

This file was extended by config.status, which was
generated by GNU Autoconf 2.59.  Invocation command line was

  CONFIG_FILES    = src/Makefile
  CONFIG_HEADERS  = 
  CONFIG_LINKS    = 
  CONFIG_COMMANDS = 
  $ ./config.status 

on Shearer-X60

config.status:700: creating src/Makefile
config.status:1268: executing default commands

## ---------------------- ##
## Running config.status. ##
## ---------------------- ##

This file was extended by config.status, which was
generated by GNU Autoconf 2.59.  Invocation command line was

  CONFIG_FILES    = po/Makefile.in
  CONFIG_HEADERS  = 
  CONFIG_LINKS    = 
  CONFIG_COMMANDS = 
  $ ./config.status 

on Shearer-X60

config.status:700: creating po/Makefile.in
config.status:1268: executing default commands

## ---------------------- ##
## Running config.status. ##
## ---------------------- ##

This file was extended by config.status, which was
generated by GNU Autoconf 2.59.  Invocation command line was

  CONFIG_FILES    = po/Makefile.in
  CONFIG_HEADERS  = 
  CONFIG_LINKS    = 
  CONFIG_COMMANDS = 
  $ ./config.status 

on Shearer-X60

config.status:700: creating po/Makefile.in
config.status:1268: executing default commands

## ---------------------- ##
## Running config.status. ##
## ---------------------- ##

This file was extended by config.status, which was
generated by GNU Autoconf 2.59.  Invocation command line was

  CONFIG_FILES    = src/Makefile
  CONFIG_HEADERS  = 
  CONFIG_LINKS    = 
  CONFIG_COMMANDS = 
  $ ./config.status 

on Shearer-X60

config.status:700: creating src/Makefile
config.status:1268: executing default commands

## ---------------------- ##
## Running config.status. ##
## ---------------------- ##

This file was extended by config.status, which was
generated by GNU Autoconf 2.59.  Invocation command line was

  CONFIG_FILES    = src/Makefile
  CONFIG_HEADERS  = 
  CONFIG_LINKS    = 
  CONFIG_COMMANDS = 
  $ ./config.status 

on Shearer-X60

config.status:700: creating src/Makefile
config.status:1268: executing default commands

## ---------------------- ##
## Running config.status. ##
## ---------------------- ##

This file was extended by config.status, which was
generated by GNU Autoconf 2.59.  Invocation command line was

  CONFIG_FILES    = src/Makefile
  CONFIG_HEADERS  = 
  CONFIG_LINKS    = 
  CONFIG_COMMANDS = 
  $ ./config.status 

on Shearer-X60

config.status:700: creating src/Makefile
config.status:1268: executing default commands

## ---------------------- ##
## Running config.status. ##
## ---------------------- ##

This file was extended by config.status, which was
generated by GNU Autoconf 2.59.  Invocation command line was

  CONFIG_FILES    = doc/Makefile
  CONFIG_HEADERS  = 
  CONFIG_LINKS    = 
  CONFIG_COMMANDS = 
  $ ./config.status 

on ubuntu

config.status:700: creating doc/Makefile
config.status:1268: executing default commands
